#
# There is insufficient memory for the Java Runtime Environment to continue.
# Native memory allocation (malloc) failed to allocate 1077840 bytes for Chunk::new
# Possible reasons:
#   The system is out of physical RAM or swap space
#   The process is running with CompressedOops enabled, and the Java Heap may be blocking the growth of the native heap
# Possible solutions:
#   Reduce memory load on the system
#   Increase physical memory or swap space
#   Check if swap backing store is full
#   Decrease Java heap size (-Xmx/-Xms)
#   Decrease number of Java threads
#   Decrease Java thread stack sizes (-Xss)
#   Set larger code cache with -XX:ReservedCodeCacheSize=
#   JVM is running with Unscaled Compressed Oops mode in which the Java heap is
#     placed in the first 4GB address space. The Java Heap base address is the
#     maximum limit for the native heap growth. Please use -XX:HeapBaseMinAddress
#     to set the Java Heap base and to place the Java Heap above 4GB virtual address.
# This output file may be truncated or incomplete.
#
#  Out of Memory Error (arena.cpp:189), pid=28404, tid=1488
#
# JRE version: Java(TM) SE Runtime Environment (17.0.12+8) (build 17.0.12+8-LTS-286)
# Java VM: Java HotSpot(TM) 64-Bit Server VM (17.0.12+8-LTS-286, mixed mode, sharing, tiered, compressed oops, compressed class ptrs, g1 gc, windows-amd64)
# No core dump will be written. Minidumps are not enabled by default on client versions of Windows
#

---------------  S U M M A R Y ------------

Command Line: -Xmx64m -Xms64m -Dorg.gradle.appname=gradlew org.gradle.wrapper.GradleWrapperMain app:installDebug -PreactNativeDevServerPort=8081

Host: 12th Gen Intel(R) Core(TM) i5-1240P, 16 cores, 15G,  Windows 11 , 64 bit Build 22621 (10.0.22621.3958)
Time: Fri Aug 30 22:56:32 2024 India Standard Time elapsed time: 219.283613 seconds (0d 0h 3m 39s)

---------------  T H R E A D  ---------------

Current thread (0x0000020bfe2b2200):  JavaThread "C2 CompilerThread0" daemon [_thread_in_native, id=1488, stack(0x0000007fcd200000,0x0000007fcd300000)]


Current CompileTask:
C2: 219283 1897       4       org.gradle.internal.logging.console.BuildStatusRenderer::onOutput (350 bytes)

Stack: [0x0000007fcd200000,0x0000007fcd300000]
Native frames: (J=compiled Java code, j=interpreted, Vv=VM code, C=native code)
V  [jvm.dll+0x67a04a]
V  [jvm.dll+0x7da4ed]
V  [jvm.dll+0x7dbe33]
V  [jvm.dll+0x7dc4a3]
V  [jvm.dll+0x24508f]
V  [jvm.dll+0xab773]
V  [jvm.dll+0xabd3c]
V  [jvm.dll+0x361bee]
V  [jvm.dll+0x1ba64a]
V  [jvm.dll+0x216997]
V  [jvm.dll+0x215c6f]
V  [jvm.dll+0x1a2960]
V  [jvm.dll+0x22610b]
V  [jvm.dll+0x2242ab]
V  [jvm.dll+0x79075c]
V  [jvm.dll+0x78abea]
V  [jvm.dll+0x678f35]
C  [ucrtbase.dll+0x29333]
C  [KERNEL32.DLL+0x1257d]
C  [ntdll.dll+0x5af28]


---------------  P R O C E S S  ---------------

Threads class SMR info:
_java_thread_list=0x0000020bc585e0f0, length=15, elements={
0x0000020be20c7860, 0x0000020be2188250, 0x0000020be2188bf0, 0x0000020bfe2a9670,
0x0000020bfe2abf60, 0x0000020bfe2ad450, 0x0000020bfe2b1940, 0x0000020bfe2b2200,
0x0000020bfe2b67f0, 0x0000020bfe2b8d20, 0x0000020bfe5f04c0, 0x0000020bfe5f7270,
0x0000020bc5152940, 0x0000020bc5a15650, 0x0000020bc5138050
}

Java Threads: ( => current thread )
  0x0000020be20c7860 JavaThread "main" [_thread_in_native, id=24424, stack(0x0000007fcc500000,0x0000007fcc600000)]
  0x0000020be2188250 JavaThread "Reference Handler" daemon [_thread_blocked, id=21824, stack(0x0000007fccc00000,0x0000007fccd00000)]
  0x0000020be2188bf0 JavaThread "Finalizer" daemon [_thread_blocked, id=13524, stack(0x0000007fccd00000,0x0000007fcce00000)]
  0x0000020bfe2a9670 JavaThread "Signal Dispatcher" daemon [_thread_blocked, id=15612, stack(0x0000007fcce00000,0x0000007fccf00000)]
  0x0000020bfe2abf60 JavaThread "Attach Listener" daemon [_thread_blocked, id=14212, stack(0x0000007fccf00000,0x0000007fcd000000)]
  0x0000020bfe2ad450 JavaThread "Service Thread" daemon [_thread_blocked, id=23760, stack(0x0000007fcd000000,0x0000007fcd100000)]
  0x0000020bfe2b1940 JavaThread "Monitor Deflation Thread" daemon [_thread_blocked, id=3832, stack(0x0000007fcd100000,0x0000007fcd200000)]
=>0x0000020bfe2b2200 JavaThread "C2 CompilerThread0" daemon [_thread_in_native, id=1488, stack(0x0000007fcd200000,0x0000007fcd300000)]
  0x0000020bfe2b67f0 JavaThread "C1 CompilerThread0" daemon [_thread_blocked, id=17396, stack(0x0000007fcd300000,0x0000007fcd400000)]
  0x0000020bfe2b8d20 JavaThread "Sweeper thread" daemon [_thread_blocked, id=1320, stack(0x0000007fcd400000,0x0000007fcd500000)]
  0x0000020bfe5f04c0 JavaThread "Notification Thread" daemon [_thread_blocked, id=18204, stack(0x0000007fcd800000,0x0000007fcd900000)]
  0x0000020bfe5f7270 JavaThread "Common-Cleaner" daemon [_thread_blocked, id=8260, stack(0x0000007fcda00000,0x0000007fcdb00000)]
  0x0000020bc5152940 JavaThread "pool-1-thread-1" [_thread_blocked, id=27996, stack(0x0000007fce200000,0x0000007fce300000)]
  0x0000020bc5a15650 JavaThread "DisconnectableInputStream source reader" daemon [_thread_in_native, id=9164, stack(0x0000007fcdd00000,0x0000007fcde00000)]
  0x0000020bc5138050 JavaThread "Forward input" [_thread_blocked, id=2284, stack(0x0000007fce400000,0x0000007fce500000)]

Other Threads:
  0x0000020be2180820 VMThread "VM Thread" [stack: 0x0000007fccb00000,0x0000007fccc00000] [id=18420]
  0x0000020bfe5f6c20 WatcherThread [stack: 0x0000007fcd900000,0x0000007fcda00000] [id=9596]
  0x0000020be20e9d30 GCTaskThread "GC Thread#0" [stack: 0x0000007fcc600000,0x0000007fcc700000] [id=29084]
  0x0000020bff077cc0 GCTaskThread "GC Thread#1" [stack: 0x0000007fcde00000,0x0000007fcdf00000] [id=22660]
  0x0000020bff04b220 GCTaskThread "GC Thread#2" [stack: 0x0000007fcdf00000,0x0000007fce000000] [id=21412]
  0x0000020bc55300f0 GCTaskThread "GC Thread#3" [stack: 0x0000007fce000000,0x0000007fce100000] [id=8540]
  0x0000020bc5a24b10 GCTaskThread "GC Thread#4" [stack: 0x0000007fce100000,0x0000007fce200000] [id=17784]
  0x0000020bc585e430 GCTaskThread "GC Thread#5" [stack: 0x0000007fcc200000,0x0000007fcc300000] [id=21588]
  0x0000020bfe5ef1d0 GCTaskThread "GC Thread#6" [stack: 0x0000007fcc300000,0x0000007fcc400000] [id=18352]
  0x0000020bfe5ed450 GCTaskThread "GC Thread#7" [stack: 0x0000007fcc400000,0x0000007fcc500000] [id=10624]
  0x0000020be20eb390 ConcurrentGCThread "G1 Main Marker" [stack: 0x0000007fcc700000,0x0000007fcc800000] [id=2708]
  0x0000020be20ed0c0 ConcurrentGCThread "G1 Conc#0" [stack: 0x0000007fcc800000,0x0000007fcc900000] [id=26480]
  0x0000020be2164980 ConcurrentGCThread "G1 Refine#0" [stack: 0x0000007fcc900000,0x0000007fcca00000] [id=14316]
  0x0000020be2164ed0 ConcurrentGCThread "G1 Service" [stack: 0x0000007fcca00000,0x0000007fccb00000] [id=21520]

Threads with active compile tasks:
C2 CompilerThread0   219304 1897       4       org.gradle.internal.logging.console.BuildStatusRenderer::onOutput (350 bytes)

VM state: not at safepoint (normal execution)

VM Mutex/Monitor currently owned by a thread: None

Heap address: 0x00000000fc000000, size: 64 MB, Compressed Oops mode: 32-bit

CDS archive(s) mapped at: [0x0000020b80000000-0x0000020b80bd0000-0x0000020b80bd0000), size 12386304, SharedBaseAddress: 0x0000020b80000000, ArchiveRelocationMode: 1.
Compressed class space mapped at: 0x0000020b81000000-0x0000020bc1000000, reserved size: 1073741824
Narrow klass base: 0x0000020b80000000, Narrow klass shift: 0, Narrow klass range: 0x100000000

GC Precious Log:
 CPUs: 16 total, 16 available
 Memory: 16068M
 Large Page Support: Disabled
 NUMA Support: Disabled
 Compressed Oops: Enabled (32-bit)
 Heap Region Size: 1M
 Heap Min Capacity: 64M
 Heap Initial Capacity: 64M
 Heap Max Capacity: 64M
 Pre-touch: Disabled
 Parallel Workers: 13
 Concurrent Workers: 3
 Concurrent Refinement Workers: 13
 Periodic GC: Disabled

Heap:
 garbage-first heap   total 65536K, used 16509K [0x00000000fc000000, 0x0000000100000000)
  region size 1024K, 7 young (7168K), 2 survivors (2048K)
 Metaspace       used 9707K, committed 9920K, reserved 1114112K
  class space    used 1258K, committed 1344K, reserved 1048576K

Heap Regions: E=young(eden), S=young(survivor), O=old, HS=humongous(starts), HC=humongous(continues), CS=collection set, F=free, OA=open archive, CA=closed archive, TAMS=top-at-mark-start (previous, next)
|   0|0x00000000fc000000, 0x00000000fc100000, 0x00000000fc100000|100%|HS|  |TAMS 0x00000000fc000000, 0x00000000fc000000| Complete 
|   1|0x00000000fc100000, 0x00000000fc200000, 0x00000000fc200000|100%|HC|  |TAMS 0x00000000fc100000, 0x00000000fc100000| Complete 
|   2|0x00000000fc200000, 0x00000000fc300000, 0x00000000fc300000|100%|HC|  |TAMS 0x00000000fc200000, 0x00000000fc200000| Complete 
|   3|0x00000000fc300000, 0x00000000fc400000, 0x00000000fc400000|100%|HC|  |TAMS 0x00000000fc300000, 0x00000000fc300000| Complete 
|   4|0x00000000fc400000, 0x00000000fc500000, 0x00000000fc500000|100%| O|  |TAMS 0x00000000fc400000, 0x00000000fc400000| Untracked 
|   5|0x00000000fc500000, 0x00000000fc600000, 0x00000000fc600000|100%| O|  |TAMS 0x00000000fc500000, 0x00000000fc500000| Untracked 
|   6|0x00000000fc600000, 0x00000000fc700000, 0x00000000fc700000|100%| O|  |TAMS 0x00000000fc600000, 0x00000000fc600000| Untracked 
|   7|0x00000000fc700000, 0x00000000fc800000, 0x00000000fc800000|100%| O|  |TAMS 0x00000000fc700000, 0x00000000fc700000| Untracked 
|   8|0x00000000fc800000, 0x00000000fc900000, 0x00000000fc900000|100%| O|  |TAMS 0x00000000fc800000, 0x00000000fc800000| Untracked 
|   9|0x00000000fc900000, 0x00000000fca00000, 0x00000000fca00000|100%| O|  |TAMS 0x00000000fc900000, 0x00000000fc900000| Untracked 
|  10|0x00000000fca00000, 0x00000000fca86a00, 0x00000000fcb00000| 52%| O|  |TAMS 0x00000000fca00000, 0x00000000fca00000| Untracked 
|  11|0x00000000fcb00000, 0x00000000fcb00000, 0x00000000fcc00000|  0%| F|  |TAMS 0x00000000fcb00000, 0x00000000fcb00000| Untracked 
|  12|0x00000000fcc00000, 0x00000000fcc00000, 0x00000000fcd00000|  0%| F|  |TAMS 0x00000000fcc00000, 0x00000000fcc00000| Untracked 
|  13|0x00000000fcd00000, 0x00000000fcd00000, 0x00000000fce00000|  0%| F|  |TAMS 0x00000000fcd00000, 0x00000000fcd00000| Untracked 
|  14|0x00000000fce00000, 0x00000000fce00000, 0x00000000fcf00000|  0%| F|  |TAMS 0x00000000fce00000, 0x00000000fce00000| Untracked 
|  15|0x00000000fcf00000, 0x00000000fcf00000, 0x00000000fd000000|  0%| F|  |TAMS 0x00000000fcf00000, 0x00000000fcf00000| Untracked 
|  16|0x00000000fd000000, 0x00000000fd000000, 0x00000000fd100000|  0%| F|  |TAMS 0x00000000fd000000, 0x00000000fd000000| Untracked 
|  17|0x00000000fd100000, 0x00000000fd100000, 0x00000000fd200000|  0%| F|  |TAMS 0x00000000fd100000, 0x00000000fd100000| Untracked 
|  18|0x00000000fd200000, 0x00000000fd200000, 0x00000000fd300000|  0%| F|  |TAMS 0x00000000fd200000, 0x00000000fd200000| Untracked 
|  19|0x00000000fd300000, 0x00000000fd300000, 0x00000000fd400000|  0%| F|  |TAMS 0x00000000fd300000, 0x00000000fd300000| Untracked 
|  20|0x00000000fd400000, 0x00000000fd400000, 0x00000000fd500000|  0%| F|  |TAMS 0x00000000fd400000, 0x00000000fd400000| Untracked 
|  21|0x00000000fd500000, 0x00000000fd500000, 0x00000000fd600000|  0%| F|  |TAMS 0x00000000fd500000, 0x00000000fd500000| Untracked 
|  22|0x00000000fd600000, 0x00000000fd600000, 0x00000000fd700000|  0%| F|  |TAMS 0x00000000fd600000, 0x00000000fd600000| Untracked 
|  23|0x00000000fd700000, 0x00000000fd700000, 0x00000000fd800000|  0%| F|  |TAMS 0x00000000fd700000, 0x00000000fd700000| Untracked 
|  24|0x00000000fd800000, 0x00000000fd800000, 0x00000000fd900000|  0%| F|  |TAMS 0x00000000fd800000, 0x00000000fd800000| Untracked 
|  25|0x00000000fd900000, 0x00000000fd900000, 0x00000000fda00000|  0%| F|  |TAMS 0x00000000fd900000, 0x00000000fd900000| Untracked 
|  26|0x00000000fda00000, 0x00000000fda00000, 0x00000000fdb00000|  0%| F|  |TAMS 0x00000000fda00000, 0x00000000fda00000| Untracked 
|  27|0x00000000fdb00000, 0x00000000fdb00000, 0x00000000fdc00000|  0%| F|  |TAMS 0x00000000fdb00000, 0x00000000fdb00000| Untracked 
|  28|0x00000000fdc00000, 0x00000000fdc00000, 0x00000000fdd00000|  0%| F|  |TAMS 0x00000000fdc00000, 0x00000000fdc00000| Untracked 
|  29|0x00000000fdd00000, 0x00000000fdd00000, 0x00000000fde00000|  0%| F|  |TAMS 0x00000000fdd00000, 0x00000000fdd00000| Untracked 
|  30|0x00000000fde00000, 0x00000000fde00000, 0x00000000fdf00000|  0%| F|  |TAMS 0x00000000fde00000, 0x00000000fde00000| Untracked 
|  31|0x00000000fdf00000, 0x00000000fdf00000, 0x00000000fe000000|  0%| F|  |TAMS 0x00000000fdf00000, 0x00000000fdf00000| Untracked 
|  32|0x00000000fe000000, 0x00000000fe000000, 0x00000000fe100000|  0%| F|  |TAMS 0x00000000fe000000, 0x00000000fe000000| Untracked 
|  33|0x00000000fe100000, 0x00000000fe100000, 0x00000000fe200000|  0%| F|  |TAMS 0x00000000fe100000, 0x00000000fe100000| Untracked 
|  34|0x00000000fe200000, 0x00000000fe200000, 0x00000000fe300000|  0%| F|  |TAMS 0x00000000fe200000, 0x00000000fe200000| Untracked 
|  35|0x00000000fe300000, 0x00000000fe300000, 0x00000000fe400000|  0%| F|  |TAMS 0x00000000fe300000, 0x00000000fe300000| Untracked 
|  36|0x00000000fe400000, 0x00000000fe400000, 0x00000000fe500000|  0%| F|  |TAMS 0x00000000fe400000, 0x00000000fe400000| Untracked 
|  37|0x00000000fe500000, 0x00000000fe598c10, 0x00000000fe600000| 59%| S|CS|TAMS 0x00000000fe500000, 0x00000000fe500000| Complete 
|  38|0x00000000fe600000, 0x00000000fe600000, 0x00000000fe700000|  0%| F|  |TAMS 0x00000000fe600000, 0x00000000fe600000| Untracked 
|  39|0x00000000fe700000, 0x00000000fe700000, 0x00000000fe800000|  0%| F|  |TAMS 0x00000000fe700000, 0x00000000fe700000| Untracked 
|  40|0x00000000fe800000, 0x00000000fe800000, 0x00000000fe900000|  0%| F|  |TAMS 0x00000000fe800000, 0x00000000fe800000| Untracked 
|  41|0x00000000fe900000, 0x00000000fea00000, 0x00000000fea00000|100%| S|CS|TAMS 0x00000000fe900000, 0x00000000fe900000| Complete 
|  42|0x00000000fea00000, 0x00000000fea00000, 0x00000000feb00000|  0%| F|  |TAMS 0x00000000fea00000, 0x00000000fea00000| Untracked 
|  43|0x00000000feb00000, 0x00000000feb00000, 0x00000000fec00000|  0%| F|  |TAMS 0x00000000feb00000, 0x00000000feb00000| Untracked 
|  44|0x00000000fec00000, 0x00000000fec00000, 0x00000000fed00000|  0%| F|  |TAMS 0x00000000fec00000, 0x00000000fec00000| Untracked 
|  45|0x00000000fed00000, 0x00000000fed00000, 0x00000000fee00000|  0%| F|  |TAMS 0x00000000fed00000, 0x00000000fed00000| Untracked 
|  46|0x00000000fee00000, 0x00000000fee00000, 0x00000000fef00000|  0%| F|  |TAMS 0x00000000fee00000, 0x00000000fee00000| Untracked 
|  47|0x00000000fef00000, 0x00000000fef00000, 0x00000000ff000000|  0%| F|  |TAMS 0x00000000fef00000, 0x00000000fef00000| Untracked 
|  48|0x00000000ff000000, 0x00000000ff000000, 0x00000000ff100000|  0%| F|  |TAMS 0x00000000ff000000, 0x00000000ff000000| Untracked 
|  49|0x00000000ff100000, 0x00000000ff100000, 0x00000000ff200000|  0%| F|  |TAMS 0x00000000ff100000, 0x00000000ff100000| Untracked 
|  50|0x00000000ff200000, 0x00000000ff200000, 0x00000000ff300000|  0%| F|  |TAMS 0x00000000ff200000, 0x00000000ff200000| Untracked 
|  51|0x00000000ff300000, 0x00000000ff300000, 0x00000000ff400000|  0%| F|  |TAMS 0x00000000ff300000, 0x00000000ff300000| Untracked 
|  52|0x00000000ff400000, 0x00000000ff400000, 0x00000000ff500000|  0%| F|  |TAMS 0x00000000ff400000, 0x00000000ff400000| Untracked 
|  53|0x00000000ff500000, 0x00000000ff500000, 0x00000000ff600000|  0%| F|  |TAMS 0x00000000ff500000, 0x00000000ff500000| Untracked 
|  54|0x00000000ff600000, 0x00000000ff600000, 0x00000000ff700000|  0%| F|  |TAMS 0x00000000ff600000, 0x00000000ff600000| Untracked 
|  55|0x00000000ff700000, 0x00000000ff700000, 0x00000000ff800000|  0%| F|  |TAMS 0x00000000ff700000, 0x00000000ff700000| Untracked 
|  56|0x00000000ff800000, 0x00000000ff800000, 0x00000000ff900000|  0%| F|  |TAMS 0x00000000ff800000, 0x00000000ff800000| Untracked 
|  57|0x00000000ff900000, 0x00000000ff900000, 0x00000000ffa00000|  0%| F|  |TAMS 0x00000000ff900000, 0x00000000ff900000| Untracked 
|  58|0x00000000ffa00000, 0x00000000ffa00000, 0x00000000ffb00000|  0%| F|  |TAMS 0x00000000ffa00000, 0x00000000ffa00000| Untracked 
|  59|0x00000000ffb00000, 0x00000000ffb45bc0, 0x00000000ffc00000| 27%| E|  |TAMS 0x00000000ffb00000, 0x00000000ffb00000| Complete 
|  60|0x00000000ffc00000, 0x00000000ffd00000, 0x00000000ffd00000|100%| E|CS|TAMS 0x00000000ffc00000, 0x00000000ffc00000| Complete 
|  61|0x00000000ffd00000, 0x00000000ffe00000, 0x00000000ffe00000|100%| E|CS|TAMS 0x00000000ffd00000, 0x00000000ffd00000| Complete 
|  62|0x00000000ffe00000, 0x00000000fff00000, 0x00000000fff00000|100%| E|CS|TAMS 0x00000000ffe00000, 0x00000000ffe00000| Complete 
|  63|0x00000000fff00000, 0x0000000100000000, 0x0000000100000000|100%| E|CS|TAMS 0x00000000fff00000, 0x00000000fff00000| Complete 

Card table byte_map: [0x0000020bfb130000,0x0000020bfb150000] _byte_map_base: 0x0000020bfa950000

Marking Bits (Prev, Next): (CMBitMap*) 0x0000020be20ea260, (CMBitMap*) 0x0000020be20ea2a0
 Prev Bits: [0x0000020bfb170000, 0x0000020bfb270000)
 Next Bits: [0x0000020bfb270000, 0x0000020bfb370000)

Polling page: 0x0000020be2190000

Metaspace:

Usage:
  Non-class:      8.25 MB used.
      Class:      1.23 MB used.
       Both:      9.48 MB used.

Virtual space:
  Non-class space:       64.00 MB reserved,       8.38 MB ( 13%) committed,  1 nodes.
      Class space:        1.00 GB reserved,       1.31 MB ( <1%) committed,  1 nodes.
             Both:        1.06 GB reserved,       9.69 MB ( <1%) committed. 

Chunk freelists:
   Non-Class:  7.53 MB
       Class:  14.61 MB
        Both:  22.14 MB

MaxMetaspaceSize: unlimited
CompressedClassSpaceSize: 1.00 GB
Initial GC threshold: 21.00 MB
Current GC threshold: 21.00 MB
CDS: on
MetaspaceReclaimPolicy: balanced
 - commit_granule_bytes: 65536.
 - commit_granule_words: 8192.
 - virtual_space_node_default_size: 8388608.
 - enlarge_chunks_in_place: 1.
 - new_chunks_are_fully_committed: 0.
 - uncommit_free_chunks: 1.
 - use_allocation_guard: 0.
 - handle_deallocations: 1.


Internal statistics:

num_allocs_failed_limit: 0.
num_arena_births: 82.
num_arena_deaths: 0.
num_vsnodes_births: 2.
num_vsnodes_deaths: 0.
num_space_committed: 155.
num_space_uncommitted: 0.
num_chunks_returned_to_freelist: 0.
num_chunks_taken_from_freelist: 341.
num_chunk_merges: 0.
num_chunk_splits: 234.
num_chunks_enlarged: 197.
num_inconsistent_stats: 0.

CodeHeap 'non-profiled nmethods': size=119168Kb used=732Kb max_used=732Kb free=118435Kb
 bounds [0x0000020bf2cf0000, 0x0000020bf2f60000, 0x0000020bfa150000]
CodeHeap 'profiled nmethods': size=119104Kb used=3577Kb max_used=3577Kb free=115526Kb
 bounds [0x0000020beb150000, 0x0000020beb4d0000, 0x0000020bf25a0000]
CodeHeap 'non-nmethods': size=7488Kb used=1173Kb max_used=2876Kb free=6315Kb
 bounds [0x0000020bf25a0000, 0x0000020bf2870000, 0x0000020bf2cf0000]
 total_blobs=2366 nmethods=1896 adapters=383
 compilation: enabled
              stopped_count=0, restarted_count=0
 full_count=0

Compilation events (20 events):
Event: 212.526 Thread 0x0000020bfe2b67f0 nmethod 1888 0x0000020beb4ca190 code [0x0000020beb4ca460, 0x0000020beb4cb408]
Event: 212.526 Thread 0x0000020bfe2b67f0 1887       3       org.gradle.internal.logging.sink.GroupingProgressLogEventGenerator$OperationGroup::<init> (59 bytes)
Event: 212.526 Thread 0x0000020bfe2b67f0 nmethod 1887 0x0000020beb4cb990 code [0x0000020beb4cbb80, 0x0000020beb4cc318]
Event: 212.839 Thread 0x0000020bfe2b2200 1889       4       java.nio.Buffer::position (52 bytes)
Event: 212.840 Thread 0x0000020bfe2b2200 nmethod 1889 0x0000020bf2da4f10 code [0x0000020bf2da5080, 0x0000020bf2da5158]
Event: 213.352 Thread 0x0000020bfe2b2200 1890       4       java.util.HashMap$ValueIterator::next (8 bytes)
Event: 213.357 Thread 0x0000020bfe2b2200 nmethod 1890 0x0000020bf2da5210 code [0x0000020bf2da53a0, 0x0000020bf2da5778]
Event: 216.389 Thread 0x0000020bfe2b2200 1891       4       java.util.concurrent.locks.ReentrantLock$NonfairSync::initialTryLock (58 bytes)
Event: 216.391 Thread 0x0000020bfe2b2200 nmethod 1891 0x0000020bf2da5910 code [0x0000020bf2da5a80, 0x0000020bf2da5bf8]
Event: 216.750 Thread 0x0000020bfe2b67f0 1892       3       com.esotericsoftware.kryo.io.Input::readUtf8Length_slow (163 bytes)
Event: 216.751 Thread 0x0000020bfe2b67f0 nmethod 1892 0x0000020beb4cc510 code [0x0000020beb4cc700, 0x0000020beb4ccb98]
Event: 217.515 Thread 0x0000020bfe2b2200 1893       4       java.util.ArrayDeque::pollFirst (36 bytes)
Event: 217.517 Thread 0x0000020bfe2b2200 nmethod 1893 0x0000020bf2da5c90 code [0x0000020bf2da5e00, 0x0000020bf2da5f18]
Event: 218.773 Thread 0x0000020bfe2b2200 1894   !   4       org.gradle.internal.logging.console.ThrottlingOutputEventListener::onOutput (92 bytes)
Event: 218.774 Thread 0x0000020bfe2b67f0 1895       3       com.esotericsoftware.kryo.io.Input::require (220 bytes)
Event: 218.775 Thread 0x0000020bfe2b67f0 nmethod 1895 0x0000020beb4ccd90 code [0x0000020beb4cd020, 0x0000020beb4cd978]
Event: 218.775 Thread 0x0000020bfe2b67f0 1896       3       com.esotericsoftware.kryo.io.Input::readUtf8 (90 bytes)
Event: 218.775 Thread 0x0000020bfe2b67f0 nmethod 1896 0x0000020beb4cdc90 code [0x0000020beb4cde60, 0x0000020beb4ce258]
Event: 218.786 Thread 0x0000020bfe2b2200 nmethod 1894 0x0000020bf2da6010 code [0x0000020bf2da6220, 0x0000020bf2da6c98]
Event: 218.840 Thread 0x0000020bfe2b2200 1897       4       org.gradle.internal.logging.console.BuildStatusRenderer::onOutput (350 bytes)

GC Heap History (4 events):
Event: 0.441 GC heap before
{Heap before GC invocations=0 (full 0):
 garbage-first heap   total 65536K, used 26624K [0x00000000fc000000, 0x0000000100000000)
  region size 1024K, 23 young (23552K), 0 survivors (0K)
 Metaspace       used 3371K, committed 3520K, reserved 1114112K
  class space    used 393K, committed 448K, reserved 1048576K
}
Event: 0.446 GC heap after
{Heap after GC invocations=1 (full 0):
 garbage-first heap   total 65536K, used 10292K [0x00000000fc000000, 0x0000000100000000)
  region size 1024K, 3 young (3072K), 3 survivors (3072K)
 Metaspace       used 3371K, committed 3520K, reserved 1114112K
  class space    used 393K, committed 448K, reserved 1048576K
}
Event: 129.529 GC heap before
{Heap before GC invocations=1 (full 0):
 garbage-first heap   total 65536K, used 32820K [0x00000000fc000000, 0x0000000100000000)
  region size 1024K, 25 young (25600K), 3 survivors (3072K)
 Metaspace       used 9604K, committed 9792K, reserved 1114112K
  class space    used 1258K, committed 1344K, reserved 1048576K
}
Event: 129.534 GC heap after
{Heap after GC invocations=2 (full 0):
 garbage-first heap   total 65536K, used 12413K [0x00000000fc000000, 0x0000000100000000)
  region size 1024K, 2 young (2048K), 2 survivors (2048K)
 Metaspace       used 9604K, committed 9792K, reserved 1114112K
  class space    used 1258K, committed 1344K, reserved 1048576K
}

Deoptimization events (20 events):
Event: 154.831 Thread 0x0000020be20c7860 Uncommon trap: trap_request=0xffffffc6 fr.pc=0x0000020bf2d60ed0 relative=0x0000000000000570
Event: 154.831 Thread 0x0000020be20c7860 Uncommon trap: reason=bimorphic_or_optimized_type_check action=maybe_recompile pc=0x0000020bf2d60ed0 method=java.util.concurrent.ConcurrentHashMap.get(Ljava/lang/Object;)Ljava/lang/Object; @ 149 c2
Event: 154.831 Thread 0x0000020be20c7860 DEOPT PACKING pc=0x0000020bf2d60ed0 sp=0x0000007fcc5fcb50
Event: 154.831 Thread 0x0000020be20c7860 DEOPT UNPACKING pc=0x0000020bf25f23a3 sp=0x0000007fcc5fcaf0 mode 2
Event: 154.845 Thread 0x0000020be20c7860 Uncommon trap: trap_request=0xffffffc6 fr.pc=0x0000020bf2d60ed0 relative=0x0000000000000570
Event: 154.845 Thread 0x0000020be20c7860 Uncommon trap: reason=bimorphic_or_optimized_type_check action=maybe_recompile pc=0x0000020bf2d60ed0 method=java.util.concurrent.ConcurrentHashMap.get(Ljava/lang/Object;)Ljava/lang/Object; @ 149 c2
Event: 154.845 Thread 0x0000020be20c7860 DEOPT PACKING pc=0x0000020bf2d60ed0 sp=0x0000007fcc5fcb50
Event: 154.845 Thread 0x0000020be20c7860 DEOPT UNPACKING pc=0x0000020bf25f23a3 sp=0x0000007fcc5fcaf0 mode 2
Event: 154.845 Thread 0x0000020be20c7860 Uncommon trap: trap_request=0xffffffc6 fr.pc=0x0000020bf2d60ed0 relative=0x0000000000000570
Event: 154.845 Thread 0x0000020be20c7860 Uncommon trap: reason=bimorphic_or_optimized_type_check action=maybe_recompile pc=0x0000020bf2d60ed0 method=java.util.concurrent.ConcurrentHashMap.get(Ljava/lang/Object;)Ljava/lang/Object; @ 149 c2
Event: 154.845 Thread 0x0000020be20c7860 DEOPT PACKING pc=0x0000020bf2d60ed0 sp=0x0000007fcc5fcb50
Event: 154.845 Thread 0x0000020be20c7860 DEOPT UNPACKING pc=0x0000020bf25f23a3 sp=0x0000007fcc5fcaf0 mode 2
Event: 218.773 Thread 0x0000020be20c7860 Uncommon trap: trap_request=0xffffff45 fr.pc=0x0000020bf2d958d8 relative=0x00000000000001b8
Event: 218.773 Thread 0x0000020be20c7860 Uncommon trap: reason=unstable_if action=reinterpret pc=0x0000020bf2d958d8 method=com.esotericsoftware.kryo.io.Input.require(I)I @ 65 c2
Event: 218.773 Thread 0x0000020be20c7860 DEOPT PACKING pc=0x0000020bf2d958d8 sp=0x0000007fcc5fc6c0
Event: 218.773 Thread 0x0000020be20c7860 DEOPT UNPACKING pc=0x0000020bf25f23a3 sp=0x0000007fcc5fc670 mode 2
Event: 218.774 Thread 0x0000020be20c7860 Uncommon trap: trap_request=0xffffff45 fr.pc=0x0000020bf2d9f838 relative=0x0000000000000518
Event: 218.774 Thread 0x0000020be20c7860 Uncommon trap: reason=unstable_if action=reinterpret pc=0x0000020bf2d9f838 method=com.esotericsoftware.kryo.io.Input.readUtf8(I)V @ 79 c2
Event: 218.774 Thread 0x0000020be20c7860 DEOPT PACKING pc=0x0000020bf2d9f838 sp=0x0000007fcc5fc6a0
Event: 218.774 Thread 0x0000020be20c7860 DEOPT UNPACKING pc=0x0000020bf25f23a3 sp=0x0000007fcc5fc638 mode 2

Classes unloaded (0 events):
No events

Classes redefined (0 events):
No events

Internal exceptions (20 events):
Event: 0.097 Thread 0x0000020be20c7860 Exception <a 'java/lang/NoSuchMethodError'{0x00000000ffcfc398}: 'int java.lang.invoke.DirectMethodHandle$Holder.invokeStaticInit(java.lang.Object, java.lang.Object)'> (0x00000000ffcfc398) 
thrown [s\open\src\hotspot\share\interpreter\linkResolver.cpp, line 759]
Event: 0.461 Thread 0x0000020be20c7860 Exception <a 'java/lang/NoSuchMethodError'{0x00000000fffc4fa0}: 'void java.lang.invoke.DirectMethodHandle$Holder.invokeStatic(java.lang.Object, java.lang.Object)'> (0x00000000fffc4fa0) 
thrown [s\open\src\hotspot\share\interpreter\linkResolver.cpp, line 759]
Event: 0.474 Thread 0x0000020be20c7860 Exception <a 'java/lang/NoClassDefFoundError'{0x00000000ffe490d0}: org/slf4j/impl/StaticMarkerBinder> (0x00000000ffe490d0) 
thrown [s\open\src\hotspot\share\classfile\systemDictionary.cpp, line 245]
Event: 0.487 Thread 0x0000020be20c7860 Exception <a 'java/lang/NoSuchMethodError'{0x00000000ffd22738}: 'java.lang.Object java.lang.invoke.DirectMethodHandle$Holder.invokeVirtual(java.lang.Object, java.lang.Object, java.lang.Object, java.lang.Object, java.lang.Object, java.lang.Object, java.lang.Object)'> (0x00000000ffd22738) 
thrown [s\open\src\hotspot\share\interpreter\linkResolver.cpp, line 759]
Event: 0.490 Thread 0x0000020be20c7860 Exception <a 'java/lang/NoSuchMethodError'{0x00000000ffd33f80}: 'java.lang.Object java.lang.invoke.Invokers$Holder.invoker(java.lang.Object, java.lang.Object, java.lang.Object)'> (0x00000000ffd33f80) 
thrown [s\open\src\hotspot\share\interpreter\linkResolver.cpp, line 759]
Event: 0.492 Thread 0x0000020be20c7860 Exception <a 'java/lang/NoSuchMethodError'{0x00000000ffd3d158}: 'java.lang.Object java.lang.invoke.DirectMethodHandle$Holder.invokeStatic(java.lang.Object, java.lang.Object, int)'> (0x00000000ffd3d158) 
thrown [s\open\src\hotspot\share\interpreter\linkResolver.cpp, line 759]
Event: 0.493 Thread 0x0000020be20c7860 Exception <a 'java/lang/NoSuchMethodError'{0x00000000ffd48e48}: 'void java.lang.invoke.DelegatingMethodHandle$Holder.delegate(java.lang.Object, java.lang.Object, int, java.lang.Object)'> (0x00000000ffd48e48) 
thrown [s\open\src\hotspot\share\interpreter\linkResolver.cpp, line 759]
Event: 0.494 Thread 0x0000020be20c7860 Exception <a 'java/lang/NoSuchMethodError'{0x00000000ffd4d010}: 'int java.lang.invoke.DirectMethodHandle$Holder.invokeSpecial(java.lang.Object, java.lang.Object, java.lang.Object)'> (0x00000000ffd4d010) 
thrown [s\open\src\hotspot\share\interpreter\linkResolver.cpp, line 759]
Event: 0.496 Thread 0x0000020be20c7860 Exception <a 'java/lang/NoSuchMethodError'{0x00000000ffd60158}: 'java.lang.Object java.lang.invoke.Invokers$Holder.invokeExact_MT(java.lang.Object, java.lang.Object, java.lang.Object, java.lang.Object)'> (0x00000000ffd60158) 
thrown [s\open\src\hotspot\share\interpreter\linkResolver.cpp, line 759]
Event: 0.593 Thread 0x0000020be20c7860 Exception <a 'java/lang/NoSuchMethodError'{0x00000000ff7b2ee0}: 'void java.lang.invoke.DirectMethodHandle$Holder.invokeSpecial(java.lang.Object, java.lang.Object, java.lang.Object)'> (0x00000000ff7b2ee0) 
thrown [s\open\src\hotspot\share\interpreter\linkResolver.cpp, line 759]
Event: 0.601 Thread 0x0000020be20c7860 Implicit null exception at 0x0000020bf2d45e0c to 0x0000020bf2d46340
Event: 0.601 Thread 0x0000020be20c7860 Implicit null exception at 0x0000020bf2d36c0f to 0x0000020bf2d37158
Event: 0.622 Thread 0x0000020be20c7860 Exception <a 'java/lang/NoSuchMethodError'{0x00000000ff512770}: 'java.lang.Object java.lang.invoke.DirectMethodHandle$Holder.invokeStaticInit(java.lang.Object)'> (0x00000000ff512770) 
thrown [s\open\src\hotspot\share\interpreter\linkResolver.cpp, line 759]
Event: 0.654 Thread 0x0000020be20c7860 Exception <a 'java/lang/NoSuchMethodError'{0x00000000ff408f08}: 'int java.lang.invoke.DirectMethodHandle$Holder.invokeVirtual(java.lang.Object, java.lang.Object, java.lang.Object)'> (0x00000000ff408f08) 
thrown [s\open\src\hotspot\share\interpreter\linkResolver.cpp, line 759]
Event: 0.658 Thread 0x0000020be20c7860 Exception <a 'java/lang/NoSuchMethodError'{0x00000000ff44b5f0}: 'java.lang.Object java.lang.invoke.DirectMethodHandle$Holder.invokeVirtual(java.lang.Object, java.lang.Object, java.lang.Object)'> (0x00000000ff44b5f0) 
thrown [s\open\src\hotspot\share\interpreter\linkResolver.cpp, line 759]
Event: 0.696 Thread 0x0000020be20c7860 Exception <a 'java/lang/NoSuchMethodError'{0x00000000ff1c1ed0}: 'java.lang.Object java.lang.invoke.DirectMethodHandle$Holder.invokeStaticInit(java.lang.Object, int, int, int, int)'> (0x00000000ff1c1ed0) 
thrown [s\open\src\hotspot\share\interpreter\linkResolver.cpp, line 759]
Event: 0.748 Thread 0x0000020be20c7860 Exception <a 'java/lang/NoSuchMethodError'{0x00000000ff069928}: 'java.lang.Object java.lang.invoke.DirectMethodHandle$Holder.invokeStaticInit(java.lang.Object, java.lang.Object, int, int, int, int)'> (0x00000000ff069928) 
thrown [s\open\src\hotspot\share\interpreter\linkResolver.cpp, line 759]
Event: 0.818 Thread 0x0000020be20c7860 Exception <a 'java/lang/NoSuchMethodError'{0x00000000ff096f08}: 'void java.lang.invoke.DirectMethodHandle$Holder.invokeStatic(java.lang.Object, java.lang.Object, java.lang.Object)'> (0x00000000ff096f08) 
thrown [s\open\src\hotspot\share\interpreter\linkResolver.cpp, line 759]
Event: 0.828 Thread 0x0000020be20c7860 Implicit null exception at 0x0000020bf2d278f2 to 0x0000020bf2d27ec8
Event: 0.828 Thread 0x0000020be20c7860 Implicit null exception at 0x0000020bf2d30472 to 0x0000020bf2d30a58

VM Operations (20 events):
Event: 196.478 Executing VM operation: Cleanup
Event: 196.478 Executing VM operation: Cleanup done
Event: 197.489 Executing VM operation: Cleanup
Event: 197.489 Executing VM operation: Cleanup done
Event: 199.509 Executing VM operation: Cleanup
Event: 199.510 Executing VM operation: Cleanup done
Event: 204.529 Executing VM operation: Cleanup
Event: 204.529 Executing VM operation: Cleanup done
Event: 206.543 Executing VM operation: Cleanup
Event: 206.543 Executing VM operation: Cleanup done
Event: 210.560 Executing VM operation: Cleanup
Event: 210.560 Executing VM operation: Cleanup done
Event: 212.588 Executing VM operation: Cleanup
Event: 212.588 Executing VM operation: Cleanup done
Event: 213.602 Executing VM operation: Cleanup
Event: 213.602 Executing VM operation: Cleanup done
Event: 216.635 Executing VM operation: Cleanup
Event: 216.635 Executing VM operation: Cleanup done
Event: 217.636 Executing VM operation: Cleanup
Event: 217.636 Executing VM operation: Cleanup done

Events (20 events):
Event: 3.774 loading class sun/util/logging/internal/LoggingProviderImpl$JULWrapper done
Event: 3.774 loading class java/io/ObjectInputFilter
Event: 3.774 loading class java/io/ObjectInputFilter done
Event: 3.774 loading class java/io/ObjectInputFilter$Config$BuiltinFilterFactory
Event: 3.774 loading class java/io/ObjectInputFilter$Config$BuiltinFilterFactory done
Event: 3.774 loading class jdk/internal/access/JavaObjectInputFilterAccess
Event: 3.774 loading class jdk/internal/access/JavaObjectInputFilterAccess done
Event: 3.775 loading class java/lang/System$Logger$Level
Event: 3.775 loading class java/lang/System$Logger$Level done
Event: 3.775 loading class java/io/Bits
Event: 3.775 loading class java/io/Bits done
Event: 8.534 Thread 0x0000020bfe35a970 Thread exited: 0x0000020bfe35a970
Event: 38.930 Thread 0x0000020bfe5ed450 Thread added: 0x0000020bfe5ed450
Event: 38.930 Thread 0x0000020bfe5ed970 Thread added: 0x0000020bfe5ed970
Event: 38.930 Thread 0x0000020bfe5ede90 Thread added: 0x0000020bfe5ede90
Event: 44.927 Thread 0x0000020bfe5ede90 Thread exited: 0x0000020bfe5ede90
Event: 48.427 Thread 0x0000020bfe5ed450 Thread exited: 0x0000020bfe5ed450
Event: 48.427 Thread 0x0000020bfe5ed970 Thread exited: 0x0000020bfe5ed970
Event: 144.014 Thread 0x0000020bc585d1b0 Thread added: 0x0000020bc585d1b0
Event: 146.331 Thread 0x0000020bc585d1b0 Thread exited: 0x0000020bc585d1b0


Dynamic libraries:
0x00007ff78be10000 - 0x00007ff78be20000 	C:\Program Files\Java\jdk-22\bin\java.exe
0x00007ff94e270000 - 0x00007ff94e487000 	C:\Windows\SYSTEM32\ntdll.dll
0x00007ff94c000000 - 0x00007ff94c0c4000 	C:\Windows\System32\KERNEL32.DLL
0x00007ff94ba80000 - 0x00007ff94be2d000 	C:\Windows\System32\KERNELBASE.dll
0x00007ff94b7f0000 - 0x00007ff94b901000 	C:\Windows\System32\ucrtbase.dll
0x00007ff8f6760000 - 0x00007ff8f6779000 	C:\Program Files\Java\jdk-22\bin\jli.dll
0x00007ff8f6740000 - 0x00007ff8f675b000 	C:\Program Files\Java\jdk-22\bin\VCRUNTIME140.dll
0x00007ff94c130000 - 0x00007ff94c1e2000 	C:\Windows\System32\ADVAPI32.dll
0x00007ff94d8a0000 - 0x00007ff94d947000 	C:\Windows\System32\msvcrt.dll
0x00007ff94cb60000 - 0x00007ff94cc09000 	C:\Windows\System32\sechost.dll
0x00007ff94b910000 - 0x00007ff94b938000 	C:\Windows\System32\bcrypt.dll
0x00007ff94dff0000 - 0x00007ff94e104000 	C:\Windows\System32\RPCRT4.dll
0x00007ff94c9b0000 - 0x00007ff94cb5e000 	C:\Windows\System32\USER32.dll
0x00007ff94b9b0000 - 0x00007ff94b9d6000 	C:\Windows\System32\win32u.dll
0x00007ff934840000 - 0x00007ff934ad3000 	C:\Windows\WinSxS\amd64_microsoft.windows.common-controls_6595b64144ccf1df_6.0.22621.3672_none_2713b9d173822955\COMCTL32.dll
0x00007ff94c280000 - 0x00007ff94c2a9000 	C:\Windows\System32\GDI32.dll
0x00007ff94b6d0000 - 0x00007ff94b7e9000 	C:\Windows\System32\gdi32full.dll
0x00007ff94b9e0000 - 0x00007ff94ba7a000 	C:\Windows\System32\msvcp_win.dll
0x00007ff9304d0000 - 0x00007ff9304da000 	C:\Windows\SYSTEM32\VERSION.dll
0x00007ff94c3a0000 - 0x00007ff94c3d1000 	C:\Windows\System32\IMM32.DLL
0x00007ff931710000 - 0x00007ff93171c000 	C:\Program Files\Java\jdk-22\bin\vcruntime140_1.dll
0x00007ff8f1850000 - 0x00007ff8f18de000 	C:\Program Files\Java\jdk-22\bin\msvcp140.dll
0x00007ff8d0a00000 - 0x00007ff8d15e0000 	C:\Program Files\Java\jdk-22\bin\server\jvm.dll
0x00007ff94c2b0000 - 0x00007ff94c2b8000 	C:\Windows\System32\PSAPI.DLL
0x00007ff928990000 - 0x00007ff928999000 	C:\Windows\SYSTEM32\WSOCK32.dll
0x00007ff944610000 - 0x00007ff944644000 	C:\Windows\SYSTEM32\WINMM.dll
0x00007ff94d820000 - 0x00007ff94d891000 	C:\Windows\System32\WS2_32.dll
0x00007ff94a5a0000 - 0x00007ff94a5b8000 	C:\Windows\SYSTEM32\kernel.appcore.dll
0x00007ff930ed0000 - 0x00007ff930eda000 	C:\Program Files\Java\jdk-22\bin\jimage.dll
0x00007ff948e60000 - 0x00007ff949092000 	C:\Windows\SYSTEM32\DBGHELP.DLL
0x00007ff94c3e0000 - 0x00007ff94c76d000 	C:\Windows\System32\combase.dll
0x00007ff94c2c0000 - 0x00007ff94c397000 	C:\Windows\System32\OLEAUT32.dll
0x00007ff93c510000 - 0x00007ff93c542000 	C:\Windows\SYSTEM32\dbgcore.DLL
0x00007ff94b650000 - 0x00007ff94b6cb000 	C:\Windows\System32\bcryptPrimitives.dll
0x00007ff8f0db0000 - 0x00007ff8f0dd5000 	C:\Program Files\Java\jdk-22\bin\java.dll
0x00007ff8e44a0000 - 0x00007ff8e4577000 	C:\Program Files\Java\jdk-22\bin\jsvml.dll
0x00007ff94cdf0000 - 0x00007ff94d658000 	C:\Windows\System32\SHELL32.dll
0x00007ff949490000 - 0x00007ff949d8e000 	C:\Windows\SYSTEM32\windows.storage.dll
0x00007ff949350000 - 0x00007ff94948f000 	C:\Windows\SYSTEM32\wintypes.dll
0x00007ff94c7f0000 - 0x00007ff94c8e9000 	C:\Windows\System32\SHCORE.dll
0x00007ff94bfa0000 - 0x00007ff94bffe000 	C:\Windows\System32\shlwapi.dll
0x00007ff94b4c0000 - 0x00007ff94b4e1000 	C:\Windows\SYSTEM32\profapi.dll
0x00007ff8f5700000 - 0x00007ff8f5719000 	C:\Program Files\Java\jdk-22\bin\net.dll
0x00007ff9479f0000 - 0x00007ff947b26000 	C:\Windows\SYSTEM32\WINHTTP.dll
0x00007ff94aa30000 - 0x00007ff94aa99000 	C:\Windows\system32\mswsock.dll
0x00007ff8f1830000 - 0x00007ff8f1846000 	C:\Program Files\Java\jdk-22\bin\nio.dll
0x00007ff8f0d90000 - 0x00007ff8f0da8000 	C:\Program Files\Java\jdk-22\bin\zip.dll
0x00007ff93e860000 - 0x00007ff93e870000 	C:\Program Files\Java\jdk-22\bin\verify.dll
0x00007ff93e830000 - 0x00007ff93e857000 	C:\Users\vanam\.gradle\native\c067742578af261105cb4f569cf0c3c89f3d7b1fecec35dd04571415982c5e48\windows-amd64\native-platform.dll
0x00007ff943e60000 - 0x00007ff943e6a000 	C:\Users\vanam\.gradle\native\jansi\1.18\windows64\jansi.dll
0x00007ff930b40000 - 0x00007ff930b4a000 	C:\Program Files\Java\jdk-22\bin\management.dll
0x00007ff919530000 - 0x00007ff91953b000 	C:\Program Files\Java\jdk-22\bin\management_ext.dll
0x00007ff94aca0000 - 0x00007ff94acbb000 	C:\Windows\SYSTEM32\CRYPTSP.dll
0x00007ff94a4f0000 - 0x00007ff94a525000 	C:\Windows\system32\rsaenh.dll
0x00007ff94ab30000 - 0x00007ff94ab58000 	C:\Windows\SYSTEM32\USERENV.dll
0x00007ff94ac90000 - 0x00007ff94ac9c000 	C:\Windows\SYSTEM32\CRYPTBASE.dll
0x00007ff94a030000 - 0x00007ff94a05d000 	C:\Windows\SYSTEM32\IPHLPAPI.DLL
0x00007ff94c8f0000 - 0x00007ff94c8f9000 	C:\Windows\System32\NSI.dll
0x00007ff947890000 - 0x00007ff9478a9000 	C:\Windows\SYSTEM32\dhcpcsvc6.DLL
0x00007ff9452a0000 - 0x00007ff9452bf000 	C:\Windows\SYSTEM32\dhcpcsvc.DLL
0x00007ff94a060000 - 0x00007ff94a158000 	C:\Windows\SYSTEM32\DNSAPI.dll
0x00007ff9147e0000 - 0x00007ff9147ee000 	C:\Program Files\Java\jdk-22\bin\sunmscapi.dll
0x00007ff94be30000 - 0x00007ff94bf97000 	C:\Windows\System32\CRYPT32.dll
0x00007ff94ae50000 - 0x00007ff94ae7e000 	C:\Windows\SYSTEM32\ncrypt.dll
0x00007ff94ae10000 - 0x00007ff94ae47000 	C:\Windows\SYSTEM32\NTASN1.dll
0x00007ff928810000 - 0x00007ff928818000 	C:\Windows\system32\wshunix.dll

dbghelp: loaded successfully - version: 4.0.5 - missing functions: none
symbol engine: initialized successfully - sym options: 0x614 - pdb path: .;C:\Program Files\Java\jdk-22\bin;C:\Windows\SYSTEM32;C:\Windows\WinSxS\amd64_microsoft.windows.common-controls_6595b64144ccf1df_6.0.22621.3672_none_2713b9d173822955;C:\Program Files\Java\jdk-22\bin\server;C:\Users\vanam\.gradle\native\c067742578af261105cb4f569cf0c3c89f3d7b1fecec35dd04571415982c5e48\windows-amd64;C:\Users\vanam\.gradle\native\jansi\1.18\windows64

VM Arguments:
jvm_args: -Xmx64m -Xms64m -Dorg.gradle.appname=gradlew 
java_command: org.gradle.wrapper.GradleWrapperMain app:installDebug -PreactNativeDevServerPort=8081
java_class_path (initial): E:\clickSolver\partnermobileapp\android\\gradle\wrapper\gradle-wrapper.jar
Launcher Type: SUN_STANDARD

[Global flags]
     intx CICompilerCount                          = 12                                        {product} {ergonomic}
     uint ConcGCThreads                            = 3                                         {product} {ergonomic}
     uint G1ConcRefinementThreads                  = 13                                        {product} {ergonomic}
   size_t G1HeapRegionSize                         = 1048576                                   {product} {ergonomic}
    uintx GCDrainStackTargetSize                   = 64                                        {product} {ergonomic}
   size_t InitialHeapSize                          = 67108864                                  {product} {command line}
   size_t MarkStackSize                            = 4194304                                   {product} {ergonomic}
   size_t MaxHeapSize                              = 67108864                                  {product} {command line}
   size_t MaxNewSize                               = 39845888                                  {product} {ergonomic}
   size_t MinHeapDeltaBytes                        = 1048576                                   {product} {ergonomic}
   size_t MinHeapSize                              = 67108864                                  {product} {command line}
    uintx NonNMethodCodeHeapSize                   = 7602480                                {pd product} {ergonomic}
    uintx NonProfiledCodeHeapSize                  = 122027880                              {pd product} {ergonomic}
    uintx ProfiledCodeHeapSize                     = 122027880                              {pd product} {ergonomic}
    uintx ReservedCodeCacheSize                    = 251658240                              {pd product} {ergonomic}
     bool SegmentedCodeCache                       = true                                      {product} {ergonomic}
   size_t SoftMaxHeapSize                          = 67108864                               {manageable} {ergonomic}
     bool UseCompressedClassPointers               = true                           {product lp64_product} {ergonomic}
     bool UseCompressedOops                        = true                           {product lp64_product} {ergonomic}
     bool UseG1GC                                  = true                                      {product} {ergonomic}
     bool UseLargePagesIndividualAllocation        = false                                  {pd product} {ergonomic}

Logging:
Log output configuration:
 #0: stdout all=warning uptime,level,tags
 #1: stderr all=off uptime,level,tags

Environment Variables:
CLASSPATH=E:\clickSolver\partnermobileapp\android\\gradle\wrapper\gradle-wrapper.jar
PATH=E:\clickSolver\partnermobileapp\node_modules\.bin;E:\clickSolver\partnermobileapp\node_modules\.bin;E:\clickSolver\node_modules\.bin;E:\node_modules\.bin;C:\Program Files\nodejs\node_modules\npm\node_modules\@npmcli\run-script\lib\node-gyp-bin;C:\Ruby33-x64\bin;C:\Program Files\Python310\Scripts\;C:\Program Files\Python310\;C:\Program Files\Common Files\Oracle\Java\javapath;C:\Windows\system32;C:\Windows;C:\Windows\System32\Wbem;C:\Windows\System32\WindowsPowerShell\v1.0\;C:\Windows\System32\OpenSSH\;C:\Program Files\dotnet\;C:\Program Files\Docker\Docker\resources\bin;C:\Program Files\nodejs\;C:\Program Files\Git\cmd;C:\Program Files\Java\jdk-11\bin;C:\Users\vanam\AppData\Local\Android\Sdk;C:\Users\vanam\AppData\Local\Android\Sdk\platform-tools;C:\Users\vanam\AppData\Local\Android\Sdk\ndk;C:\Users\vanam\AppData\Local\Microsoft\WindowsApps;C:\Program Files\Java\jdk-17\bin;C:\Program Files\Git\bin;C:\Users\vanam\AppData\Roaming\npm;C:\Program Files;C:\Users\vanam\AppData\Local\Programs\Microsoft VS Code\bin;C:\Users\vanam\AppData\Local\Android\Sdk\platform-tools;C:\Users\vanam\AppData\Local\Android\Sdk;C:\Users\vanam\AppData\Local\Android\Sdk\emulator;C:\Users\vanam\AppData\Local\Android\Sdk\ndk;C:\Program Files\nodejs\;
USERNAME=vanam
LANG=en_US.UTF-8
OS=Windows_NT
PROCESSOR_IDENTIFIER=Intel64 Family 6 Model 154 Stepping 3, GenuineIntel



---------------  S Y S T E M  ---------------

OS:
 Windows 11 , 64 bit Build 22621 (10.0.22621.3958)
OS uptime: 6 days 5:05 hours
Hyper-V role detected

CPU: total 16 (initial active 16) (8 cores per cpu, 2 threads per core) family 6 model 154 stepping 3 microcode 0x433, cx8, cmov, fxsr, ht, mmx, 3dnowpref, sse, sse2, sse3, ssse3, sse4.1, sse4.2, popcnt, lzcnt, tsc, tscinvbit, avx, avx2, aes, erms, clmul, bmi1, bmi2, adx, sha, fma, vzeroupper, clflush, clflushopt, clwb, hv

Memory: 4k page, system-wide physical 16068M (1950M free)
TotalPageFile size 20518M (AvailPageFile size 4M)
current process WorkingSet (physical memory assigned to process): 112M, peak: 115M
current process commit charge ("private bytes"): 193M, peak: 195M

vm_info: Java HotSpot(TM) 64-Bit Server VM (17.0.12+8-LTS-286) for windows-amd64 JRE (17.0.12+8-LTS-286), built on Jun  5 2024 06:46:59 by "mach5one" with MS VC++ 17.6 (VS2022)

END.
