#
# There is insufficient memory for the Java Runtime Environment to continue.
# Native memory allocation (malloc) failed to allocate 671456 bytes for Chunk::new
# Possible reasons:
#   The system is out of physical RAM or swap space
#   The process is running with CompressedOops enabled, and the Java Heap may be blocking the growth of the native heap
# Possible solutions:
#   Reduce memory load on the system
#   Increase physical memory or swap space
#   Check if swap backing store is full
#   Decrease Java heap size (-Xmx/-Xms)
#   Decrease number of Java threads
#   Decrease Java thread stack sizes (-Xss)
#   Set larger code cache with -XX:ReservedCodeCacheSize=
#   JVM is running with Unscaled Compressed Oops mode in which the Java heap is
#     placed in the first 4GB address space. The Java Heap base address is the
#     maximum limit for the native heap growth. Please use -XX:HeapBaseMinAddress
#     to set the Java Heap base and to place the Java Heap above 4GB virtual address.
# This output file may be truncated or incomplete.
#
#  Out of Memory Error (arena.cpp:189), pid=21416, tid=8496
#
# JRE version: Java(TM) SE Runtime Environment (17.0.12+8) (build 17.0.12+8-LTS-286)
# Java VM: Java HotSpot(TM) 64-Bit Server VM (17.0.12+8-LTS-286, mixed mode, sharing, tiered, compressed oops, compressed class ptrs, g1 gc, windows-amd64)
# No core dump will be written. Minidumps are not enabled by default on client versions of Windows
#

---------------  S U M M A R Y ------------

Command Line: -XX:MaxMetaspaceSize=512m --add-opens=java.base/java.util=ALL-UNNAMED --add-opens=java.base/java.lang=ALL-UNNAMED --add-opens=java.base/java.lang.invoke=ALL-UNNAMED --add-opens=java.prefs/java.util.prefs=ALL-UNNAMED --add-opens=java.base/java.nio.charset=ALL-UNNAMED --add-opens=java.base/java.net=ALL-UNNAMED --add-opens=java.base/java.util.concurrent.atomic=ALL-UNNAMED -Xmx2048m -Dfile.encoding=windows-1252 -Duser.country=IN -Duser.language=en -Duser.variant -javaagent:C:\Users\vanam\.gradle\wrapper\dists\gradle-8.6-all\3mbtmo166bl6vumsh5k2lkq5h\gradle-8.6\lib\agents\gradle-instrumentation-agent-8.6.jar org.gradle.launcher.daemon.bootstrap.GradleDaemon 8.6

Host: 12th Gen Intel(R) Core(TM) i5-1240P, 16 cores, 15G,  Windows 11 , 64 bit Build 22621 (10.0.22621.3958)
Time: Sun Sep  1 17:41:07 2024 India Standard Time elapsed time: 29.311719 seconds (0d 0h 0m 29s)

---------------  T H R E A D  ---------------

Current thread (0x0000015b75048e90):  JavaThread "C2 CompilerThread0" daemon [_thread_in_native, id=8496, stack(0x0000003fba700000,0x0000003fba800000)]


Current CompileTask:
C2:  29312 10390       4       java.util.zip.ZipFile$Source::initCEN (591 bytes)

Stack: [0x0000003fba700000,0x0000003fba800000]
Native frames: (J=compiled Java code, j=interpreted, Vv=VM code, C=native code)
V  [jvm.dll+0x67a04a]
V  [jvm.dll+0x7da4ed]
V  [jvm.dll+0x7dbe33]
V  [jvm.dll+0x7dc4a3]
V  [jvm.dll+0x24508f]
V  [jvm.dll+0xab773]
V  [jvm.dll+0xabd3c]
V  [jvm.dll+0x361bee]
V  [jvm.dll+0x1ba45a]
V  [jvm.dll+0x216997]
V  [jvm.dll+0x215c6f]
V  [jvm.dll+0x1a2960]
V  [jvm.dll+0x22610b]
V  [jvm.dll+0x2242ab]
V  [jvm.dll+0x79075c]
V  [jvm.dll+0x78abea]
V  [jvm.dll+0x678f35]
C  [ucrtbase.dll+0x29333]
C  [KERNEL32.DLL+0x1257d]
C  [ntdll.dll+0x5af28]


---------------  P R O C E S S  ---------------

Threads class SMR info:
_java_thread_list=0x0000015b77846c80, length=149, elements={
0x0000015b501a0d20, 0x0000015b70e9b170, 0x0000015b70e9bca0, 0x0000015b70eae800,
0x0000015b75044340, 0x0000015b75047320, 0x0000015b75047ce0, 0x0000015b75048e90,
0x0000015b75049940, 0x0000015b75054360, 0x0000015b751bb900, 0x0000015b7527a570,
0x0000015b77deb500, 0x0000015b75506c40, 0x0000015b77005d60, 0x0000015b765e0b60,
0x0000015b773a59c0, 0x0000015b76d7d9b0, 0x0000015b76d7c570, 0x0000015b76d7e3d0,
0x0000015b76d7dec0, 0x0000015b76d7d4a0, 0x0000015b76d7b640, 0x0000015b76d7bb50,
0x0000015b76d7e8e0, 0x0000015b76d7edf0, 0x0000015b76d7c060, 0x0000015b76d7ca80,
0x0000015b795faa70, 0x0000015b795faf80, 0x0000015b795ff150, 0x0000015b795fec40,
0x0000015b795fb9a0, 0x0000015b795ff660, 0x0000015b79600590, 0x0000015b795fe730,
0x0000015b795fc3c0, 0x0000015b795fbeb0, 0x0000015b795fa560, 0x0000015b79600080,
0x0000015b75ac65c0, 0x0000015b795fdd10, 0x0000015b795fb490, 0x0000015b79600aa0,
0x0000015b795fc8d0, 0x0000015b79600fb0, 0x0000015b795f9b40, 0x0000015b795fcde0,
0x0000015b75ac6b10, 0x0000015b795fd2f0, 0x0000015b795fd800, 0x0000015b795fe220,
0x0000015b796014c0, 0x0000015b795fa050, 0x0000015b75e3a770, 0x0000015b75e38e20,
0x0000015b75e3c0c0, 0x0000015b75e39330, 0x0000015b75e39840, 0x0000015b75e3a260,
0x0000015b75e3bbb0, 0x0000015b75e38910, 0x0000015b75e39d50, 0x0000015b75e3ac80,
0x0000015b75e3b190, 0x0000015b75e3b6a0, 0x0000015b78a5f020, 0x0000015b78a5dbe0,
0x0000015b78a5d1c0, 0x0000015b78a5d6d0, 0x0000015b75ac4b30, 0x0000015b78a5bd80,
0x0000015b78a5eb10, 0x0000015b78a5e0f0, 0x0000015b78a5c290, 0x0000015b78a5c7a0,
0x0000015b78a5f530, 0x0000015b78a5e600, 0x0000015b77ac3560, 0x0000015b77abf8a0,
0x0000015b77ac02c0, 0x0000015b77ac49a0, 0x0000015b77ac5de0, 0x0000015b77ac2b40,
0x0000015b77ac11f0, 0x0000015b77ac3a70, 0x0000015b77ac1700, 0x0000015b77abee80,
0x0000015b77ac1c10, 0x0000015b77ac3f80, 0x0000015b77ac62f0, 0x0000015b77abfdb0,
0x0000015b77ac07d0, 0x0000015b77ac2120, 0x0000015b77ac0ce0, 0x0000015b77ac2630,
0x0000015b77ac4490, 0x0000015b77ac3050, 0x0000015b77abf390, 0x0000015b77ac4eb0,
0x0000015b77ac6800, 0x0000015b77ac53c0, 0x0000015b77ac58d0, 0x0000015b77d17250,
0x0000015b77d16320, 0x0000015b77d17760, 0x0000015b77d18ba0, 0x0000015b77d18690,
0x0000015b77d195c0, 0x0000015b77d1c860, 0x0000015b77d190b0, 0x0000015b77d16830,
0x0000015b77d17c70, 0x0000015b77d19ad0, 0x0000015b77d1cd70, 0x0000015b77d15900,
0x0000015b77d1b930, 0x0000015b77d1be40, 0x0000015b77d16d40, 0x0000015b77d1d280,
0x0000015b77d19fe0, 0x0000015b77d18180, 0x0000015b77d1b420, 0x0000015b77d1a4f0,
0x0000015b77d15e10, 0x0000015b77d1c350, 0x0000015b77d1aa00, 0x0000015b77d1af10,
0x0000015b79fab440, 0x0000015b79fa90d0, 0x0000015b79fa7c90, 0x0000015b79fa5e30,
0x0000015b79faaa20, 0x0000015b79fa86b0, 0x0000015b79fa6d60, 0x0000015b79faa510,
0x0000015b79fa6340, 0x0000015b79fa8bc0, 0x0000015b79fa95e0, 0x0000015b79fa7270,
0x0000015b79fa9af0, 0x0000015b79fa6850, 0x0000015b79fa5920, 0x0000015b79faa000,
0x0000015b79fa7780, 0x0000015b79fa81a0, 0x0000015b79fa3fd0, 0x0000015b79faaf30,
0x0000015b77a6d590
}

Java Threads: ( => current thread )
  0x0000015b501a0d20 JavaThread "main" [_thread_blocked, id=21096, stack(0x0000003fb9a00000,0x0000003fb9b00000)]
  0x0000015b70e9b170 JavaThread "Reference Handler" daemon [_thread_blocked, id=18084, stack(0x0000003fba100000,0x0000003fba200000)]
  0x0000015b70e9bca0 JavaThread "Finalizer" daemon [_thread_blocked, id=5364, stack(0x0000003fba200000,0x0000003fba300000)]
  0x0000015b70eae800 JavaThread "Signal Dispatcher" daemon [_thread_blocked, id=22420, stack(0x0000003fba300000,0x0000003fba400000)]
  0x0000015b75044340 JavaThread "Attach Listener" daemon [_thread_blocked, id=21748, stack(0x0000003fba400000,0x0000003fba500000)]
  0x0000015b75047320 JavaThread "Service Thread" daemon [_thread_blocked, id=20300, stack(0x0000003fba500000,0x0000003fba600000)]
  0x0000015b75047ce0 JavaThread "Monitor Deflation Thread" daemon [_thread_blocked, id=21496, stack(0x0000003fba600000,0x0000003fba700000)]
=>0x0000015b75048e90 JavaThread "C2 CompilerThread0" daemon [_thread_in_native, id=8496, stack(0x0000003fba700000,0x0000003fba800000)]
  0x0000015b75049940 JavaThread "C1 CompilerThread0" daemon [_thread_blocked, id=15640, stack(0x0000003fba800000,0x0000003fba900000)]
  0x0000015b75054360 JavaThread "Sweeper thread" daemon [_thread_blocked, id=19788, stack(0x0000003fba900000,0x0000003fbaa00000)]
  0x0000015b751bb900 JavaThread "Common-Cleaner" daemon [_thread_blocked, id=28256, stack(0x0000003fbab00000,0x0000003fbac00000)]
  0x0000015b7527a570 JavaThread "Notification Thread" daemon [_thread_blocked, id=23076, stack(0x0000003fbaf00000,0x0000003fbb000000)]
  0x0000015b77deb500 JavaThread "Daemon health stats" [_thread_blocked, id=28148, stack(0x0000003fbb900000,0x0000003fbba00000)]
  0x0000015b75506c40 JavaThread "Incoming local TCP Connector on port 61220" [_thread_in_native, id=24944, stack(0x0000003fbb200000,0x0000003fbb300000)]
  0x0000015b77005d60 JavaThread "Daemon periodic checks" [_thread_blocked, id=624, stack(0x0000003fbb100000,0x0000003fbb200000)]
  0x0000015b765e0b60 JavaThread "Daemon" [_thread_blocked, id=14536, stack(0x0000003fbb300000,0x0000003fbb400000)]
  0x0000015b773a59c0 JavaThread "Handler for socket connection from /127.0.0.1:61220 to /127.0.0.1:61221" [_thread_in_native, id=14588, stack(0x0000003fbba00000,0x0000003fbbb00000)]
  0x0000015b76d7d9b0 JavaThread "Cancel handler" [_thread_blocked, id=20524, stack(0x0000003fbbb00000,0x0000003fbbc00000)]
  0x0000015b76d7c570 JavaThread "Daemon worker" [_thread_in_Java, id=860, stack(0x0000003fbbc00000,0x0000003fbbd00000)]
  0x0000015b76d7e3d0 JavaThread "Asynchronous log dispatcher for DefaultDaemonConnection: socket connection from /127.0.0.1:61220 to /127.0.0.1:61221" [_thread_blocked, id=5692, stack(0x0000003fbbd00000,0x0000003fbbe00000)]
  0x0000015b76d7dec0 JavaThread "Stdin handler" [_thread_blocked, id=17672, stack(0x0000003fbbe00000,0x0000003fbbf00000)]
  0x0000015b76d7d4a0 JavaThread "Daemon client event forwarder" [_thread_blocked, id=24044, stack(0x0000003fbbf00000,0x0000003fbc000000)]
  0x0000015b76d7b640 JavaThread "Cache worker for journal cache (C:\Users\vanam\.gradle\caches\journal-1)" [_thread_blocked, id=9716, stack(0x0000003fbc000000,0x0000003fbc100000)]
  0x0000015b76d7bb50 JavaThread "File lock request listener" [_thread_in_native, id=27320, stack(0x0000003fbc100000,0x0000003fbc200000)]
  0x0000015b76d7e8e0 JavaThread "Cache worker for file hash cache (C:\Users\vanam\.gradle\caches\8.6\fileHashes)" [_thread_blocked, id=3036, stack(0x0000003fbc200000,0x0000003fbc300000)]
  0x0000015b76d7edf0 JavaThread "File watcher server" daemon [_thread_in_native, id=14472, stack(0x0000003fbc300000,0x0000003fbc400000)]
  0x0000015b76d7c060 JavaThread "File watcher consumer" daemon [_thread_blocked, id=14000, stack(0x0000003fbc400000,0x0000003fbc500000)]
  0x0000015b76d7ca80 JavaThread "Cache worker for checksums cache (E:\clickSolver\partnermobileapp\android\.gradle\8.6\checksums)" [_thread_blocked, id=27800, stack(0x0000003fbce00000,0x0000003fbcf00000)]
  0x0000015b795faa70 JavaThread "Cache worker for file hash cache (E:\clickSolver\partnermobileapp\android\.gradle\8.6\fileHashes)" [_thread_blocked, id=11424, stack(0x0000003fbcf00000,0x0000003fbd000000)]
  0x0000015b795faf80 JavaThread "Cache worker for cache directory md-supplier (C:\Users\vanam\.gradle\caches\8.6\md-supplier)" [_thread_blocked, id=9600, stack(0x0000003fbd000000,0x0000003fbd100000)]
  0x0000015b795ff150 JavaThread "Cache worker for cache directory md-rule (C:\Users\vanam\.gradle\caches\8.6\md-rule)" [_thread_blocked, id=21816, stack(0x0000003fbd100000,0x0000003fbd200000)]
  0x0000015b795fec40 JavaThread "Cache worker for file content cache (C:\Users\vanam\.gradle\caches\8.6\fileContent)" [_thread_blocked, id=14292, stack(0x0000003fbd200000,0x0000003fbd300000)]
  0x0000015b795fb9a0 JavaThread "File lock release action executor" [_thread_blocked, id=27072, stack(0x0000003fbd400000,0x0000003fbd500000)]
  0x0000015b795ff660 JavaThread "jar transforms" [_thread_blocked, id=11688, stack(0x0000003fbd700000,0x0000003fbd800000)]
  0x0000015b79600590 JavaThread "jar transforms Thread 2" [_thread_blocked, id=13608, stack(0x0000003fbaa00000,0x0000003fbab00000)]
  0x0000015b795fe730 JavaThread "jar transforms Thread 3" [_thread_blocked, id=18904, stack(0x0000003fbae00000,0x0000003fbaf00000)]
  0x0000015b795fc3c0 JavaThread "jar transforms Thread 4" [_thread_blocked, id=24712, stack(0x0000003fbd300000,0x0000003fbd400000)]
  0x0000015b795fbeb0 JavaThread "Exec process" [_thread_blocked, id=17400, stack(0x0000003fbd800000,0x0000003fbd900000)]
  0x0000015b795fa560 JavaThread "Exec process Thread 2" [_thread_blocked, id=21372, stack(0x0000003fbd600000,0x0000003fbd700000)]
  0x0000015b79600080 JavaThread "Exec process Thread 3" [_thread_blocked, id=3148, stack(0x0000003fbd900000,0x0000003fbda00000)]
  0x0000015b75ac65c0 JavaThread "C1 CompilerThread1" daemon [_thread_blocked, id=18980, stack(0x0000003fbad00000,0x0000003fbae00000)]
  0x0000015b795fdd10 JavaThread "jar transforms Thread 5" [_thread_blocked, id=22696, stack(0x0000003fbd500000,0x0000003fbd600000)]
  0x0000015b795fb490 JavaThread "jar transforms Thread 6" [_thread_blocked, id=5660, stack(0x0000003fbda00000,0x0000003fbdb00000)]
  0x0000015b79600aa0 JavaThread "Unconstrained build operations" [_thread_blocked, id=14512, stack(0x0000003fbdb00000,0x0000003fbdc00000)]
  0x0000015b795fc8d0 JavaThread "Unconstrained build operations Thread 2" [_thread_blocked, id=24508, stack(0x0000003fbdc00000,0x0000003fbdd00000)]
  0x0000015b79600fb0 JavaThread "jar transforms Thread 7" [_thread_blocked, id=18708, stack(0x0000003fbde00000,0x0000003fbdf00000)]
  0x0000015b795f9b40 JavaThread "jar transforms Thread 8" [_thread_blocked, id=3664, stack(0x0000003fbdf00000,0x0000003fbe000000)]
  0x0000015b795fcde0 JavaThread "Cache worker for Build Output Cleanup Cache (E:\clickSolver\partnermobileapp\node_modules\@react-native\gradle-plugin\.gradle\buildOutputCleanup)" [_thread_blocked, id=4708, stack(0x0000003fbdd00000,0x0000003fbde00000)]
  0x0000015b75ac6b10 JavaThread "C1 CompilerThread2" daemon [_thread_blocked, id=24160, stack(0x0000003fbe000000,0x0000003fbe100000)]
  0x0000015b795fd2f0 JavaThread "jar transforms Thread 9" [_thread_blocked, id=16120, stack(0x0000003fbe100000,0x0000003fbe200000)]
  0x0000015b795fd800 JavaThread "jar transforms Thread 10" [_thread_blocked, id=22680, stack(0x0000003fbe200000,0x0000003fbe300000)]
  0x0000015b795fe220 JavaThread "Unconstrained build operations Thread 3" [_thread_blocked, id=21136, stack(0x0000003fbe400000,0x0000003fbe500000)]
  0x0000015b796014c0 JavaThread "Unconstrained build operations Thread 4" [_thread_blocked, id=26164, stack(0x0000003fbe500000,0x0000003fbe600000)]
  0x0000015b795fa050 JavaThread "Unconstrained build operations Thread 5" [_thread_blocked, id=1312, stack(0x0000003fbe600000,0x0000003fbe700000)]
  0x0000015b75e3a770 JavaThread "Unconstrained build operations Thread 6" [_thread_blocked, id=8116, stack(0x0000003fbe700000,0x0000003fbe800000)]
  0x0000015b75e38e20 JavaThread "Unconstrained build operations Thread 7" [_thread_blocked, id=9784, stack(0x0000003fbe800000,0x0000003fbe900000)]
  0x0000015b75e3c0c0 JavaThread "Unconstrained build operations Thread 8" [_thread_blocked, id=23232, stack(0x0000003fbe900000,0x0000003fbea00000)]
  0x0000015b75e39330 JavaThread "Unconstrained build operations Thread 9" [_thread_blocked, id=20072, stack(0x0000003fbea00000,0x0000003fbeb00000)]
  0x0000015b75e39840 JavaThread "Unconstrained build operations Thread 10" [_thread_blocked, id=21444, stack(0x0000003fbeb00000,0x0000003fbec00000)]
  0x0000015b75e3a260 JavaThread "Unconstrained build operations Thread 11" [_thread_blocked, id=14540, stack(0x0000003fbec00000,0x0000003fbed00000)]
  0x0000015b75e3bbb0 JavaThread "Unconstrained build operations Thread 12" [_thread_blocked, id=12760, stack(0x0000003fbed00000,0x0000003fbee00000)]
  0x0000015b75e38910 JavaThread "Unconstrained build operations Thread 13" [_thread_blocked, id=9440, stack(0x0000003fbee00000,0x0000003fbef00000)]
  0x0000015b75e39d50 JavaThread "Unconstrained build operations Thread 14" [_thread_blocked, id=8656, stack(0x0000003fbef00000,0x0000003fbf000000)]
  0x0000015b75e3ac80 JavaThread "Unconstrained build operations Thread 15" [_thread_blocked, id=23052, stack(0x0000003fbf000000,0x0000003fbf100000)]
  0x0000015b75e3b190 JavaThread "Unconstrained build operations Thread 16" [_thread_blocked, id=20568, stack(0x0000003fbf100000,0x0000003fbf200000)]
  0x0000015b75e3b6a0 JavaThread "Unconstrained build operations Thread 17" [_thread_blocked, id=18456, stack(0x0000003fbf200000,0x0000003fbf300000)]
  0x0000015b78a5f020 JavaThread "Memory manager" [_thread_blocked, id=2276, stack(0x0000003fbe300000,0x0000003fbe400000)]
  0x0000015b78a5dbe0 JavaThread "jar transforms Thread 11" [_thread_blocked, id=21764, stack(0x0000003fbf300000,0x0000003fbf400000)]
  0x0000015b78a5d1c0 JavaThread "jar transforms Thread 12" [_thread_blocked, id=12968, stack(0x0000003fbf400000,0x0000003fbf500000)]
  0x0000015b78a5d6d0 JavaThread "build event listener" [_thread_blocked, id=16004, stack(0x0000003fbf500000,0x0000003fbf600000)]
  0x0000015b75ac4b30 JavaThread "C1 CompilerThread3" daemon [_thread_blocked, id=19572, stack(0x0000003fbac00000,0x0000003fbad00000)]
  0x0000015b78a5bd80 JavaThread "jar transforms Thread 13" [_thread_blocked, id=18836, stack(0x0000003fbf700000,0x0000003fbf800000)]
  0x0000015b78a5eb10 JavaThread "jar transforms Thread 14" [_thread_blocked, id=25372, stack(0x0000003fbf800000,0x0000003fbf900000)]
  0x0000015b78a5e0f0 JavaThread "jar transforms Thread 15" [_thread_blocked, id=26384, stack(0x0000003fbf600000,0x0000003fbf700000)]
  0x0000015b78a5c290 JavaThread "jar transforms Thread 16" [_thread_blocked, id=22772, stack(0x0000003fbf900000,0x0000003fbfa00000)]
  0x0000015b78a5c7a0 JavaThread "Cache worker for Build Output Cleanup Cache (E:\clickSolver\partnermobileapp\android\.gradle\buildOutputCleanup)" [_thread_blocked, id=2544, stack(0x0000003fbfb00000,0x0000003fbfc00000)]
  0x0000015b78a5f530 JavaThread "ForkJoinPool.commonPool-worker-1" daemon [_thread_blocked, id=26300, stack(0x0000003fbfc00000,0x0000003fbfd00000)]
  0x0000015b78a5e600 JavaThread "ForkJoinPool.commonPool-worker-2" daemon [_thread_blocked, id=3976, stack(0x0000003fbfd00000,0x0000003fbfe00000)]
  0x0000015b77ac3560 JavaThread "ForkJoinPool.commonPool-worker-3" daemon [_thread_blocked, id=18732, stack(0x0000003fbfe00000,0x0000003fbff00000)]
  0x0000015b77abf8a0 JavaThread "ForkJoinPool.commonPool-worker-4" daemon [_thread_blocked, id=23608, stack(0x0000003fbff00000,0x0000003fc0000000)]
  0x0000015b77ac02c0 JavaThread "ForkJoinPool.commonPool-worker-5" daemon [_thread_blocked, id=19992, stack(0x0000003fc0000000,0x0000003fc0100000)]
  0x0000015b77ac49a0 JavaThread "ForkJoinPool.commonPool-worker-6" daemon [_thread_blocked, id=20852, stack(0x0000003fc0100000,0x0000003fc0200000)]
  0x0000015b77ac5de0 JavaThread "ForkJoinPool.commonPool-worker-7" daemon [_thread_blocked, id=25720, stack(0x0000003fc0200000,0x0000003fc0300000)]
  0x0000015b77ac2b40 JavaThread "ForkJoinPool.commonPool-worker-8" daemon [_thread_blocked, id=9732, stack(0x0000003fc0300000,0x0000003fc0400000)]
  0x0000015b77ac11f0 JavaThread "included builds" [_thread_blocked, id=17028, stack(0x0000003fc0400000,0x0000003fc0500000)]
  0x0000015b77ac3a70 JavaThread "Execution worker" [_thread_blocked, id=28060, stack(0x0000003fc0500000,0x0000003fc0600000)]
  0x0000015b77ac1700 JavaThread "Execution worker Thread 2" [_thread_blocked, id=24216, stack(0x0000003fc0600000,0x0000003fc0700000)]
  0x0000015b77abee80 JavaThread "Execution worker Thread 3" [_thread_blocked, id=25008, stack(0x0000003fc0700000,0x0000003fc0800000)]
  0x0000015b77ac1c10 JavaThread "Execution worker Thread 4" [_thread_blocked, id=25908, stack(0x0000003fc0800000,0x0000003fc0900000)]
  0x0000015b77ac3f80 JavaThread "Execution worker Thread 5" [_thread_blocked, id=22716, stack(0x0000003fc0900000,0x0000003fc0a00000)]
  0x0000015b77ac62f0 JavaThread "Execution worker Thread 6" [_thread_blocked, id=25596, stack(0x0000003fc0a00000,0x0000003fc0b00000)]
  0x0000015b77abfdb0 JavaThread "Execution worker Thread 7" [_thread_blocked, id=15112, stack(0x0000003fc0b00000,0x0000003fc0c00000)]
  0x0000015b77ac07d0 JavaThread "Execution worker Thread 8" [_thread_blocked, id=27040, stack(0x0000003fc0c00000,0x0000003fc0d00000)]
  0x0000015b77ac2120 JavaThread "Execution worker Thread 9" [_thread_blocked, id=3836, stack(0x0000003fc0d00000,0x0000003fc0e00000)]
  0x0000015b77ac0ce0 JavaThread "Execution worker Thread 10" [_thread_blocked, id=25180, stack(0x0000003fc0e00000,0x0000003fc0f00000)]
  0x0000015b77ac2630 JavaThread "Execution worker Thread 11" [_thread_blocked, id=23436, stack(0x0000003fc0f00000,0x0000003fc1000000)]
  0x0000015b77ac4490 JavaThread "Execution worker Thread 12" [_thread_blocked, id=21512, stack(0x0000003fc1000000,0x0000003fc1100000)]
  0x0000015b77ac3050 JavaThread "Execution worker Thread 13" [_thread_blocked, id=24120, stack(0x0000003fc1100000,0x0000003fc1200000)]
  0x0000015b77abf390 JavaThread "Execution worker Thread 14" [_thread_blocked, id=22192, stack(0x0000003fc1200000,0x0000003fc1300000)]
  0x0000015b77ac4eb0 JavaThread "Execution worker Thread 15" [_thread_blocked, id=28004, stack(0x0000003fc1300000,0x0000003fc1400000)]
  0x0000015b77ac6800 JavaThread "Cache worker for execution history cache (E:\clickSolver\partnermobileapp\node_modules\@react-native\gradle-plugin\.gradle\8.6\executionHistory)" [_thread_blocked, id=28664, stack(0x0000003fc1400000,0x0000003fc1500000)]
  0x0000015b77ac53c0 JavaThread "Unconstrained build operations Thread 18" [_thread_blocked, id=5580, stack(0x0000003fc1500000,0x0000003fc1600000)]
  0x0000015b77ac58d0 JavaThread "Unconstrained build operations Thread 19" [_thread_blocked, id=21516, stack(0x0000003fc1600000,0x0000003fc1700000)]
  0x0000015b77d17250 JavaThread "Unconstrained build operations Thread 20" [_thread_blocked, id=12492, stack(0x0000003fc1700000,0x0000003fc1800000)]
  0x0000015b77d16320 JavaThread "Unconstrained build operations Thread 21" [_thread_blocked, id=24196, stack(0x0000003fc1800000,0x0000003fc1900000)]
  0x0000015b77d17760 JavaThread "Unconstrained build operations Thread 22" [_thread_blocked, id=8020, stack(0x0000003fc1900000,0x0000003fc1a00000)]
  0x0000015b77d18ba0 JavaThread "Unconstrained build operations Thread 23" [_thread_blocked, id=12240, stack(0x0000003fc1a00000,0x0000003fc1b00000)]
  0x0000015b77d18690 JavaThread "Unconstrained build operations Thread 24" [_thread_blocked, id=19996, stack(0x0000003fc1b00000,0x0000003fc1c00000)]
  0x0000015b77d195c0 JavaThread "Unconstrained build operations Thread 25" [_thread_blocked, id=18008, stack(0x0000003fc1c00000,0x0000003fc1d00000)]
  0x0000015b77d1c860 JavaThread "Unconstrained build operations Thread 26" [_thread_blocked, id=27236, stack(0x0000003fc1d00000,0x0000003fc1e00000)]
  0x0000015b77d190b0 JavaThread "Unconstrained build operations Thread 27" [_thread_blocked, id=15116, stack(0x0000003fc1e00000,0x0000003fc1f00000)]
  0x0000015b77d16830 JavaThread "Unconstrained build operations Thread 28" [_thread_blocked, id=25840, stack(0x0000003fc1f00000,0x0000003fc2000000)]
  0x0000015b77d17c70 JavaThread "Unconstrained build operations Thread 29" [_thread_blocked, id=15316, stack(0x0000003fc2000000,0x0000003fc2100000)]
  0x0000015b77d19ad0 JavaThread "Unconstrained build operations Thread 30" [_thread_blocked, id=23268, stack(0x0000003fc2100000,0x0000003fc2200000)]
  0x0000015b77d1cd70 JavaThread "Unconstrained build operations Thread 31" [_thread_blocked, id=9260, stack(0x0000003fc2200000,0x0000003fc2300000)]
  0x0000015b77d15900 JavaThread "Unconstrained build operations Thread 32" [_thread_blocked, id=27068, stack(0x0000003fc2300000,0x0000003fc2400000)]
  0x0000015b77d1b930 JavaThread "Unconstrained build operations Thread 33" [_thread_blocked, id=23920, stack(0x0000003fc2400000,0x0000003fc2500000)]
  0x0000015b77d1be40 JavaThread "Unconstrained build operations Thread 34" [_thread_blocked, id=27916, stack(0x0000003fc2500000,0x0000003fc2600000)]
  0x0000015b77d16d40 JavaThread "Unconstrained build operations Thread 35" [_thread_blocked, id=23880, stack(0x0000003fc2600000,0x0000003fc2700000)]
  0x0000015b77d1d280 JavaThread "Unconstrained build operations Thread 36" [_thread_blocked, id=17640, stack(0x0000003fc2700000,0x0000003fc2800000)]
  0x0000015b77d19fe0 JavaThread "Unconstrained build operations Thread 37" [_thread_blocked, id=24772, stack(0x0000003fc2800000,0x0000003fc2900000)]
  0x0000015b77d18180 JavaThread "Unconstrained build operations Thread 38" [_thread_blocked, id=14168, stack(0x0000003fc2900000,0x0000003fc2a00000)]
  0x0000015b77d1b420 JavaThread "Unconstrained build operations Thread 39" [_thread_blocked, id=26200, stack(0x0000003fc2a00000,0x0000003fc2b00000)]
  0x0000015b77d1a4f0 JavaThread "Unconstrained build operations Thread 40" [_thread_blocked, id=24096, stack(0x0000003fc2b00000,0x0000003fc2c00000)]
  0x0000015b77d15e10 JavaThread "Unconstrained build operations Thread 41" [_thread_blocked, id=7900, stack(0x0000003fc2c00000,0x0000003fc2d00000)]
  0x0000015b77d1c350 JavaThread "Unconstrained build operations Thread 42" [_thread_blocked, id=24288, stack(0x0000003fc2d00000,0x0000003fc2e00000)]
  0x0000015b77d1aa00 JavaThread "Unconstrained build operations Thread 43" [_thread_blocked, id=12956, stack(0x0000003fc2e00000,0x0000003fc2f00000)]
  0x0000015b77d1af10 JavaThread "Unconstrained build operations Thread 44" [_thread_blocked, id=28120, stack(0x0000003fc2f00000,0x0000003fc3000000)]
  0x0000015b79fab440 JavaThread "Unconstrained build operations Thread 45" [_thread_blocked, id=13832, stack(0x0000003fc3000000,0x0000003fc3100000)]
  0x0000015b79fa90d0 JavaThread "Unconstrained build operations Thread 46" [_thread_blocked, id=19476, stack(0x0000003fc3100000,0x0000003fc3200000)]
  0x0000015b79fa7c90 JavaThread "Unconstrained build operations Thread 47" [_thread_blocked, id=23464, stack(0x0000003fc3200000,0x0000003fc3300000)]
  0x0000015b79fa5e30 JavaThread "Unconstrained build operations Thread 48" [_thread_blocked, id=21004, stack(0x0000003fc3300000,0x0000003fc3400000)]
  0x0000015b79faaa20 JavaThread "Unconstrained build operations Thread 49" [_thread_blocked, id=15188, stack(0x0000003fc3400000,0x0000003fc3500000)]
  0x0000015b79fa86b0 JavaThread "Unconstrained build operations Thread 50" [_thread_blocked, id=21704, stack(0x0000003fbfa00000,0x0000003fbfb00000)]
  0x0000015b79fa6d60 JavaThread "Unconstrained build operations Thread 51" [_thread_blocked, id=15804, stack(0x0000003fc3500000,0x0000003fc3600000)]
  0x0000015b79faa510 JavaThread "Unconstrained build operations Thread 52" [_thread_blocked, id=26080, stack(0x0000003fc3600000,0x0000003fc3700000)]
  0x0000015b79fa6340 JavaThread "Unconstrained build operations Thread 53" [_thread_blocked, id=17216, stack(0x0000003fc3700000,0x0000003fc3800000)]
  0x0000015b79fa8bc0 JavaThread "Unconstrained build operations Thread 54" [_thread_blocked, id=6620, stack(0x0000003fc3800000,0x0000003fc3900000)]
  0x0000015b79fa95e0 JavaThread "Unconstrained build operations Thread 55" [_thread_blocked, id=9860, stack(0x0000003fc3900000,0x0000003fc3a00000)]
  0x0000015b79fa7270 JavaThread "Unconstrained build operations Thread 56" [_thread_blocked, id=15020, stack(0x0000003fc3a00000,0x0000003fc3b00000)]
  0x0000015b79fa9af0 JavaThread "Unconstrained build operations Thread 57" [_thread_blocked, id=25204, stack(0x0000003fc3b00000,0x0000003fc3c00000)]
  0x0000015b79fa6850 JavaThread "Unconstrained build operations Thread 58" [_thread_blocked, id=17956, stack(0x0000003fc3c00000,0x0000003fc3d00000)]
  0x0000015b79fa5920 JavaThread "Unconstrained build operations Thread 59" [_thread_blocked, id=26580, stack(0x0000003fc3d00000,0x0000003fc3e00000)]
  0x0000015b79faa000 JavaThread "Unconstrained build operations Thread 60" [_thread_blocked, id=9068, stack(0x0000003fc3e00000,0x0000003fc3f00000)]
  0x0000015b79fa7780 JavaThread "Unconstrained build operations Thread 61" [_thread_blocked, id=10752, stack(0x0000003fc3f00000,0x0000003fc4000000)]
  0x0000015b79fa81a0 JavaThread "Unconstrained build operations Thread 62" [_thread_blocked, id=25264, stack(0x0000003fc4000000,0x0000003fc4100000)]
  0x0000015b79fa3fd0 JavaThread "Unconstrained build operations Thread 63" [_thread_blocked, id=16868, stack(0x0000003fc4100000,0x0000003fc4200000)]
  0x0000015b79faaf30 JavaThread "Unconstrained build operations Thread 64" [_thread_blocked, id=17288, stack(0x0000003fc4200000,0x0000003fc4300000)]
  0x0000015b77a6d590 JavaThread "C2 CompilerThread1" daemon [_thread_in_native, id=2128, stack(0x0000003fc4300000,0x0000003fc4400000)]

Other Threads:
  0x0000015b75042010 VMThread "VM Thread" [stack: 0x0000003fba000000,0x0000003fba100000] [id=10232]
  0x0000015b50243450 WatcherThread [stack: 0x0000003fbb000000,0x0000003fbb100000] [id=24300]
  0x0000015b5009e810 GCTaskThread "GC Thread#0" [stack: 0x0000003fb9b00000,0x0000003fb9c00000] [id=28324]
  0x0000015b7554d9f0 GCTaskThread "GC Thread#1" [stack: 0x0000003fbb400000,0x0000003fbb500000] [id=13780]
  0x0000015b7554dcb0 GCTaskThread "GC Thread#2" [stack: 0x0000003fbb500000,0x0000003fbb600000] [id=25544]
  0x0000015b75e0f980 GCTaskThread "GC Thread#3" [stack: 0x0000003fbb600000,0x0000003fbb700000] [id=11884]
  0x0000015b75e0fc40 GCTaskThread "GC Thread#4" [stack: 0x0000003fbb700000,0x0000003fbb800000] [id=12576]
  0x0000015b75e0ff00 GCTaskThread "GC Thread#5" [stack: 0x0000003fbb800000,0x0000003fbb900000] [id=1064]
  0x0000015b78633660 GCTaskThread "GC Thread#6" [stack: 0x0000003fbc500000,0x0000003fbc600000] [id=9788]
  0x0000015b767d7d20 GCTaskThread "GC Thread#7" [stack: 0x0000003fbc600000,0x0000003fbc700000] [id=18840]
  0x0000015b79823010 GCTaskThread "GC Thread#8" [stack: 0x0000003fbc700000,0x0000003fbc800000] [id=21404]
  0x0000015b77c50360 GCTaskThread "GC Thread#9" [stack: 0x0000003fbc800000,0x0000003fbc900000] [id=20428]
  0x0000015b77c513e0 GCTaskThread "GC Thread#10" [stack: 0x0000003fbc900000,0x0000003fbca00000] [id=3640]
  0x0000015b77c4f860 GCTaskThread "GC Thread#11" [stack: 0x0000003fbca00000,0x0000003fbcb00000] [id=18896]
  0x0000015b77c4fb20 GCTaskThread "GC Thread#12" [stack: 0x0000003fbcb00000,0x0000003fbcc00000] [id=27852]
  0x0000015b50207630 ConcurrentGCThread "G1 Main Marker" [stack: 0x0000003fb9c00000,0x0000003fb9d00000] [id=16256]
  0x0000015b50208040 ConcurrentGCThread "G1 Conc#0" [stack: 0x0000003fb9d00000,0x0000003fb9e00000] [id=2940]
  0x0000015b77c500a0 ConcurrentGCThread "G1 Conc#1" [stack: 0x0000003fbcc00000,0x0000003fbcd00000] [id=11268]
  0x0000015b77c51120 ConcurrentGCThread "G1 Conc#2" [stack: 0x0000003fbcd00000,0x0000003fbce00000] [id=19072]
  0x0000015b5025e1f0 ConcurrentGCThread "G1 Refine#0" [stack: 0x0000003fb9e00000,0x0000003fb9f00000] [id=17452]
  0x0000015b5025ec20 ConcurrentGCThread "G1 Service" [stack: 0x0000003fb9f00000,0x0000003fba000000] [id=5760]

Threads with active compile tasks:
C2 CompilerThread0    29373 10390       4       java.util.zip.ZipFile$Source::initCEN (591 bytes)
C2 CompilerThread1    29373 10389       4       java.lang.Class::getMethodsRecursive (99 bytes)

VM state: not at safepoint (normal execution)

VM Mutex/Monitor currently owned by a thread: None

Heap address: 0x0000000080000000, size: 2048 MB, Compressed Oops mode: 32-bit

CDS archive(s) mapped at: [0x0000015b00000000-0x0000015b00bd0000-0x0000015b00bd0000), size 12386304, SharedBaseAddress: 0x0000015b00000000, ArchiveRelocationMode: 1.
Compressed class space mapped at: 0x0000015b01000000-0x0000015b1b000000, reserved size: 436207616
Narrow klass base: 0x0000015b00000000, Narrow klass shift: 0, Narrow klass range: 0x100000000

GC Precious Log:
 CPUs: 16 total, 16 available
 Memory: 16068M
 Large Page Support: Disabled
 NUMA Support: Disabled
 Compressed Oops: Enabled (32-bit)
 Heap Region Size: 1M
 Heap Min Capacity: 8M
 Heap Initial Capacity: 252M
 Heap Max Capacity: 2G
 Pre-touch: Disabled
 Parallel Workers: 13
 Concurrent Workers: 3
 Concurrent Refinement Workers: 13
 Periodic GC: Disabled

Heap:
 garbage-first heap   total 126976K, used 86217K [0x0000000080000000, 0x0000000100000000)
  region size 1024K, 5 young (5120K), 4 survivors (4096K)
 Metaspace       used 68636K, committed 69376K, reserved 491520K
  class space    used 9731K, committed 10048K, reserved 425984K

Heap Regions: E=young(eden), S=young(survivor), O=old, HS=humongous(starts), HC=humongous(continues), CS=collection set, F=free, OA=open archive, CA=closed archive, TAMS=top-at-mark-start (previous, next)
|   0|0x0000000080000000, 0x0000000080100000, 0x0000000080100000|100%|HS|  |TAMS 0x0000000080100000, 0x0000000080100000| Complete 
|   1|0x0000000080100000, 0x0000000080200000, 0x0000000080200000|100%|HC|  |TAMS 0x0000000080200000, 0x0000000080200000| Complete 
|   2|0x0000000080200000, 0x0000000080300000, 0x0000000080300000|100%|HC|  |TAMS 0x0000000080300000, 0x0000000080300000| Complete 
|   3|0x0000000080300000, 0x0000000080400000, 0x0000000080400000|100%|HC|  |TAMS 0x0000000080400000, 0x0000000080400000| Complete 
|   4|0x0000000080400000, 0x0000000080500000, 0x0000000080500000|100%| O|  |TAMS 0x0000000080500000, 0x0000000080500000| Untracked 
|   5|0x0000000080500000, 0x0000000080600000, 0x0000000080600000|100%| O|  |TAMS 0x0000000080600000, 0x0000000080600000| Untracked 
|   6|0x0000000080600000, 0x0000000080700000, 0x0000000080700000|100%| O|  |TAMS 0x0000000080700000, 0x0000000080700000| Untracked 
|   7|0x0000000080700000, 0x0000000080800000, 0x0000000080800000|100%| O|  |TAMS 0x0000000080800000, 0x0000000080800000| Untracked 
|   8|0x0000000080800000, 0x0000000080900000, 0x0000000080900000|100%| O|  |TAMS 0x0000000080900000, 0x0000000080900000| Untracked 
|   9|0x0000000080900000, 0x0000000080a00000, 0x0000000080a00000|100%| O|  |TAMS 0x0000000080a00000, 0x0000000080a00000| Untracked 
|  10|0x0000000080a00000, 0x0000000080b00000, 0x0000000080b00000|100%| O|  |TAMS 0x0000000080b00000, 0x0000000080b00000| Untracked 
|  11|0x0000000080b00000, 0x0000000080c00000, 0x0000000080c00000|100%| O|  |TAMS 0x0000000080c00000, 0x0000000080c00000| Untracked 
|  12|0x0000000080c00000, 0x0000000080d00000, 0x0000000080d00000|100%| O|  |TAMS 0x0000000080d00000, 0x0000000080d00000| Untracked 
|  13|0x0000000080d00000, 0x0000000080e00000, 0x0000000080e00000|100%| O|  |TAMS 0x0000000080e00000, 0x0000000080e00000| Untracked 
|  14|0x0000000080e00000, 0x0000000080f00000, 0x0000000080f00000|100%| O|  |TAMS 0x0000000080f00000, 0x0000000080f00000| Untracked 
|  15|0x0000000080f00000, 0x0000000081000000, 0x0000000081000000|100%| O|  |TAMS 0x0000000081000000, 0x0000000081000000| Untracked 
|  16|0x0000000081000000, 0x0000000081100000, 0x0000000081100000|100%| O|  |TAMS 0x0000000081100000, 0x0000000081100000| Untracked 
|  17|0x0000000081100000, 0x0000000081200000, 0x0000000081200000|100%| O|  |TAMS 0x0000000081200000, 0x0000000081200000| Untracked 
|  18|0x0000000081200000, 0x0000000081300000, 0x0000000081300000|100%| O|  |TAMS 0x0000000081300000, 0x0000000081300000| Untracked 
|  19|0x0000000081300000, 0x0000000081400000, 0x0000000081400000|100%| O|  |TAMS 0x0000000081400000, 0x0000000081400000| Untracked 
|  20|0x0000000081400000, 0x0000000081500000, 0x0000000081500000|100%| O|  |TAMS 0x0000000081500000, 0x0000000081500000| Untracked 
|  21|0x0000000081500000, 0x0000000081600000, 0x0000000081600000|100%| O|  |TAMS 0x0000000081600000, 0x0000000081600000| Untracked 
|  22|0x0000000081600000, 0x0000000081700000, 0x0000000081700000|100%| O|  |TAMS 0x0000000081700000, 0x0000000081700000| Untracked 
|  23|0x0000000081700000, 0x0000000081800000, 0x0000000081800000|100%| O|  |TAMS 0x0000000081800000, 0x0000000081800000| Untracked 
|  24|0x0000000081800000, 0x0000000081900000, 0x0000000081900000|100%| O|  |TAMS 0x0000000081900000, 0x0000000081900000| Untracked 
|  25|0x0000000081900000, 0x0000000081a00000, 0x0000000081a00000|100%| O|  |TAMS 0x0000000081a00000, 0x0000000081a00000| Untracked 
|  26|0x0000000081a00000, 0x0000000081b00000, 0x0000000081b00000|100%| O|  |TAMS 0x0000000081b00000, 0x0000000081b00000| Untracked 
|  27|0x0000000081b00000, 0x0000000081c00000, 0x0000000081c00000|100%| O|  |TAMS 0x0000000081c00000, 0x0000000081c00000| Untracked 
|  28|0x0000000081c00000, 0x0000000081d00000, 0x0000000081d00000|100%| O|  |TAMS 0x0000000081d00000, 0x0000000081d00000| Untracked 
|  29|0x0000000081d00000, 0x0000000081e00000, 0x0000000081e00000|100%| O|  |TAMS 0x0000000081e00000, 0x0000000081e00000| Untracked 
|  30|0x0000000081e00000, 0x0000000081f00000, 0x0000000081f00000|100%| O|  |TAMS 0x0000000081f00000, 0x0000000081f00000| Untracked 
|  31|0x0000000081f00000, 0x0000000082000000, 0x0000000082000000|100%| O|  |TAMS 0x0000000082000000, 0x0000000082000000| Untracked 
|  32|0x0000000082000000, 0x0000000082100000, 0x0000000082100000|100%| O|  |TAMS 0x0000000082100000, 0x0000000082100000| Untracked 
|  33|0x0000000082100000, 0x0000000082200000, 0x0000000082200000|100%| O|  |TAMS 0x0000000082200000, 0x0000000082200000| Untracked 
|  34|0x0000000082200000, 0x0000000082300000, 0x0000000082300000|100%|HS|  |TAMS 0x0000000082300000, 0x0000000082300000| Complete 
|  35|0x0000000082300000, 0x0000000082400000, 0x0000000082400000|100%|HC|  |TAMS 0x0000000082400000, 0x0000000082400000| Complete 
|  36|0x0000000082400000, 0x0000000082500000, 0x0000000082500000|100%|HS|  |TAMS 0x0000000082500000, 0x0000000082500000| Complete 
|  37|0x0000000082500000, 0x0000000082600000, 0x0000000082600000|100%|HC|  |TAMS 0x0000000082600000, 0x0000000082600000| Complete 
|  38|0x0000000082600000, 0x0000000082700000, 0x0000000082700000|100%| O|  |TAMS 0x0000000082700000, 0x0000000082700000| Untracked 
|  39|0x0000000082700000, 0x0000000082800000, 0x0000000082800000|100%|HS|  |TAMS 0x0000000082800000, 0x0000000082800000| Complete 
|  40|0x0000000082800000, 0x0000000082900000, 0x0000000082900000|100%|HC|  |TAMS 0x0000000082900000, 0x0000000082900000| Complete 
|  41|0x0000000082900000, 0x0000000082a00000, 0x0000000082a00000|100%|HC|  |TAMS 0x0000000082a00000, 0x0000000082a00000| Complete 
|  42|0x0000000082a00000, 0x0000000082b00000, 0x0000000082b00000|100%|HC|  |TAMS 0x0000000082b00000, 0x0000000082b00000| Complete 
|  43|0x0000000082b00000, 0x0000000082c00000, 0x0000000082c00000|100%|HS|  |TAMS 0x0000000082c00000, 0x0000000082c00000| Complete 
|  44|0x0000000082c00000, 0x0000000082d00000, 0x0000000082d00000|100%|HC|  |TAMS 0x0000000082d00000, 0x0000000082d00000| Complete 
|  45|0x0000000082d00000, 0x0000000082e00000, 0x0000000082e00000|100%|HC|  |TAMS 0x0000000082e00000, 0x0000000082e00000| Complete 
|  46|0x0000000082e00000, 0x0000000082f00000, 0x0000000082f00000|100%|HC|  |TAMS 0x0000000082f00000, 0x0000000082f00000| Complete 
|  47|0x0000000082f00000, 0x0000000083000000, 0x0000000083000000|100%| O|  |TAMS 0x0000000083000000, 0x0000000083000000| Untracked 
|  48|0x0000000083000000, 0x0000000083100000, 0x0000000083100000|100%| O|  |TAMS 0x0000000083100000, 0x0000000083100000| Untracked 
|  49|0x0000000083100000, 0x0000000083200000, 0x0000000083200000|100%| O|  |TAMS 0x0000000083200000, 0x0000000083200000| Untracked 
|  50|0x0000000083200000, 0x0000000083300000, 0x0000000083300000|100%| O|  |TAMS 0x0000000083300000, 0x0000000083300000| Untracked 
|  51|0x0000000083300000, 0x0000000083400000, 0x0000000083400000|100%| O|  |TAMS 0x0000000083400000, 0x0000000083400000| Untracked 
|  52|0x0000000083400000, 0x0000000083500000, 0x0000000083500000|100%|HS|  |TAMS 0x0000000083400000, 0x0000000083500000| Complete 
|  53|0x0000000083500000, 0x0000000083600000, 0x0000000083600000|100%| O|  |TAMS 0x0000000083600000, 0x0000000083600000| Untracked 
|  54|0x0000000083600000, 0x0000000083700000, 0x0000000083700000|100%| O|  |TAMS 0x0000000083700000, 0x0000000083700000| Untracked 
|  55|0x0000000083700000, 0x0000000083800000, 0x0000000083800000|100%| O|  |TAMS 0x0000000083800000, 0x0000000083800000| Untracked 
|  56|0x0000000083800000, 0x0000000083900000, 0x0000000083900000|100%| O|  |TAMS 0x0000000083900000, 0x0000000083900000| Untracked 
|  57|0x0000000083900000, 0x0000000083a00000, 0x0000000083a00000|100%| O|  |TAMS 0x0000000083a00000, 0x0000000083a00000| Untracked 
|  58|0x0000000083a00000, 0x0000000083b00000, 0x0000000083b00000|100%| O|  |TAMS 0x0000000083b00000, 0x0000000083b00000| Untracked 
|  59|0x0000000083b00000, 0x0000000083c00000, 0x0000000083c00000|100%| O|  |TAMS 0x0000000083c00000, 0x0000000083c00000| Untracked 
|  60|0x0000000083c00000, 0x0000000083d00000, 0x0000000083d00000|100%| O|  |TAMS 0x0000000083d00000, 0x0000000083d00000| Untracked 
|  61|0x0000000083d00000, 0x0000000083e00000, 0x0000000083e00000|100%| O|  |TAMS 0x0000000083e00000, 0x0000000083e00000| Untracked 
|  62|0x0000000083e00000, 0x0000000083f00000, 0x0000000083f00000|100%| O|  |TAMS 0x0000000083f00000, 0x0000000083f00000| Untracked 
|  63|0x0000000083f00000, 0x0000000084000000, 0x0000000084000000|100%| O|  |TAMS 0x0000000084000000, 0x0000000084000000| Untracked 
|  64|0x0000000084000000, 0x0000000084100000, 0x0000000084100000|100%| O|  |TAMS 0x00000000840eaa00, 0x0000000084100000| Untracked 
|  65|0x0000000084100000, 0x0000000084200000, 0x0000000084200000|100%| O|  |TAMS 0x0000000084100000, 0x0000000084200000| Untracked 
|  66|0x0000000084200000, 0x0000000084300000, 0x0000000084300000|100%| O|  |TAMS 0x0000000084200000, 0x0000000084300000| Untracked 
|  67|0x0000000084300000, 0x0000000084400000, 0x0000000084400000|100%| O|  |TAMS 0x0000000084300000, 0x0000000084400000| Untracked 
|  68|0x0000000084400000, 0x0000000084500000, 0x0000000084500000|100%| O|  |TAMS 0x0000000084400000, 0x0000000084500000| Untracked 
|  69|0x0000000084500000, 0x0000000084600000, 0x0000000084600000|100%| O|  |TAMS 0x0000000084500000, 0x0000000084600000| Untracked 
|  70|0x0000000084600000, 0x0000000084700000, 0x0000000084700000|100%| O|  |TAMS 0x0000000084600000, 0x0000000084700000| Untracked 
|  71|0x0000000084700000, 0x0000000084800000, 0x0000000084800000|100%| O|  |TAMS 0x0000000084700000, 0x0000000084800000| Untracked 
|  72|0x0000000084800000, 0x0000000084900000, 0x0000000084900000|100%| O|  |TAMS 0x0000000084800000, 0x0000000084900000| Untracked 
|  73|0x0000000084900000, 0x0000000084a00000, 0x0000000084a00000|100%| O|  |TAMS 0x0000000084900000, 0x0000000084a00000| Untracked 
|  74|0x0000000084a00000, 0x0000000084b00000, 0x0000000084b00000|100%| O|  |TAMS 0x0000000084a00000, 0x0000000084a48800| Untracked 
|  75|0x0000000084b00000, 0x0000000084c00000, 0x0000000084c00000|100%|HS|  |TAMS 0x0000000084b00000, 0x0000000084c00000| Complete 
|  76|0x0000000084c00000, 0x0000000084d00000, 0x0000000084d00000|100%|HS|  |TAMS 0x0000000084c00000, 0x0000000084d00000| Complete 
|  77|0x0000000084d00000, 0x0000000084d00000, 0x0000000084e00000|  0%| F|  |TAMS 0x0000000084d00000, 0x0000000084d00000| Untracked 
|  78|0x0000000084e00000, 0x0000000084f00000, 0x0000000084f00000|100%| O|  |TAMS 0x0000000084e00000, 0x0000000084e00000| Untracked 
|  79|0x0000000084f00000, 0x0000000085000000, 0x0000000085000000|100%| O|  |TAMS 0x0000000084f00000, 0x0000000084f00000| Untracked 
|  80|0x0000000085000000, 0x0000000085100000, 0x0000000085100000|100%| O|  |TAMS 0x0000000085000000, 0x0000000085000000| Untracked 
|  81|0x0000000085100000, 0x0000000085132600, 0x0000000085200000| 19%| O|  |TAMS 0x0000000085100000, 0x0000000085100000| Untracked 
|  82|0x0000000085200000, 0x0000000085200000, 0x0000000085300000|  0%| F|  |TAMS 0x0000000085200000, 0x0000000085200000| Untracked 
|  83|0x0000000085300000, 0x0000000085300000, 0x0000000085400000|  0%| F|  |TAMS 0x0000000085300000, 0x0000000085300000| Untracked 
|  84|0x0000000085400000, 0x0000000085400000, 0x0000000085500000|  0%| F|  |TAMS 0x0000000085400000, 0x0000000085400000| Untracked 
|  85|0x0000000085500000, 0x0000000085500000, 0x0000000085600000|  0%| F|  |TAMS 0x0000000085500000, 0x0000000085500000| Untracked 
|  86|0x0000000085600000, 0x0000000085600000, 0x0000000085700000|  0%| F|  |TAMS 0x0000000085600000, 0x0000000085600000| Untracked 
|  87|0x0000000085700000, 0x0000000085700000, 0x0000000085800000|  0%| F|  |TAMS 0x0000000085700000, 0x0000000085700000| Untracked 
|  88|0x0000000085800000, 0x0000000085800000, 0x0000000085900000|  0%| F|  |TAMS 0x0000000085800000, 0x0000000085800000| Untracked 
|  89|0x0000000085900000, 0x0000000085900000, 0x0000000085a00000|  0%| F|  |TAMS 0x0000000085900000, 0x0000000085900000| Untracked 
|  90|0x0000000085a00000, 0x0000000085a00000, 0x0000000085b00000|  0%| F|  |TAMS 0x0000000085a00000, 0x0000000085a00000| Untracked 
|  91|0x0000000085b00000, 0x0000000085b00000, 0x0000000085c00000|  0%| F|  |TAMS 0x0000000085b00000, 0x0000000085b00000| Untracked 
|  92|0x0000000085c00000, 0x0000000085d00000, 0x0000000085d00000|100%| S|CS|TAMS 0x0000000085c00000, 0x0000000085c00000| Complete 
|  93|0x0000000085d00000, 0x0000000085e00000, 0x0000000085e00000|100%| S|CS|TAMS 0x0000000085d00000, 0x0000000085d00000| Complete 
|  94|0x0000000085e00000, 0x0000000085f00000, 0x0000000085f00000|100%| S|CS|TAMS 0x0000000085e00000, 0x0000000085e00000| Complete 
|  95|0x0000000085f00000, 0x0000000086000000, 0x0000000086000000|100%| S|CS|TAMS 0x0000000085f00000, 0x0000000085f00000| Complete 
|  96|0x0000000086000000, 0x0000000086000000, 0x0000000086100000|  0%| F|  |TAMS 0x0000000086000000, 0x0000000086000000| Untracked 
|  97|0x0000000086100000, 0x0000000086100000, 0x0000000086200000|  0%| F|  |TAMS 0x0000000086100000, 0x0000000086100000| Untracked 
|  98|0x0000000086200000, 0x0000000086200000, 0x0000000086300000|  0%| F|  |TAMS 0x0000000086200000, 0x0000000086200000| Untracked 
|  99|0x0000000086300000, 0x0000000086300000, 0x0000000086400000|  0%| F|  |TAMS 0x0000000086300000, 0x0000000086300000| Untracked 
| 100|0x0000000086400000, 0x0000000086400000, 0x0000000086500000|  0%| F|  |TAMS 0x0000000086400000, 0x0000000086400000| Untracked 
| 101|0x0000000086500000, 0x0000000086500000, 0x0000000086600000|  0%| F|  |TAMS 0x0000000086500000, 0x0000000086500000| Untracked 
| 102|0x0000000086600000, 0x0000000086600000, 0x0000000086700000|  0%| F|  |TAMS 0x0000000086600000, 0x0000000086600000| Untracked 
| 103|0x0000000086700000, 0x0000000086700000, 0x0000000086800000|  0%| F|  |TAMS 0x0000000086700000, 0x0000000086700000| Untracked 
| 104|0x0000000086800000, 0x0000000086800000, 0x0000000086900000|  0%| F|  |TAMS 0x0000000086800000, 0x0000000086800000| Untracked 
| 105|0x0000000086900000, 0x0000000086900000, 0x0000000086a00000|  0%| F|  |TAMS 0x0000000086900000, 0x0000000086900000| Untracked 
| 106|0x0000000086a00000, 0x0000000086a00000, 0x0000000086b00000|  0%| F|  |TAMS 0x0000000086a00000, 0x0000000086a00000| Untracked 
| 107|0x0000000086b00000, 0x0000000086b00000, 0x0000000086c00000|  0%| F|  |TAMS 0x0000000086b00000, 0x0000000086b00000| Untracked 
| 108|0x0000000086c00000, 0x0000000086c00000, 0x0000000086d00000|  0%| F|  |TAMS 0x0000000086c00000, 0x0000000086c00000| Untracked 
| 109|0x0000000086d00000, 0x0000000086d00000, 0x0000000086e00000|  0%| F|  |TAMS 0x0000000086d00000, 0x0000000086d00000| Untracked 
| 110|0x0000000086e00000, 0x0000000086e00000, 0x0000000086f00000|  0%| F|  |TAMS 0x0000000086e00000, 0x0000000086e00000| Untracked 
| 120|0x0000000087800000, 0x0000000087800000, 0x0000000087900000|  0%| F|  |TAMS 0x0000000087800000, 0x0000000087800000| Untracked 
| 121|0x0000000087900000, 0x0000000087900000, 0x0000000087a00000|  0%| F|  |TAMS 0x0000000087900000, 0x0000000087900000| Untracked 
| 122|0x0000000087a00000, 0x0000000087a00000, 0x0000000087b00000|  0%| F|  |TAMS 0x0000000087a00000, 0x0000000087a00000| Untracked 
| 123|0x0000000087b00000, 0x0000000087b00000, 0x0000000087c00000|  0%| F|  |TAMS 0x0000000087b00000, 0x0000000087b00000| Untracked 
| 124|0x0000000087c00000, 0x0000000087c00000, 0x0000000087d00000|  0%| F|  |TAMS 0x0000000087c00000, 0x0000000087c00000| Untracked 
| 125|0x0000000087d00000, 0x0000000087d00000, 0x0000000087e00000|  0%| F|  |TAMS 0x0000000087d00000, 0x0000000087d00000| Untracked 
| 126|0x0000000087e00000, 0x0000000087e00000, 0x0000000087f00000|  0%| F|  |TAMS 0x0000000087e00000, 0x0000000087e00000| Untracked 
| 127|0x0000000087f00000, 0x0000000087f00000, 0x0000000088000000|  0%| F|  |TAMS 0x0000000087f00000, 0x0000000087f00000| Untracked 
| 128|0x0000000088000000, 0x0000000088000000, 0x0000000088100000|  0%| F|  |TAMS 0x0000000088000000, 0x0000000088000000| Untracked 
| 129|0x0000000088100000, 0x0000000088100000, 0x0000000088200000|  0%| F|  |TAMS 0x0000000088100000, 0x0000000088100000| Untracked 
| 130|0x0000000088200000, 0x0000000088200000, 0x0000000088300000|  0%| F|  |TAMS 0x0000000088200000, 0x0000000088200000| Untracked 
| 131|0x0000000088300000, 0x0000000088300000, 0x0000000088400000|  0%| F|  |TAMS 0x0000000088300000, 0x0000000088300000| Untracked 
| 251|0x000000008fb00000, 0x000000008fb6be60, 0x000000008fc00000| 42%| E|  |TAMS 0x000000008fb00000, 0x000000008fb00000| Complete 

Card table byte_map: [0x0000015b69600000,0x0000015b69a00000] _byte_map_base: 0x0000015b69200000

Marking Bits (Prev, Next): (CMBitMap*) 0x0000015b501f6f80, (CMBitMap*) 0x0000015b501f6f40
 Prev Bits: [0x0000015b6be00000, 0x0000015b6de00000)
 Next Bits: [0x0000015b69e00000, 0x0000015b6be00000)

Polling page: 0x0000015b50260000

Metaspace:

Usage:
  Non-class:     57.52 MB used.
      Class:      9.50 MB used.
       Both:     67.03 MB used.

Virtual space:
  Non-class space:       64.00 MB reserved,      57.94 MB ( 91%) committed,  1 nodes.
      Class space:      416.00 MB reserved,       9.81 MB (  2%) committed,  1 nodes.
             Both:      480.00 MB reserved,      67.75 MB ( 14%) committed. 

Chunk freelists:
   Non-Class:  5.71 MB
       Class:  6.01 MB
        Both:  11.72 MB

MaxMetaspaceSize: 512.00 MB
CompressedClassSpaceSize: 416.00 MB
Initial GC threshold: 21.00 MB
Current GC threshold: 111.50 MB
CDS: on
MetaspaceReclaimPolicy: balanced
 - commit_granule_bytes: 65536.
 - commit_granule_words: 8192.
 - virtual_space_node_default_size: 8388608.
 - enlarge_chunks_in_place: 1.
 - new_chunks_are_fully_committed: 0.
 - uncommit_free_chunks: 1.
 - use_allocation_guard: 0.
 - handle_deallocations: 1.


Internal statistics:

num_allocs_failed_limit: 9.
num_arena_births: 930.
num_arena_deaths: 0.
num_vsnodes_births: 2.
num_vsnodes_deaths: 0.
num_space_committed: 1084.
num_space_uncommitted: 0.
num_chunks_returned_to_freelist: 9.
num_chunks_taken_from_freelist: 3862.
num_chunk_merges: 9.
num_chunk_splits: 2506.
num_chunks_enlarged: 1607.
num_inconsistent_stats: 0.

CodeHeap 'non-profiled nmethods': size=119168Kb used=4910Kb max_used=4910Kb free=114257Kb
 bounds [0x0000015b60dc0000, 0x0000015b61290000, 0x0000015b68220000]
CodeHeap 'profiled nmethods': size=119104Kb used=19180Kb max_used=19180Kb free=99923Kb
 bounds [0x0000015b59220000, 0x0000015b5a4e0000, 0x0000015b60670000]
CodeHeap 'non-nmethods': size=7488Kb used=4059Kb max_used=4103Kb free=3428Kb
 bounds [0x0000015b60670000, 0x0000015b60ae0000, 0x0000015b60dc0000]
 total_blobs=10573 nmethods=9676 adapters=805
 compilation: enabled
              stopped_count=0, restarted_count=0
 full_count=0

Compilation events (20 events):
Event: 29.167 Thread 0x0000015b75ac65c0 10391   !   3       jdk.internal.loader.URLClassPath$JarLoader$1::run (175 bytes)
Event: 29.168 Thread 0x0000015b75049940 10392       3       jdk.internal.loader.URLClassPath$JarLoader::getJarFile (102 bytes)
Event: 29.168 Thread 0x0000015b75ac6b10 10393       3       jdk.internal.loader.URLClassPath$JarLoader::isOptimizable (10 bytes)
Event: 29.168 Thread 0x0000015b75ac4b30 10394       3       jdk.internal.loader.FileURLMapper::<init> (10 bytes)
Event: 29.168 Thread 0x0000015b75ac6b10 nmethod 10393 0x0000015b5a4c7f90 code [0x0000015b5a4c8140, 0x0000015b5a4c82a8]
Event: 29.168 Thread 0x0000015b75ac6b10 10395       3       jdk.internal.loader.FileURLMapper::exists (19 bytes)
Event: 29.168 Thread 0x0000015b75ac65c0 nmethod 10391 0x0000015b5a4c8390 code [0x0000015b5a4c85c0, 0x0000015b5a4c8d38]
Event: 29.169 Thread 0x0000015b75ac4b30 nmethod 10394 0x0000015b5a4c9190 code [0x0000015b5a4c9320, 0x0000015b5a4c94d8]
Event: 29.169 Thread 0x0000015b75ac6b10 nmethod 10395 0x0000015b5a4c9590 code [0x0000015b5a4c97a0, 0x0000015b5a4c9e08]
Event: 29.169 Thread 0x0000015b75049940 nmethod 10392 0x0000015b5a4ca010 code [0x0000015b5a4ca2e0, 0x0000015b5a4cb028]
Event: 29.174 Thread 0x0000015b75049940 10396       3       java.util.StringTokenizer::scanToken (179 bytes)
Event: 29.176 Thread 0x0000015b75049940 nmethod 10396 0x0000015b5a4cb510 code [0x0000015b5a4cb880, 0x0000015b5a4ccf38]
Event: 29.185 Thread 0x0000015b75ac65c0 10397       3       jdk.internal.loader.URLClassPath$JarLoader$1::run (5 bytes)
Event: 29.185 Thread 0x0000015b75ac65c0 nmethod 10397 0x0000015b5a4cd790 code [0x0000015b5a4cd940, 0x0000015b5a4cda88]
Event: 29.198 Thread 0x0000015b75ac65c0 10399       3       java.util.zip.ZipFile$Source$Key::equals (93 bytes)
Event: 29.199 Thread 0x0000015b75ac65c0 nmethod 10399 0x0000015b5a4cdb10 code [0x0000015b5a4cddc0, 0x0000015b5a4ced08]
Event: 29.237 Thread 0x0000015b75ac4b30 10400       3       java.lang.invoke.DelegatingMethodHandle$Holder::reinvoke_L (20 bytes)
Event: 29.237 Thread 0x0000015b75ac4b30 nmethod 10400 0x0000015b5a4cf110 code [0x0000015b5a4cf2e0, 0x0000015b5a4cf738]
Event: 29.242 Thread 0x0000015b75ac6b10 10401   !   3       java.util.zip.ZipFile::getInputStream (275 bytes)
Event: 29.246 Thread 0x0000015b75ac6b10 nmethod 10401 0x0000015b5a4cf890 code [0x0000015b5a4cfb80, 0x0000015b5a4d0d28]

GC Heap History (20 events):
Event: 18.244 GC heap before
{Heap before GC invocations=13 (full 0):
 garbage-first heap   total 121856K, used 96240K [0x0000000080000000, 0x0000000100000000)
  region size 1024K, 61 young (62464K), 2 survivors (2048K)
 Metaspace       used 47540K, committed 48128K, reserved 491520K
  class space    used 6711K, committed 6976K, reserved 425984K
}
Event: 18.250 GC heap after
{Heap after GC invocations=14 (full 0):
 garbage-first heap   total 121856K, used 38316K [0x0000000080000000, 0x0000000100000000)
  region size 1024K, 5 young (5120K), 5 survivors (5120K)
 Metaspace       used 47540K, committed 48128K, reserved 491520K
  class space    used 6711K, committed 6976K, reserved 425984K
}
Event: 19.989 GC heap before
{Heap before GC invocations=14 (full 0):
 garbage-first heap   total 121856K, used 99756K [0x0000000080000000, 0x0000000100000000)
  region size 1024K, 62 young (63488K), 5 survivors (5120K)
 Metaspace       used 52891K, committed 53568K, reserved 491520K
  class space    used 7511K, committed 7808K, reserved 425984K
}
Event: 19.999 GC heap after
{Heap after GC invocations=15 (full 0):
 garbage-first heap   total 121856K, used 47931K [0x0000000080000000, 0x0000000100000000)
  region size 1024K, 8 young (8192K), 8 survivors (8192K)
 Metaspace       used 52891K, committed 53568K, reserved 491520K
  class space    used 7511K, committed 7808K, reserved 425984K
}
Event: 21.283 GC heap before
{Heap before GC invocations=15 (full 0):
 garbage-first heap   total 121856K, used 104251K [0x0000000080000000, 0x0000000100000000)
  region size 1024K, 55 young (56320K), 8 survivors (8192K)
 Metaspace       used 57274K, committed 57984K, reserved 491520K
  class space    used 8133K, committed 8448K, reserved 425984K
}
Event: 21.290 GC heap after
{Heap after GC invocations=16 (full 0):
 garbage-first heap   total 121856K, used 58731K [0x0000000080000000, 0x0000000100000000)
  region size 1024K, 4 young (4096K), 4 survivors (4096K)
 Metaspace       used 57274K, committed 57984K, reserved 491520K
  class space    used 8133K, committed 8448K, reserved 425984K
}
Event: 21.897 GC heap before
{Heap before GC invocations=16 (full 0):
 garbage-first heap   total 121856K, used 84331K [0x0000000080000000, 0x0000000100000000)
  region size 1024K, 30 young (30720K), 4 survivors (4096K)
 Metaspace       used 59472K, committed 60096K, reserved 491520K
  class space    used 8409K, committed 8704K, reserved 425984K
}
Event: 21.903 GC heap after
{Heap after GC invocations=17 (full 0):
 garbage-first heap   total 121856K, used 59899K [0x0000000080000000, 0x0000000100000000)
  region size 1024K, 5 young (5120K), 5 survivors (5120K)
 Metaspace       used 59472K, committed 60096K, reserved 491520K
  class space    used 8409K, committed 8704K, reserved 425984K
}
Event: 22.606 GC heap before
{Heap before GC invocations=18 (full 0):
 garbage-first heap   total 121856K, used 99835K [0x0000000080000000, 0x0000000100000000)
  region size 1024K, 44 young (45056K), 5 survivors (5120K)
 Metaspace       used 61856K, committed 62464K, reserved 491520K
  class space    used 8726K, committed 9024K, reserved 425984K
}
Event: 22.613 GC heap after
{Heap after GC invocations=19 (full 0):
 garbage-first heap   total 121856K, used 61066K [0x0000000080000000, 0x0000000100000000)
  region size 1024K, 4 young (4096K), 4 survivors (4096K)
 Metaspace       used 61856K, committed 62464K, reserved 491520K
  class space    used 8726K, committed 9024K, reserved 425984K
}
Event: 24.197 GC heap before
{Heap before GC invocations=19 (full 0):
 garbage-first heap   total 121856K, used 98954K [0x0000000080000000, 0x0000000100000000)
  region size 1024K, 42 young (43008K), 4 survivors (4096K)
 Metaspace       used 63548K, committed 64256K, reserved 491520K
  class space    used 8943K, committed 9280K, reserved 425984K
}
Event: 24.208 GC heap after
{Heap after GC invocations=20 (full 0):
 garbage-first heap   total 121856K, used 66375K [0x0000000080000000, 0x0000000100000000)
  region size 1024K, 6 young (6144K), 6 survivors (6144K)
 Metaspace       used 63548K, committed 64256K, reserved 491520K
  class space    used 8943K, committed 9280K, reserved 425984K
}
Event: 25.530 GC heap before
{Heap before GC invocations=21 (full 0):
 garbage-first heap   total 121856K, used 100167K [0x0000000080000000, 0x0000000100000000)
  region size 1024K, 39 young (39936K), 6 survivors (6144K)
 Metaspace       used 65433K, committed 66176K, reserved 491520K
  class space    used 9192K, committed 9536K, reserved 425984K
}
Event: 25.539 GC heap after
{Heap after GC invocations=22 (full 0):
 garbage-first heap   total 121856K, used 70374K [0x0000000080000000, 0x0000000100000000)
  region size 1024K, 4 young (4096K), 4 survivors (4096K)
 Metaspace       used 65433K, committed 66176K, reserved 491520K
  class space    used 9192K, committed 9536K, reserved 425984K
}
Event: 27.000 GC heap before
{Heap before GC invocations=22 (full 0):
 garbage-first heap   total 121856K, used 100070K [0x0000000080000000, 0x0000000100000000)
  region size 1024K, 34 young (34816K), 4 survivors (4096K)
 Metaspace       used 67798K, committed 68480K, reserved 491520K
  class space    used 9613K, committed 9920K, reserved 425984K
}
Event: 27.011 GC heap after
{Heap after GC invocations=23 (full 0):
 garbage-first heap   total 121856K, used 72856K [0x0000000080000000, 0x0000000100000000)
  region size 1024K, 3 young (3072K), 3 survivors (3072K)
 Metaspace       used 67798K, committed 68480K, reserved 491520K
  class space    used 9613K, committed 9920K, reserved 425984K
}
Event: 28.799 GC heap before
{Heap before GC invocations=24 (full 0):
 garbage-first heap   total 126976K, used 99480K [0x0000000080000000, 0x0000000100000000)
  region size 1024K, 30 young (30720K), 3 survivors (3072K)
 Metaspace       used 68457K, committed 69184K, reserved 491520K
  class space    used 9711K, committed 10048K, reserved 425984K
}
Event: 28.808 GC heap after
{Heap after GC invocations=25 (full 0):
 garbage-first heap   total 126976K, used 76389K [0x0000000080000000, 0x0000000100000000)
  region size 1024K, 4 young (4096K), 4 survivors (4096K)
 Metaspace       used 68457K, committed 69184K, reserved 491520K
  class space    used 9711K, committed 10048K, reserved 425984K
}
Event: 28.838 GC heap before
{Heap before GC invocations=25 (full 0):
 garbage-first heap   total 126976K, used 78437K [0x0000000080000000, 0x0000000100000000)
  region size 1024K, 6 young (6144K), 4 survivors (4096K)
 Metaspace       used 68472K, committed 69184K, reserved 491520K
  class space    used 9711K, committed 10048K, reserved 425984K
}
Event: 28.846 GC heap after
{Heap after GC invocations=26 (full 0):
 garbage-first heap   total 126976K, used 75865K [0x0000000080000000, 0x0000000100000000)
  region size 1024K, 1 young (1024K), 1 survivors (1024K)
 Metaspace       used 68472K, committed 69184K, reserved 491520K
  class space    used 9711K, committed 10048K, reserved 425984K
}

Deoptimization events (20 events):
Event: 29.086 Thread 0x0000015b76d7c570 DEOPT PACKING pc=0x0000015b59254659 sp=0x0000003fbbcf9310
Event: 29.086 Thread 0x0000015b76d7c570 DEOPT UNPACKING pc=0x0000015b606c2b43 sp=0x0000003fbbcf8808 mode 0
Event: 29.094 Thread 0x0000015b76d7c570 DEOPT PACKING pc=0x0000015b59254659 sp=0x0000003fbbcf9310
Event: 29.094 Thread 0x0000015b76d7c570 DEOPT UNPACKING pc=0x0000015b606c2b43 sp=0x0000003fbbcf8808 mode 0
Event: 29.148 Thread 0x0000015b76d7c570 DEOPT PACKING pc=0x0000015b59ded5d9 sp=0x0000003fbbcf0890
Event: 29.148 Thread 0x0000015b76d7c570 DEOPT UNPACKING pc=0x0000015b606c2b43 sp=0x0000003fbbcefe10 mode 0
Event: 29.153 Thread 0x0000015b76d7c570 Uncommon trap: trap_request=0xffffff45 fr.pc=0x0000015b60f5b37c relative=0x000000000000181c
Event: 29.153 Thread 0x0000015b76d7c570 Uncommon trap: reason=unstable_if action=reinterpret pc=0x0000015b60f5b37c method=java.util.zip.ZipFile.getInputStream(Ljava/util/zip/ZipEntry;)Ljava/io/InputStream; @ 101 c2
Event: 29.153 Thread 0x0000015b76d7c570 DEOPT PACKING pc=0x0000015b60f5b37c sp=0x0000003fbbcf0c30
Event: 29.153 Thread 0x0000015b76d7c570 DEOPT UNPACKING pc=0x0000015b606c23a3 sp=0x0000003fbbcf0be8 mode 2
Event: 29.157 Thread 0x0000015b76d7c570 DEOPT PACKING pc=0x0000015b59ded5d9 sp=0x0000003fbbcf0890
Event: 29.157 Thread 0x0000015b76d7c570 DEOPT UNPACKING pc=0x0000015b606c2b43 sp=0x0000003fbbcefe10 mode 0
Event: 29.172 Thread 0x0000015b76d7c570 DEOPT PACKING pc=0x0000015b59ded5d9 sp=0x0000003fbbcf0890
Event: 29.172 Thread 0x0000015b76d7c570 DEOPT UNPACKING pc=0x0000015b606c2b43 sp=0x0000003fbbcefe10 mode 0
Event: 29.219 Thread 0x0000015b76d7c570 DEOPT PACKING pc=0x0000015b59ded5d9 sp=0x0000003fbbcf0880
Event: 29.219 Thread 0x0000015b76d7c570 DEOPT UNPACKING pc=0x0000015b606c2b43 sp=0x0000003fbbcefe00 mode 0
Event: 29.245 Thread 0x0000015b76d7c570 DEOPT PACKING pc=0x0000015b59ded5d9 sp=0x0000003fbbcf0880
Event: 29.245 Thread 0x0000015b76d7c570 DEOPT UNPACKING pc=0x0000015b606c2b43 sp=0x0000003fbbcefe00 mode 0
Event: 29.296 Thread 0x0000015b76d7c570 DEOPT PACKING pc=0x0000015b59ded5d9 sp=0x0000003fbbcf0880
Event: 29.296 Thread 0x0000015b76d7c570 DEOPT UNPACKING pc=0x0000015b606c2b43 sp=0x0000003fbbcefe00 mode 0

Classes unloaded (0 events):
No events

Classes redefined (0 events):
No events

Internal exceptions (20 events):
Event: 24.354 Thread 0x0000015b76d7c570 Exception <a 'java/lang/ClassNotFoundException'{0x0000000088024e68}: org/gradle/api/internal/artifacts/dsl/dependencies/DefaultDependencyHandlerCustomizer> (0x0000000088024e68) 
thrown [s\open\src\hotspot\share\classfile\systemDictionary.cpp, line 256]
Event: 24.357 Thread 0x0000015b76d7c570 Exception <a 'java/lang/ClassNotFoundException'{0x0000000088063618}: org/gradle/api/internal/artifacts/dsl/dependencies/DefaultDependencyHandler_DecoratedCustomizer> (0x0000000088063618) 
thrown [s\open\src\hotspot\share\classfile\systemDictionary.cpp, line 256]
Event: 25.740 Thread 0x0000015b76d7c570 Exception <a 'java/lang/NoSuchMethodError'{0x0000000087d385c8}: 'java.lang.Object java.lang.invoke.DirectMethodHandle$Holder.newInvokeSpecial(java.lang.Object, java.lang.Object, java.lang.Object, java.lang.Object, java.lang.Object, java.lang.Object, int)'> (0x0000000087d385c8) 
thrown [s\open\src\hotspot\share\interpreter\linkResolver.cpp, line 759]
Event: 25.740 Thread 0x0000015b76d7c570 Exception <a 'java/lang/NoSuchMethodError'{0x0000000087d3e5b0}: 'java.lang.Object java.lang.invoke.DirectMethodHandle$Holder.invokeSpecial(java.lang.Object, java.lang.Object, java.lang.Object, java.lang.Object, java.lang.Object, java.lang.Object, java.lang.Object, int)'> (0x0000000087d3e5b0) 
thrown [s\open\src\hotspot\share\interpreter\linkResolver.cpp, line 759]
Event: 25.741 Thread 0x0000015b76d7c570 Exception <a 'java/lang/NoSuchMethodError'{0x0000000087d44180}: 'java.lang.Object java.lang.invoke.Invokers$Holder.linkToTargetMethod(java.lang.Object, java.lang.Object, java.lang.Object, java.lang.Object, java.lang.Object, int, java.lang.Object)'> (0x0000000087d44180) 
thrown [s\open\src\hotspot\share\interpreter\linkResolver.cpp, line 759]
Event: 25.761 Thread 0x0000015b78a5e600 Implicit null exception at 0x0000015b610a105d to 0x0000015b610a10f8
Event: 25.761 Thread 0x0000015b78a5e600 Implicit null exception at 0x0000015b6117a69e to 0x0000015b6117ae00
Event: 26.724 Thread 0x0000015b77abee80 Exception <a 'java/lang/NoSuchMethodError'{0x0000000086033590}: 'void java.lang.invoke.DirectMethodHandle$Holder.invokeVirtual(java.lang.Object, java.lang.Object)'> (0x0000000086033590) 
thrown [s\open\src\hotspot\share\interpreter\linkResolver.cpp, line 759]
Event: 26.755 Thread 0x0000015b77abee80 Exception <a 'java/lang/NoSuchMethodError'{0x0000000085f214c0}: 'void java.lang.invoke.DirectMethodHandle$Holder.invokeSpecial(java.lang.Object, java.lang.Object, java.lang.Object, java.lang.Object, int, java.lang.Object, java.lang.Object)'> (0x0000000085f214c0) 
thrown [s\open\src\hotspot\share\interpreter\linkResolver.cpp, line 759]
Event: 26.780 Thread 0x0000015b77abee80 Exception <a 'java/lang/NoSuchMethodError'{0x0000000085e270d8}: 'void java.lang.invoke.DirectMethodHandle$Holder.invokeInterface(java.lang.Object, java.lang.Object, java.lang.Object, java.lang.Object)'> (0x0000000085e270d8) 
thrown [s\open\src\hotspot\share\interpreter\linkResolver.cpp, line 759]
Event: 26.856 Thread 0x0000015b77abee80 Exception <a 'java/lang/NoSuchMethodError'{0x0000000085dbb130}: 'int java.lang.invoke.DirectMethodHandle$Holder.invokeSpecial(java.lang.Object, java.lang.Object, java.lang.Object, java.lang.Object, java.lang.Object)'> (0x0000000085dbb130) 
thrown [s\open\src\hotspot\share\interpreter\linkResolver.cpp, line 759]
Event: 26.979 Thread 0x0000015b77abee80 Exception <a 'java/lang/IncompatibleClassChangeError'{0x000000008591e070}: Found class java.lang.Object, but interface was expected> (0x000000008591e070) 
thrown [s\open\src\hotspot\share\interpreter\linkResolver.cpp, line 826]
Event: 27.012 Thread 0x0000015b77d17760 Implicit null exception at 0x0000015b6110d37c to 0x0000015b6110d4fc
Event: 27.292 Thread 0x0000015b77abee80 Exception <a 'java/lang/NoSuchMethodError'{0x000000008781f4d8}: 'int java.lang.invoke.DirectMethodHandle$Holder.invokeStaticInit(java.lang.Object, java.lang.Object, java.lang.Object, java.lang.Object, java.lang.Object)'> (0x000000008781f4d8) 
thrown [s\open\src\hotspot\share\interpreter\linkResolver.cpp, line 759]
Event: 27.340 Thread 0x0000015b77abee80 Exception <a 'sun/nio/fs/WindowsException'{0x00000000878ff348}> (0x00000000878ff348) 
thrown [s\open\src\hotspot\share\prims\jni.cpp, line 516]
Event: 27.341 Thread 0x0000015b77abee80 Exception <a 'sun/nio/fs/WindowsException'{0x0000000086e28bf0}> (0x0000000086e28bf0) 
thrown [s\open\src\hotspot\share\prims\jni.cpp, line 516]
Event: 27.343 Thread 0x0000015b77abee80 Exception <a 'sun/nio/fs/WindowsException'{0x0000000086e2b0e8}> (0x0000000086e2b0e8) 
thrown [s\open\src\hotspot\share\prims\jni.cpp, line 516]
Event: 27.343 Thread 0x0000015b77abee80 Exception <a 'sun/nio/fs/WindowsException'{0x0000000086e2d2a8}> (0x0000000086e2d2a8) 
thrown [s\open\src\hotspot\share\prims\jni.cpp, line 516]
Event: 29.118 Thread 0x0000015b76d7c570 Exception <a 'java/lang/ClassNotFoundException'{0x0000000086ab9890}: build_b6cnog36f8bjzv2cyjt3qhqdrBeanInfo> (0x0000000086ab9890) 
thrown [s\open\src\hotspot\share\classfile\systemDictionary.cpp, line 256]
Event: 29.119 Thread 0x0000015b76d7c570 Exception <a 'java/lang/ClassNotFoundException'{0x0000000086ac0148}: build_b6cnog36f8bjzv2cyjt3qhqdrCustomizer> (0x0000000086ac0148) 
thrown [s\open\src\hotspot\share\classfile\systemDictionary.cpp, line 256]

VM Operations (20 events):
Event: 26.843 Executing VM operation: HandshakeAllThreads
Event: 26.843 Executing VM operation: HandshakeAllThreads done
Event: 26.851 Executing VM operation: HandshakeAllThreads
Event: 26.852 Executing VM operation: HandshakeAllThreads done
Event: 26.977 Executing VM operation: ICBufferFull
Event: 26.977 Executing VM operation: ICBufferFull done
Event: 27.000 Executing VM operation: G1CollectForAllocation
Event: 27.012 Executing VM operation: G1CollectForAllocation done
Event: 27.070 Executing VM operation: G1Concurrent
Event: 27.082 Executing VM operation: G1Concurrent done
Event: 27.114 Executing VM operation: G1Concurrent
Event: 27.115 Executing VM operation: G1Concurrent done
Event: 27.328 Executing VM operation: HandshakeAllThreads
Event: 27.328 Executing VM operation: HandshakeAllThreads done
Event: 28.332 Executing VM operation: Cleanup
Event: 28.332 Executing VM operation: Cleanup done
Event: 28.781 Executing VM operation: G1CollectForAllocation
Event: 28.809 Executing VM operation: G1CollectForAllocation done
Event: 28.838 Executing VM operation: G1CollectForAllocation
Event: 28.853 Executing VM operation: G1CollectForAllocation done

Events (20 events):
Event: 27.207 Thread 0x0000015b79faaa20 Thread added: 0x0000015b79faaa20
Event: 27.931 Thread 0x0000015b77a6d590 Thread exited: 0x0000015b77a6d590
Event: 28.577 loading class java/util/concurrent/ConcurrentLinkedQueue$Itr
Event: 28.578 loading class java/util/concurrent/ConcurrentLinkedQueue$Itr done
Event: 28.590 Thread 0x0000015b79fa86b0 Thread added: 0x0000015b79fa86b0
Event: 28.591 Thread 0x0000015b79fa6d60 Thread added: 0x0000015b79fa6d60
Event: 28.591 Thread 0x0000015b79faa510 Thread added: 0x0000015b79faa510
Event: 28.591 Thread 0x0000015b79fa6340 Thread added: 0x0000015b79fa6340
Event: 28.591 Thread 0x0000015b79fa8bc0 Thread added: 0x0000015b79fa8bc0
Event: 28.592 Thread 0x0000015b79fa95e0 Thread added: 0x0000015b79fa95e0
Event: 28.593 Thread 0x0000015b79fa7270 Thread added: 0x0000015b79fa7270
Event: 28.593 Thread 0x0000015b79fa9af0 Thread added: 0x0000015b79fa9af0
Event: 28.593 Thread 0x0000015b79fa6850 Thread added: 0x0000015b79fa6850
Event: 28.593 Thread 0x0000015b79fa5920 Thread added: 0x0000015b79fa5920
Event: 28.594 Thread 0x0000015b79faa000 Thread added: 0x0000015b79faa000
Event: 28.595 Thread 0x0000015b79fa7780 Thread added: 0x0000015b79fa7780
Event: 28.596 Thread 0x0000015b79fa81a0 Thread added: 0x0000015b79fa81a0
Event: 28.597 Thread 0x0000015b79fa3fd0 Thread added: 0x0000015b79fa3fd0
Event: 28.599 Thread 0x0000015b79faaf30 Thread added: 0x0000015b79faaf30
Event: 28.765 Thread 0x0000015b77a6d590 Thread added: 0x0000015b77a6d590


Dynamic libraries:
0x00007ff6d0b60000 - 0x00007ff6d0b70000 	C:\Program Files\Java\jdk-22\bin\java.exe
0x00007ffb4d890000 - 0x00007ffb4daa7000 	C:\Windows\SYSTEM32\ntdll.dll
0x00007ffb4d390000 - 0x00007ffb4d454000 	C:\Windows\System32\KERNEL32.DLL
0x00007ffb4ad20000 - 0x00007ffb4b0cd000 	C:\Windows\System32\KERNELBASE.dll
0x00007ffb4b0d0000 - 0x00007ffb4b1e1000 	C:\Windows\System32\ucrtbase.dll
0x00007ffb03970000 - 0x00007ffb0398b000 	C:\Program Files\Java\jdk-22\bin\VCRUNTIME140.dll
0x00007ffb03ff0000 - 0x00007ffb04009000 	C:\Program Files\Java\jdk-22\bin\jli.dll
0x00007ffb4d460000 - 0x00007ffb4d512000 	C:\Windows\System32\ADVAPI32.dll
0x00007ffb4bee0000 - 0x00007ffb4bf87000 	C:\Windows\System32\msvcrt.dll
0x00007ffb4d0c0000 - 0x00007ffb4d169000 	C:\Windows\System32\sechost.dll
0x00007ffb4b470000 - 0x00007ffb4b498000 	C:\Windows\System32\bcrypt.dll
0x00007ffb4d170000 - 0x00007ffb4d284000 	C:\Windows\System32\RPCRT4.dll
0x00007ffb4d520000 - 0x00007ffb4d6ce000 	C:\Windows\System32\USER32.dll
0x00007ffb4b440000 - 0x00007ffb4b466000 	C:\Windows\System32\win32u.dll
0x00007ffb4c820000 - 0x00007ffb4c849000 	C:\Windows\System32\GDI32.dll
0x00007ffb32810000 - 0x00007ffb32aa3000 	C:\Windows\WinSxS\amd64_microsoft.windows.common-controls_6595b64144ccf1df_6.0.22621.3672_none_2713b9d173822955\COMCTL32.dll
0x00007ffb4b4a0000 - 0x00007ffb4b5b9000 	C:\Windows\System32\gdi32full.dll
0x00007ffb4b270000 - 0x00007ffb4b30a000 	C:\Windows\System32\msvcp_win.dll
0x00007ffb2e360000 - 0x00007ffb2e36a000 	C:\Windows\SYSTEM32\VERSION.dll
0x00007ffb4b9c0000 - 0x00007ffb4b9f1000 	C:\Windows\System32\IMM32.DLL
0x00007ffb37460000 - 0x00007ffb3746c000 	C:\Program Files\Java\jdk-22\bin\vcruntime140_1.dll
0x00007ffaee1b0000 - 0x00007ffaee23e000 	C:\Program Files\Java\jdk-22\bin\msvcp140.dll
0x00007ffad6bd0000 - 0x00007ffad77b0000 	C:\Program Files\Java\jdk-22\bin\server\jvm.dll
0x00007ffb4b950000 - 0x00007ffb4b958000 	C:\Windows\System32\PSAPI.DLL
0x00007ffb2ba30000 - 0x00007ffb2ba39000 	C:\Windows\SYSTEM32\WSOCK32.dll
0x00007ffb4bf90000 - 0x00007ffb4c001000 	C:\Windows\System32\WS2_32.dll
0x00007ffb409a0000 - 0x00007ffb409d4000 	C:\Windows\SYSTEM32\WINMM.dll
0x00007ffb49bd0000 - 0x00007ffb49be8000 	C:\Windows\SYSTEM32\kernel.appcore.dll
0x00007ffb32e10000 - 0x00007ffb32e1a000 	C:\Program Files\Java\jdk-22\bin\jimage.dll
0x00007ffb484a0000 - 0x00007ffb486d2000 	C:\Windows\SYSTEM32\DBGHELP.DLL
0x00007ffb4b5c0000 - 0x00007ffb4b94e000 	C:\Windows\System32\combase.dll
0x00007ffb4baf0000 - 0x00007ffb4bbc7000 	C:\Windows\System32\OLEAUT32.dll
0x00007ffb3b520000 - 0x00007ffb3b552000 	C:\Windows\SYSTEM32\dbgcore.DLL
0x00007ffb4b1f0000 - 0x00007ffb4b26b000 	C:\Windows\System32\bcryptPrimitives.dll
0x00007ffb3a030000 - 0x00007ffb3a03e000 	C:\Program Files\Java\jdk-22\bin\instrument.dll
0x00007ffafc6e0000 - 0x00007ffafc705000 	C:\Program Files\Java\jdk-22\bin\java.dll
0x00007ffae6fd0000 - 0x00007ffae70a7000 	C:\Program Files\Java\jdk-22\bin\jsvml.dll
0x00007ffb4c850000 - 0x00007ffb4d0b7000 	C:\Windows\System32\SHELL32.dll
0x00007ffb48ae0000 - 0x00007ffb493df000 	C:\Windows\SYSTEM32\windows.storage.dll
0x00007ffb489a0000 - 0x00007ffb48adf000 	C:\Windows\SYSTEM32\wintypes.dll
0x00007ffb4d290000 - 0x00007ffb4d389000 	C:\Windows\System32\SHCORE.dll
0x00007ffb4c5f0000 - 0x00007ffb4c64e000 	C:\Windows\System32\shlwapi.dll
0x00007ffb4aae0000 - 0x00007ffb4ab07000 	C:\Windows\SYSTEM32\profapi.dll
0x00007ffafb440000 - 0x00007ffafb458000 	C:\Program Files\Java\jdk-22\bin\zip.dll
0x00007ffb03740000 - 0x00007ffb03759000 	C:\Program Files\Java\jdk-22\bin\net.dll
0x00007ffb43c80000 - 0x00007ffb43db6000 	C:\Windows\SYSTEM32\WINHTTP.dll
0x00007ffb4a070000 - 0x00007ffb4a0d9000 	C:\Windows\system32\mswsock.dll
0x00007ffafd880000 - 0x00007ffafd896000 	C:\Program Files\Java\jdk-22\bin\nio.dll
0x00007ffb42f70000 - 0x00007ffb42f80000 	C:\Program Files\Java\jdk-22\bin\verify.dll
0x00007ffb2e6e0000 - 0x00007ffb2e707000 	C:\Users\vanam\.gradle\native\c067742578af261105cb4f569cf0c3c89f3d7b1fecec35dd04571415982c5e48\windows-amd64\native-platform.dll
0x00007ffae7c20000 - 0x00007ffae7d64000 	C:\Users\vanam\.gradle\native\38dada09dfb8b06ba9b0570ebf7e218e3eb74d4ef43ca46872605cf95ebc2f47\windows-amd64\native-platform-file-events.dll
0x00007ffb326a0000 - 0x00007ffb326aa000 	C:\Program Files\Java\jdk-22\bin\management.dll
0x00007ffb324d0000 - 0x00007ffb324db000 	C:\Program Files\Java\jdk-22\bin\management_ext.dll
0x00007ffb4a2d0000 - 0x00007ffb4a2eb000 	C:\Windows\SYSTEM32\CRYPTSP.dll
0x00007ffb49b30000 - 0x00007ffb49b65000 	C:\Windows\system32\rsaenh.dll
0x00007ffb4a160000 - 0x00007ffb4a188000 	C:\Windows\SYSTEM32\USERENV.dll
0x00007ffb4a2c0000 - 0x00007ffb4a2cc000 	C:\Windows\SYSTEM32\CRYPTBASE.dll
0x00007ffb49630000 - 0x00007ffb4965d000 	C:\Windows\SYSTEM32\IPHLPAPI.DLL
0x00007ffb4c650000 - 0x00007ffb4c659000 	C:\Windows\System32\NSI.dll
0x00007ffb43ba0000 - 0x00007ffb43bb9000 	C:\Windows\SYSTEM32\dhcpcsvc6.DLL
0x00007ffb43b60000 - 0x00007ffb43b7f000 	C:\Windows\SYSTEM32\dhcpcsvc.DLL
0x00007ffb496a0000 - 0x00007ffb49798000 	C:\Windows\SYSTEM32\DNSAPI.dll
0x00007ffb323f0000 - 0x00007ffb323fe000 	C:\Program Files\Java\jdk-22\bin\sunmscapi.dll
0x00007ffb4abb0000 - 0x00007ffb4ad17000 	C:\Windows\System32\CRYPT32.dll
0x00007ffb4a480000 - 0x00007ffb4a4ae000 	C:\Windows\SYSTEM32\ncrypt.dll
0x00007ffb4a440000 - 0x00007ffb4a477000 	C:\Windows\SYSTEM32\NTASN1.dll
0x00007ffb00010000 - 0x00007ffb00018000 	C:\Windows\system32\wshunix.dll
0x00007ffb0e310000 - 0x00007ffb0e327000 	C:\Windows\system32\napinsp.dll
0x00007ffb0e2f0000 - 0x00007ffb0e30b000 	C:\Windows\system32\pnrpnsp.dll
0x00007ffb0e2d0000 - 0x00007ffb0e2e1000 	C:\Windows\System32\winrnr.dll
0x00007ffb40430000 - 0x00007ffb40445000 	C:\Windows\system32\wshbth.dll
0x00007ffb0e2a0000 - 0x00007ffb0e2c7000 	C:\Windows\system32\nlansp_c.dll
0x00007ffb43b90000 - 0x00007ffb43b9a000 	C:\Windows\System32\rasadhlp.dll
0x00007ffb428d0000 - 0x00007ffb42953000 	C:\Windows\System32\fwpuclnt.dll

dbghelp: loaded successfully - version: 4.0.5 - missing functions: none
symbol engine: initialized successfully - sym options: 0x614 - pdb path: .;C:\Program Files\Java\jdk-22\bin;C:\Windows\SYSTEM32;C:\Windows\WinSxS\amd64_microsoft.windows.common-controls_6595b64144ccf1df_6.0.22621.3672_none_2713b9d173822955;C:\Program Files\Java\jdk-22\bin\server;C:\Users\vanam\.gradle\native\c067742578af261105cb4f569cf0c3c89f3d7b1fecec35dd04571415982c5e48\windows-amd64;C:\Users\vanam\.gradle\native\38dada09dfb8b06ba9b0570ebf7e218e3eb74d4ef43ca46872605cf95ebc2f47\windows-amd64

VM Arguments:
jvm_args: -XX:MaxMetaspaceSize=512m --add-opens=java.base/java.util=ALL-UNNAMED --add-opens=java.base/java.lang=ALL-UNNAMED --add-opens=java.base/java.lang.invoke=ALL-UNNAMED --add-opens=java.prefs/java.util.prefs=ALL-UNNAMED --add-opens=java.base/java.nio.charset=ALL-UNNAMED --add-opens=java.base/java.net=ALL-UNNAMED --add-opens=java.base/java.util.concurrent.atomic=ALL-UNNAMED -Xmx2048m -Dfile.encoding=windows-1252 -Duser.country=IN -Duser.language=en -Duser.variant -javaagent:C:\Users\vanam\.gradle\wrapper\dists\gradle-8.6-all\3mbtmo166bl6vumsh5k2lkq5h\gradle-8.6\lib\agents\gradle-instrumentation-agent-8.6.jar 
java_command: org.gradle.launcher.daemon.bootstrap.GradleDaemon 8.6
java_class_path (initial): C:\Users\vanam\.gradle\wrapper\dists\gradle-8.6-all\3mbtmo166bl6vumsh5k2lkq5h\gradle-8.6\lib\gradle-launcher-8.6.jar
Launcher Type: SUN_STANDARD

[Global flags]
     intx CICompilerCount                          = 12                                        {product} {ergonomic}
   size_t CompressedClassSpaceSize                 = 436207616                                 {product} {ergonomic}
     uint ConcGCThreads                            = 3                                         {product} {ergonomic}
     uint G1ConcRefinementThreads                  = 13                                        {product} {ergonomic}
   size_t G1HeapRegionSize                         = 1048576                                   {product} {ergonomic}
    uintx GCDrainStackTargetSize                   = 64                                        {product} {ergonomic}
   size_t InitialHeapSize                          = 264241152                                 {product} {ergonomic}
   size_t MarkStackSize                            = 4194304                                   {product} {ergonomic}
   size_t MaxHeapSize                              = 2147483648                                {product} {command line}
   size_t MaxMetaspaceSize                         = 536870912                                 {product} {command line}
   size_t MaxNewSize                               = 1287651328                                {product} {ergonomic}
   size_t MinHeapDeltaBytes                        = 1048576                                   {product} {ergonomic}
   size_t MinHeapSize                              = 8388608                                   {product} {ergonomic}
    uintx NonNMethodCodeHeapSize                   = 7602480                                {pd product} {ergonomic}
    uintx NonProfiledCodeHeapSize                  = 122027880                              {pd product} {ergonomic}
    uintx ProfiledCodeHeapSize                     = 122027880                              {pd product} {ergonomic}
    uintx ReservedCodeCacheSize                    = 251658240                              {pd product} {ergonomic}
     bool SegmentedCodeCache                       = true                                      {product} {ergonomic}
   size_t SoftMaxHeapSize                          = 2147483648                             {manageable} {ergonomic}
     bool UseCompressedClassPointers               = true                           {product lp64_product} {ergonomic}
     bool UseCompressedOops                        = true                           {product lp64_product} {ergonomic}
     bool UseG1GC                                  = true                                      {product} {ergonomic}
     bool UseLargePagesIndividualAllocation        = false                                  {pd product} {ergonomic}

Logging:
Log output configuration:
 #0: stdout all=warning uptime,level,tags
 #1: stderr all=off uptime,level,tags

Environment Variables:
CLASSPATH=E:\clickSolver\partnermobileapp\android\\gradle\wrapper\gradle-wrapper.jar
PATH=E:\clickSolver\partnermobileapp\node_modules\.bin;E:\clickSolver\partnermobileapp\node_modules\.bin;E:\clickSolver\node_modules\.bin;E:\node_modules\.bin;C:\Program Files\nodejs\node_modules\npm\node_modules\@npmcli\run-script\lib\node-gyp-bin;E:\clickSolver\partnermobileapp\node_modules\.bin;E:\clickSolver\partnermobileapp\node_modules\.bin;E:\clickSolver\node_modules\.bin;E:\node_modules\.bin;C:\Program Files\nodejs\node_modules\npm\node_modules\@npmcli\run-script\lib\node-gyp-bin;C:\Ruby33-x64\bin;C:\Program Files\Python310\Scripts\;C:\Program Files\Python310\;C:\Program Files\Common Files\Oracle\Java\javapath;C:\Windows\system32;C:\Windows;C:\Windows\System32\Wbem;C:\Windows\System32\WindowsPowerShell\v1.0\;C:\Windows\System32\OpenSSH\;C:\Program Files\dotnet\;C:\Program Files\Docker\Docker\resources\bin;C:\Program Files\nodejs\;C:\Program Files\Git\cmd;C:\Program Files\Java\jdk-11\bin;C:\Users\vanam\AppData\Local\Android\Sdk;C:\Users\vanam\AppData\Local\Android\Sdk\platform-tools;C:\Users\vanam\AppData\Local\Android\Sdk\ndk;C:\Users\vanam\AppData\Local\Microsoft\WindowsApps;C:\Program Files\Java\jdk-17\bin;C:\Program Files\Git\bin;C:\Users\vanam\AppData\Roaming\npm;C:\Program Files;C:\Users\vanam\AppData\Local\Programs\Microsoft VS Code\bin;C:\Users\vanam\AppData\Local\Android\Sdk\platform-tools;C:\Users\vanam\AppData\Local\Android\Sdk;C:\Users\vanam\AppData\Local\Android\Sdk\emulator;C:\Users\vanam\AppData\Local\Android\Sdk\ndk;C:\Program Files\nodejs\;
USERNAME=vanam
LANG=en_US.UTF-8
OS=Windows_NT
PROCESSOR_IDENTIFIER=Intel64 Family 6 Model 154 Stepping 3, GenuineIntel



---------------  S Y S T E M  ---------------

OS:
 Windows 11 , 64 bit Build 22621 (10.0.22621.3958)
OS uptime: 0 days 21:26 hours
Hyper-V role detected

CPU: total 16 (initial active 16) (8 cores per cpu, 2 threads per core) family 6 model 154 stepping 3 microcode 0x433, cx8, cmov, fxsr, ht, mmx, 3dnowpref, sse, sse2, sse3, ssse3, sse4.1, sse4.2, popcnt, lzcnt, tsc, tscinvbit, avx, avx2, aes, erms, clmul, bmi1, bmi2, adx, sha, fma, vzeroupper, clflush, clflushopt, clwb, hv

Memory: 4k page, system-wide physical 16068M (2226M free)
TotalPageFile size 21062M (AvailPageFile size 7M)
current process WorkingSet (physical memory assigned to process): 346M, peak: 346M
current process commit charge ("private bytes"): 400M, peak: 445M

vm_info: Java HotSpot(TM) 64-Bit Server VM (17.0.12+8-LTS-286) for windows-amd64 JRE (17.0.12+8-LTS-286), built on Jun  5 2024 06:46:59 by "mach5one" with MS VC++ 17.6 (VS2022)

END.
