#
# There is insufficient memory for the Java Runtime Environment to continue.
# Native memory allocation (mmap) failed to map 264241152 bytes for G1 virtual space
# Possible reasons:
#   The system is out of physical RAM or swap space
#   The process is running with CompressedOops enabled, and the Java Heap may be blocking the growth of the native heap
# Possible solutions:
#   Reduce memory load on the system
#   Increase physical memory or swap space
#   Check if swap backing store is full
#   Decrease Java heap size (-Xmx/-Xms)
#   Decrease number of Java threads
#   Decrease Java thread stack sizes (-Xss)
#   Set larger code cache with -XX:ReservedCodeCacheSize=
#   JVM is running with Zero Based Compressed Oops mode in which the Java heap is
#     placed in the first 32GB address space. The Java Heap base address is the
#     maximum limit for the native heap growth. Please use -XX:HeapBaseMinAddress
#     to set the Java Heap base and to place the Java Heap above 32GB virtual address.
# This output file may be truncated or incomplete.
#
#  Out of Memory Error (os_windows.cpp:3548), pid=9460, tid=24536
#
# JRE version:  (17.0.12+8) (build )
# Java VM: Java HotSpot(TM) 64-Bit Server VM (17.0.12+8-LTS-286, mixed mode, sharing, tiered, compressed oops, compressed class ptrs, g1 gc, windows-amd64)
# No core dump will be written. Minidumps are not enabled by default on client versions of Windows
#

---------------  S U M M A R Y ------------

Command Line: org.jetbrains.kotlin.cli.jvm.K2JVMCompiler @E:\clickSolver\partnermobileapp\node_modules\@rnmapbox\maps\android\build\20240830_15702657586282178733.compiler.options

Host: 12th Gen Intel(R) Core(TM) i5-1240P, 16 cores, 15G,  Windows 11 , 64 bit Build 22621 (10.0.22621.3958)
Time: Fri Aug 30 22:56:33 2024 India Standard Time elapsed time: 0.104379 seconds (0d 0h 0m 0s)

---------------  T H R E A D  ---------------

Current thread (0x000001db75027e30):  JavaThread "Unknown thread" [_thread_in_vm, id=24536, stack(0x00000098b2000000,0x00000098b2100000)]

Stack: [0x00000098b2000000,0x00000098b2100000]
Native frames: (J=compiled Java code, j=interpreted, Vv=VM code, C=native code)
V  [jvm.dll+0x67a04a]
V  [jvm.dll+0x7da4ed]
V  [jvm.dll+0x7dbe33]
V  [jvm.dll+0x7dc4a3]
V  [jvm.dll+0x24508f]
V  [jvm.dll+0x677089]
V  [jvm.dll+0x66bd32]
V  [jvm.dll+0x301fa6]
V  [jvm.dll+0x309546]
V  [jvm.dll+0x359d2e]
V  [jvm.dll+0x359f5f]
V  [jvm.dll+0x2d9078]
V  [jvm.dll+0x2d9fe4]
V  [jvm.dll+0x7aca21]
V  [jvm.dll+0x367591]
V  [jvm.dll+0x78b999]
V  [jvm.dll+0x3ec83f]
V  [jvm.dll+0x3ee471]
C  [jli.dll+0x5297]
C  [ucrtbase.dll+0x29333]
C  [KERNEL32.DLL+0x1257d]
C  [ntdll.dll+0x5af28]


---------------  P R O C E S S  ---------------

Threads class SMR info:
_java_thread_list=0x00007ff8d14b7a18, length=0, elements={
}

Java Threads: ( => current thread )

Other Threads:
  0x000001db750944c0 GCTaskThread "GC Thread#0" [stack: 0x00000098b2100000,0x00000098b2200000] [id=19332]
  0x000001db750a4f20 ConcurrentGCThread "G1 Main Marker" [stack: 0x00000098b2200000,0x00000098b2300000] [id=26328]
  0x000001db750a60d0 ConcurrentGCThread "G1 Conc#0" [stack: 0x00000098b2300000,0x00000098b2400000] [id=23052]

[error occurred during error reporting (printing all threads), id 0xc0000005, EXCEPTION_ACCESS_VIOLATION (0xc0000005) at pc=0x00007ff8d0ce9b67]

VM state: not at safepoint (not fully initialized)

VM Mutex/Monitor currently owned by a thread:  ([mutex/lock_event])
[0x000001db750225f0] Heap_lock - owner thread: 0x000001db75027e30

Heap address: 0x0000000704e00000, size: 4018 MB, Compressed Oops mode: Zero based, Oop shift amount: 3

CDS archive(s) mapped at: [0x0000000000000000-0x0000000000000000-0x0000000000000000), size 0, SharedBaseAddress: 0x0000000800000000, ArchiveRelocationMode: 1.
Narrow klass base: 0x0000000000000000, Narrow klass shift: 0, Narrow klass range: 0x0

GC Precious Log:
<Empty>

Heap:
 garbage-first heap   total 0K, used 0K [0x0000000704e00000, 0x0000000800000000)
  region size 2048K, 0 young (0K), 0 survivors (0K)

[error occurred during error reporting (printing heap information), id 0xc0000005, EXCEPTION_ACCESS_VIOLATION (0xc0000005) at pc=0x00007ff8d10d3859]

GC Heap History (0 events):
No events

Deoptimization events (0 events):
No events

Classes unloaded (0 events):
No events

Classes redefined (0 events):
No events

Internal exceptions (0 events):
No events

VM Operations (0 events):
No events

Events (1 events):
Event: 0.031 Loaded shared library C:\Program Files\Java\jdk-22\bin\java.dll


Dynamic libraries:
0x00007ff78be10000 - 0x00007ff78be20000 	C:\Program Files\Java\jdk-22\bin\java.exe
0x00007ff94e270000 - 0x00007ff94e487000 	C:\Windows\SYSTEM32\ntdll.dll
0x00007ff94c000000 - 0x00007ff94c0c4000 	C:\Windows\System32\KERNEL32.DLL
0x00007ff94ba80000 - 0x00007ff94be2d000 	C:\Windows\System32\KERNELBASE.dll
0x00007ff94b7f0000 - 0x00007ff94b901000 	C:\Windows\System32\ucrtbase.dll
0x00007ff8f6760000 - 0x00007ff8f6779000 	C:\Program Files\Java\jdk-22\bin\jli.dll
0x00007ff94c130000 - 0x00007ff94c1e2000 	C:\Windows\System32\ADVAPI32.dll
0x00007ff94d8a0000 - 0x00007ff94d947000 	C:\Windows\System32\msvcrt.dll
0x00007ff94cb60000 - 0x00007ff94cc09000 	C:\Windows\System32\sechost.dll
0x00007ff94b910000 - 0x00007ff94b938000 	C:\Windows\System32\bcrypt.dll
0x00007ff94dff0000 - 0x00007ff94e104000 	C:\Windows\System32\RPCRT4.dll
0x00007ff8f6740000 - 0x00007ff8f675b000 	C:\Program Files\Java\jdk-22\bin\VCRUNTIME140.dll
0x00007ff94c9b0000 - 0x00007ff94cb5e000 	C:\Windows\System32\USER32.dll
0x00007ff94b9b0000 - 0x00007ff94b9d6000 	C:\Windows\System32\win32u.dll
0x00007ff94c280000 - 0x00007ff94c2a9000 	C:\Windows\System32\GDI32.dll
0x00007ff94b6d0000 - 0x00007ff94b7e9000 	C:\Windows\System32\gdi32full.dll
0x00007ff94b9e0000 - 0x00007ff94ba7a000 	C:\Windows\System32\msvcp_win.dll
0x00007ff934840000 - 0x00007ff934ad3000 	C:\Windows\WinSxS\amd64_microsoft.windows.common-controls_6595b64144ccf1df_6.0.22621.3672_none_2713b9d173822955\COMCTL32.dll
0x00007ff9304d0000 - 0x00007ff9304da000 	C:\Windows\SYSTEM32\VERSION.dll
0x00007ff94c3a0000 - 0x00007ff94c3d1000 	C:\Windows\System32\IMM32.DLL
0x00007ff931710000 - 0x00007ff93171c000 	C:\Program Files\Java\jdk-22\bin\vcruntime140_1.dll
0x00007ff8f1850000 - 0x00007ff8f18de000 	C:\Program Files\Java\jdk-22\bin\msvcp140.dll
0x00007ff8d0a00000 - 0x00007ff8d15e0000 	C:\Program Files\Java\jdk-22\bin\server\jvm.dll
0x00007ff94c2b0000 - 0x00007ff94c2b8000 	C:\Windows\System32\PSAPI.DLL
0x00007ff944610000 - 0x00007ff944644000 	C:\Windows\SYSTEM32\WINMM.dll
0x00007ff928990000 - 0x00007ff928999000 	C:\Windows\SYSTEM32\WSOCK32.dll
0x00007ff94d820000 - 0x00007ff94d891000 	C:\Windows\System32\WS2_32.dll
0x00007ff94a5a0000 - 0x00007ff94a5b8000 	C:\Windows\SYSTEM32\kernel.appcore.dll
0x00007ff930ed0000 - 0x00007ff930eda000 	C:\Program Files\Java\jdk-22\bin\jimage.dll
0x00007ff948e60000 - 0x00007ff949092000 	C:\Windows\SYSTEM32\DBGHELP.DLL
0x00007ff94c3e0000 - 0x00007ff94c76d000 	C:\Windows\System32\combase.dll
0x00007ff94c2c0000 - 0x00007ff94c397000 	C:\Windows\System32\OLEAUT32.dll
0x00007ff93c510000 - 0x00007ff93c542000 	C:\Windows\SYSTEM32\dbgcore.DLL
0x00007ff94b650000 - 0x00007ff94b6cb000 	C:\Windows\System32\bcryptPrimitives.dll
0x00007ff8f0db0000 - 0x00007ff8f0dd5000 	C:\Program Files\Java\jdk-22\bin\java.dll

dbghelp: loaded successfully - version: 4.0.5 - missing functions: none
symbol engine: initialized successfully - sym options: 0x614 - pdb path: .;C:\Program Files\Java\jdk-22\bin;C:\Windows\SYSTEM32;C:\Windows\WinSxS\amd64_microsoft.windows.common-controls_6595b64144ccf1df_6.0.22621.3672_none_2713b9d173822955;C:\Program Files\Java\jdk-22\bin\server

VM Arguments:
java_command: org.jetbrains.kotlin.cli.jvm.K2JVMCompiler @E:\clickSolver\partnermobileapp\node_modules\@rnmapbox\maps\android\build\20240830_15702657586282178733.compiler.options
java_class_path (initial): C:\Users\vanam\.gradle\caches\modules-2\files-2.1\org.jetbrains.kotlin\kotlin-compiler-embeddable\1.9.22\9cd4dc7773cf2a99ecd961a88fbbc9a2da3fb5e1\kotlin-compiler-embeddable-1.9.22.jar;C:\Users\vanam\.gradle\caches\modules-2\files-2.1\org.jetbrains.kotlin\kotlin-stdlib\1.9.22\d6c44cd08d8f3f9bece8101216dbe6553365c6e3\kotlin-stdlib-1.9.22.jar;C:\Users\vanam\.gradle\caches\modules-2\files-2.1\org.jetbrains.kotlin\kotlin-script-runtime\1.9.22\f8139a46fc677ec9badc49ae954392f4f5e7e7c7\kotlin-script-runtime-1.9.22.jar;C:\Users\vanam\.gradle\caches\modules-2\files-2.1\org.jetbrains.kotlin\kotlin-reflect\1.6.10\1cbe9c92c12a94eea200d23c2bbaedaf3daf5132\kotlin-reflect-1.6.10.jar;C:\Users\vanam\.gradle\caches\modules-2\files-2.1\org.jetbrains.kotlin\kotlin-daemon-embeddable\1.9.22\20e2c5df715f3240c765cfc222530e2796542021\kotlin-daemon-embeddable-1.9.22.jar;C:\Users\vanam\.gradle\caches\modules-2\files-2.1\org.jetbrains.intellij.deps\trove4j\1.0.20200330\3afb14d5f9ceb459d724e907a21145e8ff394f02\trove4j-1.0.20200330.jar;C:\Users\vanam\.gradle\caches\modules-2\files-2.1\org.jetbrains\annotations\13.0\919f0dfe192fb4e063e7dacadee7f8bb9a2672a9\annotations-13.0.jar
Launcher Type: SUN_STANDARD

[Global flags]
     intx CICompilerCount                          = 12                                        {product} {ergonomic}
     uint ConcGCThreads                            = 3                                         {product} {ergonomic}
     uint G1ConcRefinementThreads                  = 13                                        {product} {ergonomic}
   size_t G1HeapRegionSize                         = 2097152                                   {product} {ergonomic}
    uintx GCDrainStackTargetSize                   = 64                                        {product} {ergonomic}
   size_t InitialHeapSize                          = 264241152                                 {product} {ergonomic}
   size_t MarkStackSize                            = 4194304                                   {product} {ergonomic}
   size_t MaxHeapSize                              = 4213178368                                {product} {ergonomic}
   size_t MinHeapDeltaBytes                        = 2097152                                   {product} {ergonomic}
   size_t MinHeapSize                              = 8388608                                   {product} {ergonomic}
    uintx NonNMethodCodeHeapSize                   = 7602480                                {pd product} {ergonomic}
    uintx NonProfiledCodeHeapSize                  = 122027880                              {pd product} {ergonomic}
    uintx ProfiledCodeHeapSize                     = 122027880                              {pd product} {ergonomic}
    uintx ReservedCodeCacheSize                    = 251658240                              {pd product} {ergonomic}
     bool SegmentedCodeCache                       = true                                      {product} {ergonomic}
   size_t SoftMaxHeapSize                          = 4213178368                             {manageable} {ergonomic}
     bool UseCompressedClassPointers               = true                           {product lp64_product} {ergonomic}
     bool UseCompressedOops                        = true                           {product lp64_product} {ergonomic}
     bool UseG1GC                                  = true                                      {product} {ergonomic}
     bool UseLargePagesIndividualAllocation        = false                                  {pd product} {ergonomic}

Logging:
Log output configuration:
 #0: stdout all=warning uptime,level,tags
 #1: stderr all=off uptime,level,tags

Environment Variables:
CLASSPATH=E:\clickSolver\partnermobileapp\android\\gradle\wrapper\gradle-wrapper.jar
PATH=E:\clickSolver\partnermobileapp\node_modules\.bin;E:\clickSolver\partnermobileapp\node_modules\.bin;E:\clickSolver\node_modules\.bin;E:\node_modules\.bin;C:\Program Files\nodejs\node_modules\npm\node_modules\@npmcli\run-script\lib\node-gyp-bin;C:\Ruby33-x64\bin;C:\Program Files\Python310\Scripts\;C:\Program Files\Python310\;C:\Program Files\Common Files\Oracle\Java\javapath;C:\Windows\system32;C:\Windows;C:\Windows\System32\Wbem;C:\Windows\System32\WindowsPowerShell\v1.0\;C:\Windows\System32\OpenSSH\;C:\Program Files\dotnet\;C:\Program Files\Docker\Docker\resources\bin;C:\Program Files\nodejs\;C:\Program Files\Git\cmd;C:\Program Files\Java\jdk-11\bin;C:\Users\vanam\AppData\Local\Android\Sdk;C:\Users\vanam\AppData\Local\Android\Sdk\platform-tools;C:\Users\vanam\AppData\Local\Android\Sdk\ndk;C:\Users\vanam\AppData\Local\Microsoft\WindowsApps;C:\Program Files\Java\jdk-17\bin;C:\Program Files\Git\bin;C:\Users\vanam\AppData\Roaming\npm;C:\Program Files;C:\Users\vanam\AppData\Local\Programs\Microsoft VS Code\bin;C:\Users\vanam\AppData\Local\Android\Sdk\platform-tools;C:\Users\vanam\AppData\Local\Android\Sdk;C:\Users\vanam\AppData\Local\Android\Sdk\emulator;C:\Users\vanam\AppData\Local\Android\Sdk\ndk;C:\Program Files\nodejs\;
USERNAME=vanam
LANG=en_US.UTF-8
OS=Windows_NT
PROCESSOR_IDENTIFIER=Intel64 Family 6 Model 154 Stepping 3, GenuineIntel



---------------  S Y S T E M  ---------------

OS:
 Windows 11 , 64 bit Build 22621 (10.0.22621.3958)
OS uptime: 6 days 5:05 hours
Hyper-V role detected

CPU: total 16 (initial active 16) (8 cores per cpu, 2 threads per core) family 6 model 154 stepping 3 microcode 0x433, cx8, cmov, fxsr, ht, mmx, 3dnowpref, sse, sse2, sse3, ssse3, sse4.1, sse4.2, popcnt, lzcnt, tsc, tscinvbit, avx, avx2, aes, erms, clmul, bmi1, bmi2, adx, sha, fma, vzeroupper, clflush, clflushopt, clwb, hv

Memory: 4k page, system-wide physical 16068M (2385M free)
TotalPageFile size 20518M (AvailPageFile size 3M)
current process WorkingSet (physical memory assigned to process): 11M, peak: 11M
current process commit charge ("private bytes"): 71M, peak: 322M

vm_info: Java HotSpot(TM) 64-Bit Server VM (17.0.12+8-LTS-286) for windows-amd64 JRE (17.0.12+8-LTS-286), built on Jun  5 2024 06:46:59 by "mach5one" with MS VC++ 17.6 (VS2022)

END.
