#
# There is insufficient memory for the Java Runtime Environment to continue.
# Native memory allocation (malloc) failed to allocate 32744 bytes for ChunkPool::allocate
# Possible reasons:
#   The system is out of physical RAM or swap space
#   The process is running with CompressedOops enabled, and the Java Heap may be blocking the growth of the native heap
# Possible solutions:
#   Reduce memory load on the system
#   Increase physical memory or swap space
#   Check if swap backing store is full
#   Decrease Java heap size (-Xmx/-Xms)
#   Decrease number of Java threads
#   Decrease Java thread stack sizes (-Xss)
#   Set larger code cache with -XX:ReservedCodeCacheSize=
#   JVM is running with Unscaled Compressed Oops mode in which the Java heap is
#     placed in the first 4GB address space. The Java Heap base address is the
#     maximum limit for the native heap growth. Please use -XX:HeapBaseMinAddress
#     to set the Java Heap base and to place the Java Heap above 4GB virtual address.
# This output file may be truncated or incomplete.
#
#  Out of Memory Error (arena.cpp:78), pid=23968, tid=21516
#
# JRE version: Java(TM) SE Runtime Environment (17.0.12+8) (build 17.0.12+8-LTS-286)
# Java VM: Java HotSpot(TM) 64-Bit Server VM (17.0.12+8-LTS-286, mixed mode, sharing, tiered, compressed oops, compressed class ptrs, g1 gc, windows-amd64)
# No core dump will be written. Minidumps are not enabled by default on client versions of Windows
#

---------------  S U M M A R Y ------------

Command Line: -Xmx64m -Xms64m -Dorg.gradle.appname=gradlew org.gradle.wrapper.GradleWrapperMain app:installDebug -PreactNativeDevServerPort=8081

Host: 12th Gen Intel(R) Core(TM) i5-1240P, 16 cores, 15G,  Windows 11 , 64 bit Build 22621 (10.0.22621.3958)
Time: Thu Sep  5 20:25:52 2024 India Standard Time elapsed time: 105.064413 seconds (0d 0h 1m 45s)

---------------  T H R E A D  ---------------

Current thread (0x0000028f21d92490):  JavaThread "C2 CompilerThread0" daemon [_thread_in_native, id=21516, stack(0x000000d398200000,0x000000d398300000)]


Current CompileTask:
C2: 105064 1896       4       org.gradle.internal.logging.text.AbstractLineChoppingStyledTextOutput$1::execute (9 bytes)

Stack: [0x000000d398200000,0x000000d398300000]
Native frames: (J=compiled Java code, j=interpreted, Vv=VM code, C=native code)
V  [jvm.dll+0x67a04a]
V  [jvm.dll+0x7da4ed]
V  [jvm.dll+0x7dbe33]
V  [jvm.dll+0x7dc4a3]
V  [jvm.dll+0x24508f]
V  [jvm.dll+0xab9a4]
V  [jvm.dll+0xabd3c]
V  [jvm.dll+0x36725f]
V  [jvm.dll+0x366a21]
V  [jvm.dll+0x366a64]
V  [jvm.dll+0x5632b5]
V  [jvm.dll+0x563a7b]
V  [jvm.dll+0x1ba660]
V  [jvm.dll+0x216997]
V  [jvm.dll+0x215c6f]
V  [jvm.dll+0x1a2960]
V  [jvm.dll+0x22610b]
V  [jvm.dll+0x2242ab]
V  [jvm.dll+0x79075c]
V  [jvm.dll+0x78abea]
V  [jvm.dll+0x678f35]
C  [ucrtbase.dll+0x29333]
C  [KERNEL32.DLL+0x1257d]
C  [ntdll.dll+0x5af28]


---------------  P R O C E S S  ---------------

Threads class SMR info:
_java_thread_list=0x0000028f67628040, length=14, elements={
0x0000028f05ba7710, 0x0000028f05c66bb0, 0x0000028f05c67a30, 0x0000028f21d8a280,
0x0000028f21d8dc70, 0x0000028f21d8e630, 0x0000028f21d8eff0, 0x0000028f21d92490,
0x0000028f21d94f50, 0x0000028f21d97d60, 0x0000028f670aeb80, 0x0000028f670d0080,
0x0000028f6743e950, 0x0000028f21df3dd0
}

Java Threads: ( => current thread )
  0x0000028f05ba7710 JavaThread "main" [_thread_blocked, id=24816, stack(0x000000d397500000,0x000000d397600000)]
  0x0000028f05c66bb0 JavaThread "Reference Handler" daemon [_thread_blocked, id=26504, stack(0x000000d397c00000,0x000000d397d00000)]
  0x0000028f05c67a30 JavaThread "Finalizer" daemon [_thread_blocked, id=16460, stack(0x000000d397d00000,0x000000d397e00000)]
  0x0000028f21d8a280 JavaThread "Signal Dispatcher" daemon [_thread_blocked, id=19868, stack(0x000000d397e00000,0x000000d397f00000)]
  0x0000028f21d8dc70 JavaThread "Attach Listener" daemon [_thread_blocked, id=16716, stack(0x000000d397f00000,0x000000d398000000)]
  0x0000028f21d8e630 JavaThread "Service Thread" daemon [_thread_blocked, id=20948, stack(0x000000d398000000,0x000000d398100000)]
  0x0000028f21d8eff0 JavaThread "Monitor Deflation Thread" daemon [_thread_blocked, id=25704, stack(0x000000d398100000,0x000000d398200000)]
=>0x0000028f21d92490 JavaThread "C2 CompilerThread0" daemon [_thread_in_native, id=21516, stack(0x000000d398200000,0x000000d398300000)]
  0x0000028f21d94f50 JavaThread "C1 CompilerThread0" daemon [_thread_in_native, id=27560, stack(0x000000d398300000,0x000000d398400000)]
  0x0000028f21d97d60 JavaThread "Sweeper thread" daemon [_thread_blocked, id=27208, stack(0x000000d398400000,0x000000d398500000)]
  0x0000028f670aeb80 JavaThread "Notification Thread" daemon [_thread_blocked, id=19460, stack(0x000000d398600000,0x000000d398700000)]
  0x0000028f670d0080 JavaThread "Common-Cleaner" daemon [_thread_blocked, id=17708, stack(0x000000d398800000,0x000000d398900000)]
  0x0000028f6743e950 JavaThread "DisconnectableInputStream source reader" daemon [_thread_in_native, id=22256, stack(0x000000d398b00000,0x000000d398c00000)]
  0x0000028f21df3dd0 JavaThread "C2 CompilerThread1" daemon [_thread_in_native, id=23460, stack(0x000000d397200000,0x000000d397300000)]

Other Threads:
  0x0000028f05c60400 VMThread "VM Thread" [stack: 0x000000d397b00000,0x000000d397c00000] [id=23964]
  0x0000028f05bfe930 WatcherThread [stack: 0x000000d398700000,0x000000d398800000] [id=17380]
  0x0000028f05bcabb0 GCTaskThread "GC Thread#0" [stack: 0x000000d397600000,0x000000d397700000] [id=21024]
  0x0000028f67d938b0 GCTaskThread "GC Thread#1" [stack: 0x000000d398d00000,0x000000d398e00000] [id=5468]
  0x0000028f67be6040 GCTaskThread "GC Thread#2" [stack: 0x000000d398e00000,0x000000d398f00000] [id=24828]
  0x0000028f67f19710 GCTaskThread "GC Thread#3" [stack: 0x000000d398f00000,0x000000d399000000] [id=24352]
  0x0000028f67b85170 GCTaskThread "GC Thread#4" [stack: 0x000000d399000000,0x000000d399100000] [id=24896]
  0x0000028f6809e660 GCTaskThread "GC Thread#5" [stack: 0x000000d399200000,0x000000d399300000] [id=25384]
  0x0000028f67fc3010 GCTaskThread "GC Thread#6" [stack: 0x000000d399300000,0x000000d399400000] [id=15680]
  0x0000028f67fc32d0 GCTaskThread "GC Thread#7" [stack: 0x000000d399400000,0x000000d399500000] [id=24716]
  0x0000028f67fc3590 GCTaskThread "GC Thread#8" [stack: 0x000000d399500000,0x000000d399600000] [id=16764]
  0x0000028f67fc4470 GCTaskThread "GC Thread#9" [stack: 0x000000d399600000,0x000000d399700000] [id=24140]
  0x0000028f05bcc300 ConcurrentGCThread "G1 Main Marker" [stack: 0x000000d397700000,0x000000d397800000] [id=25436]
  0x0000028f05bccd10 ConcurrentGCThread "G1 Conc#0" [stack: 0x000000d397800000,0x000000d397900000] [id=24000]
  0x0000028f05c44300 ConcurrentGCThread "G1 Refine#0" [stack: 0x000000d397900000,0x000000d397a00000] [id=11748]
  0x0000028f05c45d40 ConcurrentGCThread "G1 Service" [stack: 0x000000d397a00000,0x000000d397b00000] [id=20124]

Threads with active compile tasks:
C2 CompilerThread0   105093 1896       4       org.gradle.internal.logging.text.AbstractLineChoppingStyledTextOutput$1::execute (9 bytes)
C1 CompilerThread0   105094 1914       3       java.nio.CharBuffer::limit (8 bytes)
C2 CompilerThread1   105094 1897       4       org.gradle.internal.logging.text.AbstractLineChoppingStyledTextOutput$1::execute (140 bytes)

VM state: not at safepoint (normal execution)

VM Mutex/Monitor currently owned by a thread: None

Heap address: 0x00000000fc000000, size: 64 MB, Compressed Oops mode: 32-bit

CDS archive(s) mapped at: [0x0000028f22000000-0x0000028f22bd0000-0x0000028f22bd0000), size 12386304, SharedBaseAddress: 0x0000028f22000000, ArchiveRelocationMode: 1.
Compressed class space mapped at: 0x0000028f23000000-0x0000028f63000000, reserved size: 1073741824
Narrow klass base: 0x0000028f22000000, Narrow klass shift: 0, Narrow klass range: 0x100000000

GC Precious Log:
 CPUs: 16 total, 16 available
 Memory: 16068M
 Large Page Support: Disabled
 NUMA Support: Disabled
 Compressed Oops: Enabled (32-bit)
 Heap Region Size: 1M
 Heap Min Capacity: 64M
 Heap Initial Capacity: 64M
 Heap Max Capacity: 64M
 Pre-touch: Disabled
 Parallel Workers: 13
 Concurrent Workers: 3
 Concurrent Refinement Workers: 13
 Periodic GC: Disabled

Heap:
 garbage-first heap   total 65536K, used 17152K [0x00000000fc000000, 0x0000000100000000)
  region size 1024K, 8 young (8192K), 3 survivors (3072K)
 Metaspace       used 10274K, committed 10432K, reserved 1114112K
  class space    used 1321K, committed 1408K, reserved 1048576K

Heap Regions: E=young(eden), S=young(survivor), O=old, HS=humongous(starts), HC=humongous(continues), CS=collection set, F=free, OA=open archive, CA=closed archive, TAMS=top-at-mark-start (previous, next)
|   0|0x00000000fc000000, 0x00000000fc100000, 0x00000000fc100000|100%|HS|  |TAMS 0x00000000fc000000, 0x00000000fc000000| Complete 
|   1|0x00000000fc100000, 0x00000000fc200000, 0x00000000fc200000|100%|HC|  |TAMS 0x00000000fc100000, 0x00000000fc100000| Complete 
|   2|0x00000000fc200000, 0x00000000fc300000, 0x00000000fc300000|100%|HC|  |TAMS 0x00000000fc200000, 0x00000000fc200000| Complete 
|   3|0x00000000fc300000, 0x00000000fc400000, 0x00000000fc400000|100%|HC|  |TAMS 0x00000000fc300000, 0x00000000fc300000| Complete 
|   4|0x00000000fc400000, 0x00000000fc500000, 0x00000000fc500000|100%| O|  |TAMS 0x00000000fc400000, 0x00000000fc400000| Untracked 
|   5|0x00000000fc500000, 0x00000000fc600000, 0x00000000fc600000|100%| O|  |TAMS 0x00000000fc500000, 0x00000000fc500000| Untracked 
|   6|0x00000000fc600000, 0x00000000fc700000, 0x00000000fc700000|100%| O|  |TAMS 0x00000000fc600000, 0x00000000fc600000| Untracked 
|   7|0x00000000fc700000, 0x00000000fc800000, 0x00000000fc800000|100%| O|  |TAMS 0x00000000fc700000, 0x00000000fc700000| Untracked 
|   8|0x00000000fc800000, 0x00000000fc900000, 0x00000000fc900000|100%| O|  |TAMS 0x00000000fc800000, 0x00000000fc800000| Untracked 
|   9|0x00000000fc900000, 0x00000000fca00000, 0x00000000fca00000|100%| O|  |TAMS 0x00000000fc900000, 0x00000000fc900000| Untracked 
|  10|0x00000000fca00000, 0x00000000fca5d600, 0x00000000fcb00000| 36%| O|  |TAMS 0x00000000fca00000, 0x00000000fca00000| Untracked 
|  11|0x00000000fcb00000, 0x00000000fcb00000, 0x00000000fcc00000|  0%| F|  |TAMS 0x00000000fcb00000, 0x00000000fcb00000| Untracked 
|  12|0x00000000fcc00000, 0x00000000fcc00000, 0x00000000fcd00000|  0%| F|  |TAMS 0x00000000fcc00000, 0x00000000fcc00000| Untracked 
|  13|0x00000000fcd00000, 0x00000000fcd00000, 0x00000000fce00000|  0%| F|  |TAMS 0x00000000fcd00000, 0x00000000fcd00000| Untracked 
|  14|0x00000000fce00000, 0x00000000fce00000, 0x00000000fcf00000|  0%| F|  |TAMS 0x00000000fce00000, 0x00000000fce00000| Untracked 
|  15|0x00000000fcf00000, 0x00000000fcf00000, 0x00000000fd000000|  0%| F|  |TAMS 0x00000000fcf00000, 0x00000000fcf00000| Untracked 
|  16|0x00000000fd000000, 0x00000000fd000000, 0x00000000fd100000|  0%| F|  |TAMS 0x00000000fd000000, 0x00000000fd000000| Untracked 
|  17|0x00000000fd100000, 0x00000000fd100000, 0x00000000fd200000|  0%| F|  |TAMS 0x00000000fd100000, 0x00000000fd100000| Untracked 
|  18|0x00000000fd200000, 0x00000000fd200000, 0x00000000fd300000|  0%| F|  |TAMS 0x00000000fd200000, 0x00000000fd200000| Untracked 
|  19|0x00000000fd300000, 0x00000000fd300000, 0x00000000fd400000|  0%| F|  |TAMS 0x00000000fd300000, 0x00000000fd300000| Untracked 
|  20|0x00000000fd400000, 0x00000000fd400000, 0x00000000fd500000|  0%| F|  |TAMS 0x00000000fd400000, 0x00000000fd400000| Untracked 
|  21|0x00000000fd500000, 0x00000000fd500000, 0x00000000fd600000|  0%| F|  |TAMS 0x00000000fd500000, 0x00000000fd500000| Untracked 
|  22|0x00000000fd600000, 0x00000000fd600000, 0x00000000fd700000|  0%| F|  |TAMS 0x00000000fd600000, 0x00000000fd600000| Untracked 
|  23|0x00000000fd700000, 0x00000000fd700000, 0x00000000fd800000|  0%| F|  |TAMS 0x00000000fd700000, 0x00000000fd700000| Untracked 
|  24|0x00000000fd800000, 0x00000000fd800000, 0x00000000fd900000|  0%| F|  |TAMS 0x00000000fd800000, 0x00000000fd800000| Untracked 
|  25|0x00000000fd900000, 0x00000000fd900000, 0x00000000fda00000|  0%| F|  |TAMS 0x00000000fd900000, 0x00000000fd900000| Untracked 
|  26|0x00000000fda00000, 0x00000000fda00000, 0x00000000fdb00000|  0%| F|  |TAMS 0x00000000fda00000, 0x00000000fda00000| Untracked 
|  27|0x00000000fdb00000, 0x00000000fdb00000, 0x00000000fdc00000|  0%| F|  |TAMS 0x00000000fdb00000, 0x00000000fdb00000| Untracked 
|  28|0x00000000fdc00000, 0x00000000fdc00000, 0x00000000fdd00000|  0%| F|  |TAMS 0x00000000fdc00000, 0x00000000fdc00000| Untracked 
|  29|0x00000000fdd00000, 0x00000000fdd00000, 0x00000000fde00000|  0%| F|  |TAMS 0x00000000fdd00000, 0x00000000fdd00000| Untracked 
|  30|0x00000000fde00000, 0x00000000fde00000, 0x00000000fdf00000|  0%| F|  |TAMS 0x00000000fde00000, 0x00000000fde00000| Untracked 
|  31|0x00000000fdf00000, 0x00000000fdf00000, 0x00000000fe000000|  0%| F|  |TAMS 0x00000000fdf00000, 0x00000000fdf00000| Untracked 
|  32|0x00000000fe000000, 0x00000000fe000000, 0x00000000fe100000|  0%| F|  |TAMS 0x00000000fe000000, 0x00000000fe000000| Untracked 
|  33|0x00000000fe100000, 0x00000000fe100000, 0x00000000fe200000|  0%| F|  |TAMS 0x00000000fe100000, 0x00000000fe100000| Untracked 
|  34|0x00000000fe200000, 0x00000000fe200000, 0x00000000fe300000|  0%| F|  |TAMS 0x00000000fe200000, 0x00000000fe200000| Untracked 
|  35|0x00000000fe300000, 0x00000000fe300000, 0x00000000fe400000|  0%| F|  |TAMS 0x00000000fe300000, 0x00000000fe300000| Untracked 
|  36|0x00000000fe400000, 0x00000000fe462cb0, 0x00000000fe500000| 38%| S|CS|TAMS 0x00000000fe400000, 0x00000000fe400000| Complete 
|  37|0x00000000fe500000, 0x00000000fe600000, 0x00000000fe600000|100%| S|CS|TAMS 0x00000000fe500000, 0x00000000fe500000| Complete 
|  38|0x00000000fe600000, 0x00000000fe600000, 0x00000000fe700000|  0%| F|  |TAMS 0x00000000fe600000, 0x00000000fe600000| Untracked 
|  39|0x00000000fe700000, 0x00000000fe700000, 0x00000000fe800000|  0%| F|  |TAMS 0x00000000fe700000, 0x00000000fe700000| Untracked 
|  40|0x00000000fe800000, 0x00000000fe800000, 0x00000000fe900000|  0%| F|  |TAMS 0x00000000fe800000, 0x00000000fe800000| Untracked 
|  41|0x00000000fe900000, 0x00000000fea00000, 0x00000000fea00000|100%| S|CS|TAMS 0x00000000fe900000, 0x00000000fe900000| Complete 
|  42|0x00000000fea00000, 0x00000000fea00000, 0x00000000feb00000|  0%| F|  |TAMS 0x00000000fea00000, 0x00000000fea00000| Untracked 
|  43|0x00000000feb00000, 0x00000000feb00000, 0x00000000fec00000|  0%| F|  |TAMS 0x00000000feb00000, 0x00000000feb00000| Untracked 
|  44|0x00000000fec00000, 0x00000000fec00000, 0x00000000fed00000|  0%| F|  |TAMS 0x00000000fec00000, 0x00000000fec00000| Untracked 
|  45|0x00000000fed00000, 0x00000000fed00000, 0x00000000fee00000|  0%| F|  |TAMS 0x00000000fed00000, 0x00000000fed00000| Untracked 
|  46|0x00000000fee00000, 0x00000000fee00000, 0x00000000fef00000|  0%| F|  |TAMS 0x00000000fee00000, 0x00000000fee00000| Untracked 
|  47|0x00000000fef00000, 0x00000000fef00000, 0x00000000ff000000|  0%| F|  |TAMS 0x00000000fef00000, 0x00000000fef00000| Untracked 
|  48|0x00000000ff000000, 0x00000000ff000000, 0x00000000ff100000|  0%| F|  |TAMS 0x00000000ff000000, 0x00000000ff000000| Untracked 
|  49|0x00000000ff100000, 0x00000000ff100000, 0x00000000ff200000|  0%| F|  |TAMS 0x00000000ff100000, 0x00000000ff100000| Untracked 
|  50|0x00000000ff200000, 0x00000000ff200000, 0x00000000ff300000|  0%| F|  |TAMS 0x00000000ff200000, 0x00000000ff200000| Untracked 
|  51|0x00000000ff300000, 0x00000000ff300000, 0x00000000ff400000|  0%| F|  |TAMS 0x00000000ff300000, 0x00000000ff300000| Untracked 
|  52|0x00000000ff400000, 0x00000000ff400000, 0x00000000ff500000|  0%| F|  |TAMS 0x00000000ff400000, 0x00000000ff400000| Untracked 
|  53|0x00000000ff500000, 0x00000000ff500000, 0x00000000ff600000|  0%| F|  |TAMS 0x00000000ff500000, 0x00000000ff500000| Untracked 
|  54|0x00000000ff600000, 0x00000000ff600000, 0x00000000ff700000|  0%| F|  |TAMS 0x00000000ff600000, 0x00000000ff600000| Untracked 
|  55|0x00000000ff700000, 0x00000000ff700000, 0x00000000ff800000|  0%| F|  |TAMS 0x00000000ff700000, 0x00000000ff700000| Untracked 
|  56|0x00000000ff800000, 0x00000000ff800000, 0x00000000ff900000|  0%| F|  |TAMS 0x00000000ff800000, 0x00000000ff800000| Untracked 
|  57|0x00000000ff900000, 0x00000000ff900000, 0x00000000ffa00000|  0%| F|  |TAMS 0x00000000ff900000, 0x00000000ff900000| Untracked 
|  58|0x00000000ffa00000, 0x00000000ffa00000, 0x00000000ffb00000|  0%| F|  |TAMS 0x00000000ffa00000, 0x00000000ffa00000| Untracked 
|  59|0x00000000ffb00000, 0x00000000ffb8b230, 0x00000000ffc00000| 54%| E|  |TAMS 0x00000000ffb00000, 0x00000000ffb00000| Complete 
|  60|0x00000000ffc00000, 0x00000000ffd00000, 0x00000000ffd00000|100%| E|CS|TAMS 0x00000000ffc00000, 0x00000000ffc00000| Complete 
|  61|0x00000000ffd00000, 0x00000000ffe00000, 0x00000000ffe00000|100%| E|CS|TAMS 0x00000000ffd00000, 0x00000000ffd00000| Complete 
|  62|0x00000000ffe00000, 0x00000000fff00000, 0x00000000fff00000|100%| E|CS|TAMS 0x00000000ffe00000, 0x00000000ffe00000| Complete 
|  63|0x00000000fff00000, 0x0000000100000000, 0x0000000100000000|100%| E|CS|TAMS 0x00000000fff00000, 0x00000000fff00000| Complete 

Card table byte_map: [0x0000028f1ebf0000,0x0000028f1ec10000] _byte_map_base: 0x0000028f1e410000

Marking Bits (Prev, Next): (CMBitMap*) 0x0000028f05bcb1d0, (CMBitMap*) 0x0000028f05bcb210
 Prev Bits: [0x0000028f1ec30000, 0x0000028f1ed30000)
 Next Bits: [0x0000028f1ed30000, 0x0000028f1ee30000)

Polling page: 0x0000028f05910000

Metaspace:

Usage:
  Non-class:      8.74 MB used.
      Class:      1.29 MB used.
       Both:     10.03 MB used.

Virtual space:
  Non-class space:       64.00 MB reserved,       8.81 MB ( 14%) committed,  1 nodes.
      Class space:        1.00 GB reserved,       1.38 MB ( <1%) committed,  1 nodes.
             Both:        1.06 GB reserved,      10.19 MB ( <1%) committed. 

Chunk freelists:
   Non-Class:  6.57 MB
       Class:  14.57 MB
        Both:  21.14 MB

MaxMetaspaceSize: unlimited
CompressedClassSpaceSize: 1.00 GB
Initial GC threshold: 21.00 MB
Current GC threshold: 21.00 MB
CDS: on
MetaspaceReclaimPolicy: balanced
 - commit_granule_bytes: 65536.
 - commit_granule_words: 8192.
 - virtual_space_node_default_size: 8388608.
 - enlarge_chunks_in_place: 1.
 - new_chunks_are_fully_committed: 0.
 - uncommit_free_chunks: 1.
 - use_allocation_guard: 0.
 - handle_deallocations: 1.


Internal statistics:

num_allocs_failed_limit: 0.
num_arena_births: 98.
num_arena_deaths: 0.
num_vsnodes_births: 2.
num_vsnodes_deaths: 0.
num_space_committed: 163.
num_space_uncommitted: 0.
num_chunks_returned_to_freelist: 0.
num_chunks_taken_from_freelist: 376.
num_chunk_merges: 0.
num_chunk_splits: 245.
num_chunks_enlarged: 192.
num_inconsistent_stats: 0.

CodeHeap 'non-profiled nmethods': size=119168Kb used=701Kb max_used=701Kb free=118466Kb
 bounds [0x0000028f167c0000, 0x0000028f16a30000, 0x0000028f1dc20000]
CodeHeap 'profiled nmethods': size=119104Kb used=3864Kb max_used=3864Kb free=115239Kb
 bounds [0x0000028f0ec20000, 0x0000028f0eff0000, 0x0000028f16070000]
CodeHeap 'non-nmethods': size=7488Kb used=1184Kb max_used=2881Kb free=6303Kb
 bounds [0x0000028f16070000, 0x0000028f163d0000, 0x0000028f167c0000]
 total_blobs=2392 nmethods=1907 adapters=398
 compilation: enabled
              stopped_count=0, restarted_count=0
 full_count=0

Compilation events (20 events):
Event: 105.034 Thread 0x0000028f21d94f50 nmethod 1888 0x0000028f0efe3c10 code [0x0000028f0efe3e20, 0x0000028f0efe4738]
Event: 105.047 Thread 0x0000028f21d92490 nmethod 1894 0x0000028f1686d510 code [0x0000028f1686d700, 0x0000028f1686dcf0]
Event: 105.047 Thread 0x0000028f21d94f50 1900       3       java.lang.invoke.DirectMethodHandle::allocateInstance (16 bytes)
Event: 105.047 Thread 0x0000028f21d92490 1896       4       org.gradle.internal.logging.text.AbstractLineChoppingStyledTextOutput$1::execute (9 bytes)
Event: 105.047 Thread 0x0000028f21d94f50 nmethod 1900 0x0000028f0efe4a10 code [0x0000028f0efe4bc0, 0x0000028f0efe4de8]
Event: 105.047 Thread 0x0000028f21d94f50 1902       3       java.lang.invoke.DirectMethodHandle::constructorMethod (10 bytes)
Event: 105.048 Thread 0x0000028f21d94f50 nmethod 1902 0x0000028f0efe4f10 code [0x0000028f0efe50a0, 0x0000028f0efe5298]
Event: 105.054 Thread 0x0000028f21d94f50 1904       1       java.lang.invoke.MethodHandleImpl::isCompileConstant (2 bytes)
Event: 105.055 Thread 0x0000028f21d94f50 nmethod 1904 0x0000028f1686e990 code [0x0000028f1686eb20, 0x0000028f1686ebd8]
Event: 105.057 Thread 0x0000028f21d94f50 1909       3       org.gradle.internal.logging.text.AbstractStyledTextOutput::style (20 bytes)
Event: 105.057 Thread 0x0000028f21d94f50 nmethod 1909 0x0000028f0efe5390 code [0x0000028f0efe5540, 0x0000028f0efe57a8]
Event: 105.058 Thread 0x0000028f21d94f50 1910       3       org.gradle.internal.logging.text.AbstractLineChoppingStyledTextOutput::doAppend (43 bytes)
Event: 105.058 Thread 0x0000028f21d94f50 nmethod 1910 0x0000028f0efe5890 code [0x0000028f0efe5a80, 0x0000028f0efe5f68]
Event: 105.058 Thread 0x0000028f21d94f50 1911       1       org.gradle.internal.logging.text.AbstractLineChoppingStyledTextOutput::access$100 (5 bytes)
Event: 105.059 Thread 0x0000028f21d94f50 nmethod 1911 0x0000028f1686ec90 code [0x0000028f1686ee20, 0x0000028f1686eed8]
Event: 105.059 Thread 0x0000028f21d94f50 1912       1       org.gradle.internal.logging.text.AbstractLineChoppingStyledTextOutput::access$200 (5 bytes)
Event: 105.059 Thread 0x0000028f21df3dd0 1897       4       org.gradle.internal.logging.text.AbstractLineChoppingStyledTextOutput$1::execute (140 bytes)
Event: 105.059 Thread 0x0000028f21d94f50 nmethod 1912 0x0000028f1686ef90 code [0x0000028f1686f120, 0x0000028f1686f1d8]
Event: 105.059 Thread 0x0000028f21d94f50 1913       1       org.gradle.internal.logging.text.AbstractLineChoppingStyledTextOutput::access$300 (5 bytes)
Event: 105.059 Thread 0x0000028f21d94f50 nmethod 1913 0x0000028f1686f290 code [0x0000028f1686f420, 0x0000028f1686f4d8]

GC Heap History (4 events):
Event: 0.638 GC heap before
{Heap before GC invocations=0 (full 0):
 garbage-first heap   total 65536K, used 26624K [0x00000000fc000000, 0x0000000100000000)
  region size 1024K, 23 young (23552K), 0 survivors (0K)
 Metaspace       used 3456K, committed 3648K, reserved 1114112K
  class space    used 402K, committed 512K, reserved 1048576K
}
Event: 0.644 GC heap after
{Heap after GC invocations=1 (full 0):
 garbage-first heap   total 65536K, used 10600K [0x00000000fc000000, 0x0000000100000000)
  region size 1024K, 3 young (3072K), 3 survivors (3072K)
 Metaspace       used 3456K, committed 3648K, reserved 1114112K
  class space    used 402K, committed 512K, reserved 1048576K
}
Event: 4.653 GC heap before
{Heap before GC invocations=1 (full 0):
 garbage-first heap   total 65536K, used 33128K [0x00000000fc000000, 0x0000000100000000)
  region size 1024K, 25 young (25600K), 3 survivors (3072K)
 Metaspace       used 8554K, committed 8768K, reserved 1114112K
  class space    used 1122K, committed 1216K, reserved 1048576K
}
Event: 4.659 GC heap after
{Heap after GC invocations=2 (full 0):
 garbage-first heap   total 65536K, used 13056K [0x00000000fc000000, 0x0000000100000000)
  region size 1024K, 3 young (3072K), 3 survivors (3072K)
 Metaspace       used 8554K, committed 8768K, reserved 1114112K
  class space    used 1122K, committed 1216K, reserved 1048576K
}

Deoptimization events (20 events):
Event: 8.283 Thread 0x0000028f05ba7710 Uncommon trap: trap_request=0xffffffc6 fr.pc=0x0000028f1685bd78 relative=0x0000000000000438
Event: 8.283 Thread 0x0000028f05ba7710 Uncommon trap: reason=bimorphic_or_optimized_type_check action=maybe_recompile pc=0x0000028f1685bd78 method=java.util.HashMap.getNode(Ljava/lang/Object;)Ljava/util/HashMap$Node; @ 128 c2
Event: 8.283 Thread 0x0000028f05ba7710 DEOPT PACKING pc=0x0000028f1685bd78 sp=0x000000d3975fa330
Event: 8.283 Thread 0x0000028f05ba7710 DEOPT UNPACKING pc=0x0000028f160c23a3 sp=0x000000d3975fa2a8 mode 2
Event: 8.283 Thread 0x0000028f05ba7710 Uncommon trap: trap_request=0xffffffc6 fr.pc=0x0000028f1685bd78 relative=0x0000000000000438
Event: 8.283 Thread 0x0000028f05ba7710 Uncommon trap: reason=bimorphic_or_optimized_type_check action=maybe_recompile pc=0x0000028f1685bd78 method=java.util.HashMap.getNode(Ljava/lang/Object;)Ljava/util/HashMap$Node; @ 128 c2
Event: 8.283 Thread 0x0000028f05ba7710 DEOPT PACKING pc=0x0000028f1685bd78 sp=0x000000d3975fa330
Event: 8.283 Thread 0x0000028f05ba7710 DEOPT UNPACKING pc=0x0000028f160c23a3 sp=0x000000d3975fa2a8 mode 2
Event: 8.283 Thread 0x0000028f05ba7710 Uncommon trap: trap_request=0xffffffc6 fr.pc=0x0000028f1685bd78 relative=0x0000000000000438
Event: 8.283 Thread 0x0000028f05ba7710 Uncommon trap: reason=bimorphic_or_optimized_type_check action=maybe_recompile pc=0x0000028f1685bd78 method=java.util.HashMap.getNode(Ljava/lang/Object;)Ljava/util/HashMap$Node; @ 128 c2
Event: 8.283 Thread 0x0000028f05ba7710 DEOPT PACKING pc=0x0000028f1685bd78 sp=0x000000d3975fa330
Event: 8.283 Thread 0x0000028f05ba7710 DEOPT UNPACKING pc=0x0000028f160c23a3 sp=0x000000d3975fa2a8 mode 2
Event: 33.351 Thread 0x0000028f67c67ba0 Uncommon trap: trap_request=0xffffff45 fr.pc=0x0000028f16848f20 relative=0x0000000000001540
Event: 33.351 Thread 0x0000028f67c67ba0 Uncommon trap: reason=unstable_if action=reinterpret pc=0x0000028f16848f20 method=java.util.concurrent.ConcurrentHashMap.transfer([Ljava/util/concurrent/ConcurrentHashMap$Node;[Ljava/util/concurrent/ConcurrentHashMap$Node;)V @ 26 c2
Event: 33.351 Thread 0x0000028f67c67ba0 DEOPT PACKING pc=0x0000028f16848f20 sp=0x000000d3991fa530
Event: 33.351 Thread 0x0000028f67c67ba0 DEOPT UNPACKING pc=0x0000028f160c23a3 sp=0x000000d3991fa4a0 mode 2
Event: 105.024 Thread 0x0000028f05ba7710 Uncommon trap: trap_request=0xffffff45 fr.pc=0x0000028f16854f64 relative=0x00000000000001c4
Event: 105.024 Thread 0x0000028f05ba7710 Uncommon trap: reason=unstable_if action=reinterpret pc=0x0000028f16854f64 method=java.net.URI$Parser.scan(IILjava/lang/String;)I @ 26 c2
Event: 105.024 Thread 0x0000028f05ba7710 DEOPT PACKING pc=0x0000028f16854f64 sp=0x000000d3975fc330
Event: 105.024 Thread 0x0000028f05ba7710 DEOPT UNPACKING pc=0x0000028f160c23a3 sp=0x000000d3975fc2c0 mode 2

Classes unloaded (0 events):
No events

Classes redefined (0 events):
No events

Internal exceptions (20 events):
Event: 0.834 Thread 0x0000028f05ba7710 Exception <a 'java/lang/NoSuchMethodError'{0x00000000ff83ab30}: 'void java.lang.invoke.DirectMethodHandle$Holder.invokeSpecial(java.lang.Object, java.lang.Object, java.lang.Object)'> (0x00000000ff83ab30) 
thrown [s\open\src\hotspot\share\interpreter\linkResolver.cpp, line 759]
Event: 0.852 Thread 0x0000028f05ba7710 Implicit null exception at 0x0000028f1681df8f to 0x0000028f1681e4c0
Event: 0.852 Thread 0x0000028f05ba7710 Implicit null exception at 0x0000028f16801f8a to 0x0000028f168024c4
Event: 0.890 Thread 0x0000028f05ba7710 Exception <a 'java/lang/NoSuchMethodError'{0x00000000ff797ef0}: 'java.lang.Object java.lang.invoke.DirectMethodHandle$Holder.invokeStaticInit(java.lang.Object)'> (0x00000000ff797ef0) 
thrown [s\open\src\hotspot\share\interpreter\linkResolver.cpp, line 759]
Event: 0.935 Thread 0x0000028f05ba7710 Exception <a 'java/lang/NoSuchMethodError'{0x00000000ff632f18}: 'int java.lang.invoke.DirectMethodHandle$Holder.invokeVirtual(java.lang.Object, java.lang.Object, java.lang.Object)'> (0x00000000ff632f18) 
thrown [s\open\src\hotspot\share\interpreter\linkResolver.cpp, line 759]
Event: 0.949 Thread 0x0000028f05ba7710 Exception <a 'java/lang/NoSuchMethodError'{0x00000000ff6758d0}: 'java.lang.Object java.lang.invoke.DirectMethodHandle$Holder.invokeVirtual(java.lang.Object, java.lang.Object, java.lang.Object)'> (0x00000000ff6758d0) 
thrown [s\open\src\hotspot\share\interpreter\linkResolver.cpp, line 759]
Event: 1.067 Thread 0x0000028f05ba7710 Exception <a 'java/lang/NoSuchMethodError'{0x00000000ff3f09e0}: 'java.lang.Object java.lang.invoke.DirectMethodHandle$Holder.invokeStaticInit(java.lang.Object, int, int, int, int)'> (0x00000000ff3f09e0) 
thrown [s\open\src\hotspot\share\interpreter\linkResolver.cpp, line 759]
Event: 1.169 Thread 0x0000028f05ba7710 Exception <a 'java/lang/NoSuchMethodError'{0x00000000ff2b9318}: 'java.lang.Object java.lang.invoke.DirectMethodHandle$Holder.invokeStaticInit(java.lang.Object, java.lang.Object, int, int, int, int)'> (0x00000000ff2b9318) 
thrown [s\open\src\hotspot\share\interpreter\linkResolver.cpp, line 759]
Event: 1.264 Thread 0x0000028f05ba7710 Exception <a 'java/lang/NoSuchMethodError'{0x00000000ff2e6a20}: 'void java.lang.invoke.DirectMethodHandle$Holder.invokeStatic(java.lang.Object, java.lang.Object, java.lang.Object)'> (0x00000000ff2e6a20) 
thrown [s\open\src\hotspot\share\interpreter\linkResolver.cpp, line 759]
Event: 1.285 Thread 0x0000028f05ba7710 Implicit null exception at 0x0000028f167f8472 to 0x0000028f167f8a48
Event: 1.286 Thread 0x0000028f05ba7710 Implicit null exception at 0x0000028f16800a72 to 0x0000028f16801058
Event: 4.651 Thread 0x0000028f680a1620 Exception <a 'java/lang/NoSuchMethodError'{0x00000000feaf5540}: 'void java.lang.invoke.DirectMethodHandle$Holder.invokeStatic(java.lang.Object, long)'> (0x00000000feaf5540) 
thrown [s\open\src\hotspot\share\interpreter\linkResolver.cpp, line 759]
Event: 4.652 Thread 0x0000028f680a1620 Exception <a 'java/lang/NoSuchMethodError'{0x00000000feafae98}: 'java.lang.Object java.lang.invoke.DirectMethodHandle$Holder.newInvokeSpecial(java.lang.Object, long)'> (0x00000000feafae98) 
thrown [s\open\src\hotspot\share\interpreter\linkResolver.cpp, line 759]
Event: 4.660 Thread 0x0000028f680a1620 Exception <a 'java/lang/NoSuchMethodError'{0x00000000fff06140}: 'java.lang.Object java.lang.invoke.DirectMethodHandle$Holder.invokeStaticInit(java.lang.Object, java.lang.Object, long, java.lang.Object)'> (0x00000000fff06140) 
thrown [s\open\src\hotspot\share\interpreter\linkResolver.cpp, line 759]
Event: 4.660 Thread 0x0000028f680a1620 Exception <a 'java/lang/NoSuchMethodError'{0x00000000fff0c850}: 'java.lang.Object java.lang.invoke.DirectMethodHandle$Holder.newInvokeSpecial(java.lang.Object, java.lang.Object, long)'> (0x00000000fff0c850) 
thrown [s\open\src\hotspot\share\interpreter\linkResolver.cpp, line 759]
Event: 4.660 Thread 0x0000028f680a1620 Exception <a 'java/lang/NoSuchMethodError'{0x00000000fff10d98}: 'java.lang.Object java.lang.invoke.Invokers$Holder.linkToTargetMethod(java.lang.Object, long, java.lang.Object)'> (0x00000000fff10d98) 
thrown [s\open\src\hotspot\share\interpreter\linkResolver.cpp, line 759]
Event: 105.007 Thread 0x0000028f05ba7710 Exception <a 'sun/net/ConnectionResetException'{0x00000000ffc60330}: Connection reset> (0x00000000ffc60330) 
thrown [s\open\src\hotspot\share\prims\jni.cpp, line 535]
Event: 105.017 Thread 0x0000028f05ba7710 Exception <a 'java/lang/NoSuchMethodError'{0x00000000ffce7848}: 'int java.lang.invoke.DirectMethodHandle$Holder.invokeVirtual(java.lang.Object, java.lang.Object)'> (0x00000000ffce7848) 
thrown [s\open\src\hotspot\share\interpreter\linkResolver.cpp, line 759]
Event: 105.025 Thread 0x0000028f674b6fa0 Exception <a 'java/io/IOException'{0x00000000ffc75c78}: Connection reset by peer> (0x00000000ffc75c78) 
thrown [s\open\src\hotspot\share\prims\jni.cpp, line 535]
Event: 105.053 Thread 0x0000028f05ba7710 Exception <a 'java/lang/NoSuchMethodError'{0x00000000ffb27208}: 'void java.lang.invoke.DirectMethodHandle$Holder.invokeStatic(java.lang.Object, int, java.lang.Object)'> (0x00000000ffb27208) 
thrown [s\open\src\hotspot\share\interpreter\linkResolver.cpp, line 759]

VM Operations (20 events):
Event: 73.126 Executing VM operation: Cleanup
Event: 73.127 Executing VM operation: Cleanup done
Event: 81.185 Executing VM operation: Cleanup
Event: 81.185 Executing VM operation: Cleanup done
Event: 91.265 Executing VM operation: Cleanup
Event: 91.266 Executing VM operation: Cleanup done
Event: 96.317 Executing VM operation: Cleanup
Event: 96.317 Executing VM operation: Cleanup done
Event: 98.321 Executing VM operation: Cleanup
Event: 98.321 Executing VM operation: Cleanup done
Event: 99.324 Executing VM operation: Cleanup
Event: 99.324 Executing VM operation: Cleanup done
Event: 101.341 Executing VM operation: Cleanup
Event: 101.342 Executing VM operation: Cleanup done
Event: 102.344 Executing VM operation: Cleanup
Event: 102.344 Executing VM operation: Cleanup done
Event: 105.033 Executing VM operation: HandshakeAllThreads
Event: 105.033 Executing VM operation: HandshakeAllThreads done
Event: 105.033 Executing VM operation: Cleanup
Event: 105.033 Executing VM operation: Cleanup done

Events (20 events):
Event: 32.371 loading class sun/util/logging/internal/LoggingProviderImpl$JULWrapper
Event: 32.371 loading class sun/util/logging/PlatformLogger$ConfigurableBridge$LoggerConfiguration
Event: 32.371 loading class sun/util/logging/PlatformLogger$ConfigurableBridge$LoggerConfiguration done
Event: 32.371 loading class sun/util/logging/internal/LoggingProviderImpl$JULWrapper done
Event: 32.371 loading class java/io/ObjectInputFilter
Event: 32.372 loading class java/io/ObjectInputFilter done
Event: 32.372 loading class java/io/ObjectInputFilter$Config$BuiltinFilterFactory
Event: 32.372 loading class java/io/ObjectInputFilter$Config$BuiltinFilterFactory done
Event: 32.372 loading class jdk/internal/access/JavaObjectInputFilterAccess
Event: 32.372 loading class jdk/internal/access/JavaObjectInputFilterAccess done
Event: 32.373 loading class java/lang/System$Logger$Level
Event: 32.373 loading class java/lang/System$Logger$Level done
Event: 32.373 loading class java/io/Bits
Event: 32.373 loading class java/io/Bits done
Event: 105.006 loading class sun/net/ConnectionResetException
Event: 105.007 loading class sun/net/ConnectionResetException done
Event: 105.025 Thread 0x0000028f674b6fa0 Thread exited: 0x0000028f674b6fa0
Event: 105.027 loading class java/util/concurrent/ConcurrentLinkedQueue$Itr
Event: 105.028 loading class java/util/concurrent/ConcurrentLinkedQueue$Itr done
Event: 105.058 Thread 0x0000028f21df3dd0 Thread added: 0x0000028f21df3dd0


Dynamic libraries:
0x00007ff72c2d0000 - 0x00007ff72c2e0000 	C:\Program Files\Java\jdk-22\bin\java.exe
0x00007ffb58290000 - 0x00007ffb584a7000 	C:\Windows\SYSTEM32\ntdll.dll
0x00007ffb57230000 - 0x00007ffb572f4000 	C:\Windows\System32\KERNEL32.DLL
0x00007ffb55a80000 - 0x00007ffb55e2d000 	C:\Windows\System32\KERNELBASE.dll
0x00007ffb555b0000 - 0x00007ffb556c1000 	C:\Windows\System32\ucrtbase.dll
0x00007ffb00830000 - 0x00007ffb0084b000 	C:\Program Files\Java\jdk-22\bin\VCRUNTIME140.dll
0x00007ffb22700000 - 0x00007ffb22719000 	C:\Program Files\Java\jdk-22\bin\jli.dll
0x00007ffb57320000 - 0x00007ffb573d2000 	C:\Windows\System32\ADVAPI32.dll
0x00007ffb56020000 - 0x00007ffb560c7000 	C:\Windows\System32\msvcrt.dll
0x00007ffb56880000 - 0x00007ffb56929000 	C:\Windows\System32\sechost.dll
0x00007ffb556d0000 - 0x00007ffb556f8000 	C:\Windows\System32\bcrypt.dll
0x00007ffb56f60000 - 0x00007ffb57074000 	C:\Windows\System32\RPCRT4.dll
0x00007ffb56420000 - 0x00007ffb565ce000 	C:\Windows\System32\USER32.dll
0x00007ffb55a50000 - 0x00007ffb55a76000 	C:\Windows\System32\win32u.dll
0x00007ffb39a30000 - 0x00007ffb39cc3000 	C:\Windows\WinSxS\amd64_microsoft.windows.common-controls_6595b64144ccf1df_6.0.22621.3672_none_2713b9d173822955\COMCTL32.dll
0x00007ffb565d0000 - 0x00007ffb565f9000 	C:\Windows\System32\GDI32.dll
0x00007ffb55e30000 - 0x00007ffb55f49000 	C:\Windows\System32\gdi32full.dll
0x00007ffb55930000 - 0x00007ffb559ca000 	C:\Windows\System32\msvcp_win.dll
0x00007ffb3f940000 - 0x00007ffb3f94a000 	C:\Windows\SYSTEM32\VERSION.dll
0x00007ffb571f0000 - 0x00007ffb57221000 	C:\Windows\System32\IMM32.DLL
0x00007ffb39cd0000 - 0x00007ffb39cdc000 	C:\Program Files\Java\jdk-22\bin\vcruntime140_1.dll
0x00007ffade590000 - 0x00007ffade61e000 	C:\Program Files\Java\jdk-22\bin\msvcp140.dll
0x00007ffab2030000 - 0x00007ffab2c10000 	C:\Program Files\Java\jdk-22\bin\server\jvm.dll
0x00007ffb56770000 - 0x00007ffb56778000 	C:\Windows\System32\PSAPI.DLL
0x00007ffb26b20000 - 0x00007ffb26b29000 	C:\Windows\SYSTEM32\WSOCK32.dll
0x00007ffb570e0000 - 0x00007ffb57151000 	C:\Windows\System32\WS2_32.dll
0x00007ffb4c230000 - 0x00007ffb4c264000 	C:\Windows\SYSTEM32\WINMM.dll
0x00007ffb545d0000 - 0x00007ffb545e8000 	C:\Windows\SYSTEM32\kernel.appcore.dll
0x00007ffb35e20000 - 0x00007ffb35e2a000 	C:\Program Files\Java\jdk-22\bin\jimage.dll
0x00007ffb52ea0000 - 0x00007ffb530d2000 	C:\Windows\SYSTEM32\DBGHELP.DLL
0x00007ffb573e0000 - 0x00007ffb5776e000 	C:\Windows\System32\combase.dll
0x00007ffb56290000 - 0x00007ffb56367000 	C:\Windows\System32\OLEAUT32.dll
0x00007ffb49790000 - 0x00007ffb497c2000 	C:\Windows\SYSTEM32\dbgcore.DLL
0x00007ffb559d0000 - 0x00007ffb55a4b000 	C:\Windows\System32\bcryptPrimitives.dll
0x00007ffaff6a0000 - 0x00007ffaff6c5000 	C:\Program Files\Java\jdk-22\bin\java.dll
0x00007ffade440000 - 0x00007ffade517000 	C:\Program Files\Java\jdk-22\bin\jsvml.dll
0x00007ffb579e0000 - 0x00007ffb58247000 	C:\Windows\System32\SHELL32.dll
0x00007ffb534e0000 - 0x00007ffb53ddf000 	C:\Windows\SYSTEM32\windows.storage.dll
0x00007ffb533a0000 - 0x00007ffb534df000 	C:\Windows\SYSTEM32\wintypes.dll
0x00007ffb56780000 - 0x00007ffb56879000 	C:\Windows\System32\SHCORE.dll
0x00007ffb563c0000 - 0x00007ffb5641e000 	C:\Windows\System32\shlwapi.dll
0x00007ffb554e0000 - 0x00007ffb55507000 	C:\Windows\SYSTEM32\profapi.dll
0x00007ffaff630000 - 0x00007ffaff649000 	C:\Program Files\Java\jdk-22\bin\net.dll
0x00007ffb51a20000 - 0x00007ffb51b56000 	C:\Windows\SYSTEM32\WINHTTP.dll
0x00007ffb54a30000 - 0x00007ffb54a99000 	C:\Windows\system32\mswsock.dll
0x00007ffafe790000 - 0x00007ffafe7a6000 	C:\Program Files\Java\jdk-22\bin\nio.dll
0x00007ffaff680000 - 0x00007ffaff698000 	C:\Program Files\Java\jdk-22\bin\zip.dll
0x00007ffb22770000 - 0x00007ffb22780000 	C:\Program Files\Java\jdk-22\bin\verify.dll
0x00007ffb35eb0000 - 0x00007ffb35ed7000 	C:\Users\vanam\.gradle\native\c067742578af261105cb4f569cf0c3c89f3d7b1fecec35dd04571415982c5e48\windows-amd64\native-platform.dll
0x00007ffb226f0000 - 0x00007ffb226fa000 	C:\Program Files\Java\jdk-22\bin\management.dll
0x00007ffb09c00000 - 0x00007ffb09c0b000 	C:\Program Files\Java\jdk-22\bin\management_ext.dll
0x00007ffb54cb0000 - 0x00007ffb54ccb000 	C:\Windows\SYSTEM32\CRYPTSP.dll
0x00007ffb54530000 - 0x00007ffb54565000 	C:\Windows\system32\rsaenh.dll
0x00007ffb54b10000 - 0x00007ffb54b38000 	C:\Windows\SYSTEM32\USERENV.dll
0x00007ffb54ca0000 - 0x00007ffb54cac000 	C:\Windows\SYSTEM32\CRYPTBASE.dll
0x00007ffb54080000 - 0x00007ffb540ad000 	C:\Windows\SYSTEM32\IPHLPAPI.DLL
0x00007ffb57160000 - 0x00007ffb57169000 	C:\Windows\System32\NSI.dll
0x00007ffb51960000 - 0x00007ffb51979000 	C:\Windows\SYSTEM32\dhcpcsvc6.DLL
0x00007ffb51880000 - 0x00007ffb5189f000 	C:\Windows\SYSTEM32\dhcpcsvc.DLL
0x00007ffb540b0000 - 0x00007ffb541a8000 	C:\Windows\SYSTEM32\DNSAPI.dll
0x00007ffb01780000 - 0x00007ffb0178e000 	C:\Program Files\Java\jdk-22\bin\sunmscapi.dll
0x00007ffb557c0000 - 0x00007ffb55927000 	C:\Windows\System32\CRYPT32.dll
0x00007ffb54e80000 - 0x00007ffb54eae000 	C:\Windows\SYSTEM32\ncrypt.dll
0x00007ffb54e40000 - 0x00007ffb54e77000 	C:\Windows\SYSTEM32\NTASN1.dll
0x00007ffb09f40000 - 0x00007ffb09f48000 	C:\Windows\system32\wshunix.dll

dbghelp: loaded successfully - version: 4.0.5 - missing functions: none
symbol engine: initialized successfully - sym options: 0x614 - pdb path: .;C:\Program Files\Java\jdk-22\bin;C:\Windows\SYSTEM32;C:\Windows\WinSxS\amd64_microsoft.windows.common-controls_6595b64144ccf1df_6.0.22621.3672_none_2713b9d173822955;C:\Program Files\Java\jdk-22\bin\server;C:\Users\vanam\.gradle\native\c067742578af261105cb4f569cf0c3c89f3d7b1fecec35dd04571415982c5e48\windows-amd64

VM Arguments:
jvm_args: -Xmx64m -Xms64m -Dorg.gradle.appname=gradlew 
java_command: org.gradle.wrapper.GradleWrapperMain app:installDebug -PreactNativeDevServerPort=8081
java_class_path (initial): E:\clickSolver\partnermobileapp\android\\gradle\wrapper\gradle-wrapper.jar
Launcher Type: SUN_STANDARD

[Global flags]
     intx CICompilerCount                          = 12                                        {product} {ergonomic}
     uint ConcGCThreads                            = 3                                         {product} {ergonomic}
     uint G1ConcRefinementThreads                  = 13                                        {product} {ergonomic}
   size_t G1HeapRegionSize                         = 1048576                                   {product} {ergonomic}
    uintx GCDrainStackTargetSize                   = 64                                        {product} {ergonomic}
   size_t InitialHeapSize                          = 67108864                                  {product} {command line}
   size_t MarkStackSize                            = 4194304                                   {product} {ergonomic}
   size_t MaxHeapSize                              = 67108864                                  {product} {command line}
   size_t MaxNewSize                               = 39845888                                  {product} {ergonomic}
   size_t MinHeapDeltaBytes                        = 1048576                                   {product} {ergonomic}
   size_t MinHeapSize                              = 67108864                                  {product} {command line}
    uintx NonNMethodCodeHeapSize                   = 7602480                                {pd product} {ergonomic}
    uintx NonProfiledCodeHeapSize                  = 122027880                              {pd product} {ergonomic}
    uintx ProfiledCodeHeapSize                     = 122027880                              {pd product} {ergonomic}
    uintx ReservedCodeCacheSize                    = 251658240                              {pd product} {ergonomic}
     bool SegmentedCodeCache                       = true                                      {product} {ergonomic}
   size_t SoftMaxHeapSize                          = 67108864                               {manageable} {ergonomic}
     bool UseCompressedClassPointers               = true                           {product lp64_product} {ergonomic}
     bool UseCompressedOops                        = true                           {product lp64_product} {ergonomic}
     bool UseG1GC                                  = true                                      {product} {ergonomic}
     bool UseLargePagesIndividualAllocation        = false                                  {pd product} {ergonomic}

Logging:
Log output configuration:
 #0: stdout all=warning uptime,level,tags
 #1: stderr all=off uptime,level,tags

Environment Variables:
CLASSPATH=E:\clickSolver\partnermobileapp\android\\gradle\wrapper\gradle-wrapper.jar
PATH=E:\clickSolver\partnermobileapp\node_modules\.bin;E:\clickSolver\partnermobileapp\node_modules\.bin;E:\clickSolver\node_modules\.bin;E:\node_modules\.bin;C:\Program Files\nodejs\node_modules\npm\node_modules\@npmcli\run-script\lib\node-gyp-bin;E:\clickSolver\partnermobileapp\node_modules\.bin;E:\clickSolver\partnermobileapp\node_modules\.bin;E:\clickSolver\node_modules\.bin;E:\node_modules\.bin;C:\Program Files\nodejs\node_modules\npm\node_modules\@npmcli\run-script\lib\node-gyp-bin;C:\Ruby33-x64\bin;C:\Program Files\Python310\Scripts\;C:\Program Files\Python310\;C:\Program Files\Common Files\Oracle\Java\javapath;C:\Windows\system32;C:\Windows;C:\Windows\System32\Wbem;C:\Windows\System32\WindowsPowerShell\v1.0\;C:\Windows\System32\OpenSSH\;C:\Program Files\dotnet\;C:\Program Files\Docker\Docker\resources\bin;C:\Program Files\nodejs\;C:\Program Files\Git\cmd;C:\Program Files\Java\jdk-11\bin;C:\Users\vanam\AppData\Local\Android\Sdk;C:\Users\vanam\AppData\Local\Android\Sdk\platform-tools;C:\Users\vanam\AppData\Local\Android\Sdk\ndk;C:\Users\vanam\AppData\Local\Microsoft\WindowsApps;C:\Program Files\Java\jdk-17\bin;C:\Program Files\Git\bin;C:\Users\vanam\AppData\Roaming\npm;C:\Program Files;C:\Users\vanam\AppData\Local\Programs\Microsoft VS Code\bin;C:\Users\vanam\AppData\Local\Android\Sdk\platform-tools;C:\Users\vanam\AppData\Local\Android\Sdk;C:\Users\vanam\AppData\Local\Android\Sdk\emulator;C:\Users\vanam\AppData\Local\Android\Sdk\ndk;C:\Program Files\nodejs\;
USERNAME=vanam
LANG=en_US.UTF-8
OS=Windows_NT
PROCESSOR_IDENTIFIER=Intel64 Family 6 Model 154 Stepping 3, GenuineIntel



---------------  S Y S T E M  ---------------

OS:
 Windows 11 , 64 bit Build 22621 (10.0.22621.3958)
OS uptime: 0 days 3:27 hours
Hyper-V role detected

CPU: total 16 (initial active 16) (8 cores per cpu, 2 threads per core) family 6 model 154 stepping 3 microcode 0x434, cx8, cmov, fxsr, ht, mmx, 3dnowpref, sse, sse2, sse3, ssse3, sse4.1, sse4.2, popcnt, lzcnt, tsc, tscinvbit, avx, avx2, aes, erms, clmul, bmi1, bmi2, adx, sha, fma, vzeroupper, clflush, clflushopt, clwb, hv

Memory: 4k page, system-wide physical 16068M (1513M free)
TotalPageFile size 21608M (AvailPageFile size 0M)
current process WorkingSet (physical memory assigned to process): 98M, peak: 100M
current process commit charge ("private bytes"): 177M, peak: 180M

vm_info: Java HotSpot(TM) 64-Bit Server VM (17.0.12+8-LTS-286) for windows-amd64 JRE (17.0.12+8-LTS-286), built on Jun  5 2024 06:46:59 by "mach5one" with MS VC++ 17.6 (VS2022)

END.
